#
# A fatal error has been detected by the Java Runtime Environment:
#
#  EXCEPTION_ACCESS_VIOLATION (0xc0000005) at pc=0x6536258c, pid=2792, tid=5720
#
# JRE version: Java(TM) SE Runtime Environment (8.0_40-b26) (build 1.8.0_40-b26)
# Java VM: Java HotSpot(TM) Client VM (25.40-b25 mixed mode windows-x86 )
# Problematic frame:
# C  [fannfloat.dll+0x258c]
#
# Failed to write core dump. Minidumps are not enabled by default on client versions of Windows
#
# If you would like to submit a bug report, please visit:
#   http://bugreport.java.com/bugreport/crash.jsp
# The crash happened outside the Java Virtual Machine in native code.
# See problematic frame for where to report the bug.
#

---------------  T H R E A D  ---------------

Current thread (0x00d25800):  JavaThread "Finalizer" daemon [_thread_in_native, id=5720, stack(0x00f70000,0x00fc0000)]

siginfo: ExceptionCode=0xc0000005, reading address 0x00000000

Registers:
EAX=0x00000000, EBX=0x00000000, ECX=0x00000001, EDX=0x00000000
ESP=0x00fbefd0, EBP=0x00fbefdc, ESI=0x14c42668, EDI=0x61b5014e
EIP=0x6536258c, EFLAGS=0x00010246

Top of Stack: (sp=0x00fbefd0)
0x00fbefd0:   00000001 00000000 0090b950 00fbefe8
0x00fbefe0:   1597cb67 14c42668 00fbf028 1597c782
0x00fbeff0:   1597c560 00fbf010 00000004 00000000
0x00fbf000:   00fbf250 65362550 00fbf028 1597134b
0x00fbf010:   0090b950 00fbf250 00fbf208 00fbf140
0x00fbf020:   00000000 0090b950 00fbf1e8 15977ec9
0x00fbf030:   0090b950 65362550 00fbf250 00fbf208
0x00fbf040:   00d25800 00fbf07c 00000000 15977e12 

Instructions: (pc=0x6536258c)
0x6536256c:   3b c3 74 09 50 ff d7 83 c4 04 89 5e 30 8b 46 34
0x6536257c:   3b c3 74 09 50 ff d7 83 c4 04 89 5e 34 8b 46 1c
0x6536258c:   39 18 74 0d 8b 00 50 ff d7 8b 4e 1c 83 c4 04 89
0x6536259c:   19 8b 46 1c 3b c3 74 09 50 ff d7 83 c4 04 89 5e 


Register to memory mapping:

EAX=0x00000000 is an unknown value
EBX=0x00000000 is an unknown value
ECX=0x00000001 is an unknown value
EDX=0x00000000 is an unknown value
ESP=0x00fbefd0 is pointing into the stack for thread: 0x00d25800
EBP=0x00fbefdc is pointing into the stack for thread: 0x00d25800
ESI=0x14c42668 is an unknown value
EDI=0x61b5014e is an unknown value


Stack: [0x00f70000,0x00fc0000],  sp=0x00fbefd0,  free space=315k
Native frames: (J=compiled Java code, j=interpreted, Vv=VM code, C=native code)
C  [fannfloat.dll+0x258c]
C  [jna6749662414070739794.dll+0xcb67]
C  [jna6749662414070739794.dll+0xc782]
C  [jna6749662414070739794.dll+0x7ec9]
C  [jna6749662414070739794.dll+0xc834]
C  [jna6749662414070739794.dll+0xcc4e]
j  com.googlecode.fannj.Fann.fann_destroy(Lcom/sun/jna/Pointer;)V+0
j  com.googlecode.fannj.Fann.close()V+11
j  com.googlecode.fannj.Fann.finalize()V+1
j  java.lang.System$2.invokeFinalize(Ljava/lang/Object;)V+1
j  java.lang.ref.Finalizer.runFinalizer(Lsun/misc/JavaLangAccess;)V+46
j  java.lang.ref.Finalizer.access$100(Ljava/lang/ref/Finalizer;Lsun/misc/JavaLangAccess;)V+2
j  java.lang.ref.Finalizer$FinalizerThread.run()V+45
v  ~StubRoutines::call_stub
V  [jvm.dll+0x155c05]
V  [jvm.dll+0x21b0be]
V  [jvm.dll+0x155c9e]
V  [jvm.dll+0x155e26]
V  [jvm.dll+0x155e97]
V  [jvm.dll+0xfafaf]
V  [jvm.dll+0x178f3c]
V  [jvm.dll+0x17902a]
V  [jvm.dll+0x1bd616]
C  [msvcr100.dll+0x5c556]
C  [msvcr100.dll+0x5c600]
C  [KERNEL32.DLL+0x4198]
C  [ntdll.dll+0x532b1]
C  [ntdll.dll+0x5327f]
C  0x00000000

Java frames: (J=compiled Java code, j=interpreted, Vv=VM code)
j  com.googlecode.fannj.Fann.fann_destroy(Lcom/sun/jna/Pointer;)V+0
j  com.googlecode.fannj.Fann.close()V+11
j  com.googlecode.fannj.Fann.finalize()V+1
j  java.lang.System$2.invokeFinalize(Ljava/lang/Object;)V+1
j  java.lang.ref.Finalizer.runFinalizer(Lsun/misc/JavaLangAccess;)V+46
j  java.lang.ref.Finalizer.access$100(Ljava/lang/ref/Finalizer;Lsun/misc/JavaLangAccess;)V+2
j  java.lang.ref.Finalizer$FinalizerThread.run()V+45
v  ~StubRoutines::call_stub

---------------  P R O C E S S  ---------------

Java Threads: ( => current thread )
  0x00eeb400 JavaThread "Image Animator 3" daemon [_thread_blocked, id=1112, stack(0x15800000,0x15850000)]
  0x14c61400 JavaThread "TimerQueue" daemon [_thread_blocked, id=2308, stack(0x157b0000,0x15800000)]
  0x0098b800 JavaThread "DestroyJavaVM" [_thread_blocked, id=1852, stack(0x00990000,0x009e0000)]
  0x14b50000 JavaThread "Image Fetcher 3" daemon [_thread_blocked, id=3148, stack(0x14fb0000,0x15000000)]
  0x00f14c00 JavaThread "AWT-EventQueue-0" [_thread_blocked, id=4660, stack(0x14a60000,0x14ab0000)]
  0x00eb3400 JavaThread "AWT-Windows" daemon [_thread_in_native, id=4040, stack(0x14400000,0x14450000)]
  0x00eb2800 JavaThread "AWT-Shutdown" [_thread_blocked, id=3660, stack(0x143b0000,0x14400000)]
  0x00eb2000 JavaThread "Java2D Disposer" daemon [_thread_blocked, id=2480, stack(0x14360000,0x143b0000)]
  0x00d4a000 JavaThread "Service Thread" daemon [_thread_blocked, id=1456, stack(0x03d20000,0x03d70000)]
  0x00d42c00 JavaThread "C1 CompilerThread0" daemon [_thread_blocked, id=4408, stack(0x03cd0000,0x03d20000)]
  0x00d4d800 JavaThread "Attach Listener" daemon [_thread_blocked, id=2636, stack(0x01010000,0x01060000)]
  0x00d4cc00 JavaThread "Signal Dispatcher" daemon [_thread_blocked, id=1784, stack(0x00fc0000,0x01010000)]
=>0x00d25800 JavaThread "Finalizer" daemon [_thread_in_native, id=5720, stack(0x00f70000,0x00fc0000)]
  0x00b3e800 JavaThread "Reference Handler" daemon [_thread_blocked, id=3184, stack(0x00f20000,0x00f70000)]

Other Threads:
  0x00b3bc00 VMThread [stack: 0x00cd0000,0x00d20000] [id=3480]
  0x00d4b800 WatcherThread [stack: 0x03d70000,0x03dc0000] [id=6012]

VM state:not at safepoint (normal execution)

VM Mutex/Monitor currently owned by a thread: None

Heap:
 def new generation   total 4928K, used 646K [0x03e00000, 0x04350000, 0x09350000)
  eden space 4416K,   3% used [0x03e00000, 0x03e21b38, 0x04250000)
  from space 512K, 100% used [0x042d0000, 0x04350000, 0x04350000)
  to   space 512K,   0% used [0x04250000, 0x04250000, 0x042d0000)
 tenured generation   total 10944K, used 4582K [0x09350000, 0x09e00000, 0x13e00000)
   the space 10944K,  41% used [0x09350000, 0x097c9848, 0x097c9a00, 0x09e00000)
 Metaspace       used 8652K, capacity 8856K, committed 8960K, reserved 9600K

Card table byte_map: [0x00c40000,0x00cd0000] byte_map_base: 0x00c21000

Polling page: 0x009e0000

CodeCache: size=32768Kb used=1355Kb max_used=1355Kb free=31412Kb
 bounds [0x01cd0000, 0x01e28000, 0x03cd0000]
 total_blobs=712 nmethods=472 adapters=171
 compilation: enabled

Compilation events (10 events):
Event: 7.509 Thread 0x00d42c00  469             sun.java2d.SurfaceData::markDirty (8 bytes)
Event: 7.509 Thread 0x00d42c00 nmethod 469 0x01e1d288 code [0x01e1d380, 0x01e1d410]
Event: 8.060 Thread 0x00d42c00  470             java.util.concurrent.locks.AbstractQueuedSynchronizer::compareAndSetWaitStatus (13 bytes)
Event: 8.061 Thread 0x00d42c00 nmethod 470 0x01e1d488 code [0x01e1d580, 0x01e1d610]
Event: 8.061 Thread 0x00d42c00  471             javax.swing.RepaintManager::isDoubleBufferingEnabled (5 bytes)
Event: 8.061 Thread 0x00d42c00 nmethod 471 0x01e1d648 code [0x01e1d740, 0x01e1d7c0]
Event: 8.256 Thread 0x00d42c00  472   !         javax.swing.JComponent::_paintImmediately (891 bytes)
Event: 8.266 Thread 0x00d42c00 nmethod 472 0x01e1d808 code [0x01e1dc00, 0x01e1f76c]
Event: 8.415 Thread 0x00d42c00  473             java.awt.Component::getGraphics (124 bytes)
Event: 8.416 Thread 0x00d42c00 nmethod 473 0x01e22588 code [0x01e22710, 0x01e22a44]

GC Heap History (10 events):
Event: 1.114 GC heap before
{Heap before GC invocations=0 (full 0):
 def new generation   total 4928K, used 4416K [0x03e00000, 0x04350000, 0x09350000)
  eden space 4416K, 100% used [0x03e00000, 0x04250000, 0x04250000)
  from space 512K,   0% used [0x04250000, 0x04250000, 0x042d0000)
  to   space 512K,   0% used [0x042d0000, 0x042d0000, 0x04350000)
 tenured generation   total 10944K, used 0K [0x09350000, 0x09e00000, 0x13e00000)
   the space 10944K,   0% used [0x09350000, 0x09350000, 0x09350200, 0x09e00000)
 Metaspace       used 5984K, capacity 6185K, committed 6272K, reserved 6528K
Event: 1.132 GC heap after
Heap after GC invocations=1 (full 0):
 def new generation   total 4928K, used 512K [0x03e00000, 0x04350000, 0x09350000)
  eden space 4416K,   0% used [0x03e00000, 0x03e00000, 0x04250000)
  from space 512K, 100% used [0x042d0000, 0x04350000, 0x04350000)
  to   space 512K,   0% used [0x04250000, 0x04250000, 0x042d0000)
 tenured generation   total 10944K, used 1088K [0x09350000, 0x09e00000, 0x13e00000)
   the space 10944K,   9% used [0x09350000, 0x09460190, 0x09460200, 0x09e00000)
 Metaspace       used 5984K, capacity 6185K, committed 6272K, reserved 6528K
}
Event: 1.809 GC heap before
{Heap before GC invocations=1 (full 0):
 def new generation   total 4928K, used 4928K [0x03e00000, 0x04350000, 0x09350000)
  eden space 4416K, 100% used [0x03e00000, 0x04250000, 0x04250000)
  from space 512K, 100% used [0x042d0000, 0x04350000, 0x04350000)
  to   space 512K,   0% used [0x04250000, 0x04250000, 0x042d0000)
 tenured generation   total 10944K, used 1088K [0x09350000, 0x09e00000, 0x13e00000)
   the space 10944K,   9% used [0x09350000, 0x09460190, 0x09460200, 0x09e00000)
 Metaspace       used 7608K, capacity 7790K, committed 7936K, reserved 8576K
Event: 1.827 GC heap after
Heap after GC invocations=2 (full 0):
 def new generation   total 4928K, used 512K [0x03e00000, 0x04350000, 0x09350000)
  eden space 4416K,   0% used [0x03e00000, 0x03e00000, 0x04250000)
  from space 512K, 100% used [0x04250000, 0x042d0000, 0x042d0000)
  to   space 512K,   0% used [0x042d0000, 0x042d0000, 0x04350000)
 tenured generation   total 10944K, used 3584K [0x09350000, 0x09e00000, 0x13e00000)
   the space 10944K,  32% used [0x09350000, 0x096d01f0, 0x096d0200, 0x09e00000)
 Metaspace       used 7608K, capacity 7790K, committed 7936K, reserved 8576K
}
Event: 4.119 GC heap before
{Heap before GC invocations=2 (full 0):
 def new generation   total 4928K, used 4928K [0x03e00000, 0x04350000, 0x09350000)
  eden space 4416K, 100% used [0x03e00000, 0x04250000, 0x04250000)
  from space 512K, 100% used [0x04250000, 0x042d0000, 0x042d0000)
  to   space 512K,   0% used [0x042d0000, 0x042d0000, 0x04350000)
 tenured generation   total 10944K, used 3584K [0x09350000, 0x09e00000, 0x13e00000)
   the space 10944K,  32% used [0x09350000, 0x096d01f0, 0x096d0200, 0x09e00000)
 Metaspace       used 7754K, capacity 7950K, committed 8064K, reserved 8576K
Event: 4.127 GC heap after
Heap after GC invocations=3 (full 0):
 def new generation   total 4928K, used 393K [0x03e00000, 0x04350000, 0x09350000)
  eden space 4416K,   0% used [0x03e00000, 0x03e00000, 0x04250000)
  from space 512K,  76% used [0x042d0000, 0x04332678, 0x04350000)
  to   space 512K,   0% used [0x04250000, 0x04250000, 0x042d0000)
 tenured generation   total 10944K, used 4024K [0x09350000, 0x09e00000, 0x13e00000)
   the space 10944K,  36% used [0x09350000, 0x0973e2a8, 0x0973e400, 0x09e00000)
 Metaspace       used 7754K, capacity 7950K, committed 8064K, reserved 8576K
}
Event: 6.984 GC heap before
{Heap before GC invocations=3 (full 0):
 def new generation   total 4928K, used 4809K [0x03e00000, 0x04350000, 0x09350000)
  eden space 4416K, 100% used [0x03e00000, 0x04250000, 0x04250000)
  from space 512K,  76% used [0x042d0000, 0x04332678, 0x04350000)
  to   space 512K,   0% used [0x04250000, 0x04250000, 0x042d0000)
 tenured generation   total 10944K, used 4024K [0x09350000, 0x09e00000, 0x13e00000)
   the space 10944K,  36% used [0x09350000, 0x0973e2a8, 0x0973e400, 0x09e00000)
 Metaspace       used 8021K, capacity 8216K, committed 8320K, reserved 8576K
Event: 6.989 GC heap after
Heap after GC invocations=4 (full 0):
 def new generation   total 4928K, used 414K [0x03e00000, 0x04350000, 0x09350000)
  eden space 4416K,   0% used [0x03e00000, 0x03e00000, 0x04250000)
  from space 512K,  81% used [0x04250000, 0x042b7be8, 0x042d0000)
  to   space 512K,   0% used [0x042d0000, 0x042d0000, 0x04350000)
 tenured generation   total 10944K, used 4116K [0x09350000, 0x09e00000, 0x13e00000)
   the space 10944K,  37% used [0x09350000, 0x09755020, 0x09755200, 0x09e00000)
 Metaspace       used 8021K, capacity 8216K, committed 8320K, reserved 8576K
}
Event: 8.638 GC heap before
{Heap before GC invocations=4 (full 0):
 def new generation   total 4928K, used 4830K [0x03e00000, 0x04350000, 0x09350000)
  eden space 4416K, 100% used [0x03e00000, 0x04250000, 0x04250000)
  from space 512K,  81% used [0x04250000, 0x042b7be8, 0x042d0000)
  to   space 512K,   0% used [0x042d0000, 0x042d0000, 0x04350000)
 tenured generation   total 10944K, used 4116K [0x09350000, 0x09e00000, 0x13e00000)
   the space 10944K,  37% used [0x09350000, 0x09755020, 0x09755200, 0x09e00000)
 Metaspace       used 8652K, capacity 8856K, committed 8960K, reserved 9600K
Event: 8.643 GC heap after
Heap after GC invocations=5 (full 0):
 def new generation   total 4928K, used 512K [0x03e00000, 0x04350000, 0x09350000)
  eden space 4416K,   0% used [0x03e00000, 0x03e00000, 0x04250000)
  from space 512K, 100% used [0x042d0000, 0x04350000, 0x04350000)
  to   space 512K,   0% used [0x04250000, 0x04250000, 0x042d0000)
 tenured generation   total 10944K, used 4582K [0x09350000, 0x09e00000, 0x13e00000)
   the space 10944K,  41% used [0x09350000, 0x097c9848, 0x097c9a00, 0x09e00000)
 Metaspace       used 8652K, capacity 8856K, committed 8960K, reserved 9600K
}

Deoptimization events (0 events):
No events

Internal exceptions (10 events):
Event: 0.435 Thread 0x0098b800 Exception <a 'java/security/PrivilegedActionException'> (0x03e95230) thrown at [C:\re\workspace\8-2-build-windows-i586-cygwin\jdk8u40\3098\hotspot\src\share\vm\prims\jvm.cpp, line 1382]
Event: 0.435 Thread 0x0098b800 Exception <a 'java/security/PrivilegedActionException'> (0x03e953e0) thrown at [C:\re\workspace\8-2-build-windows-i586-cygwin\jdk8u40\3098\hotspot\src\share\vm\prims\jvm.cpp, line 1382]
Event: 0.503 Thread 0x0098b800 Exception <a 'java/io/FileNotFoundException'> (0x03eec720) thrown at [C:\re\workspace\8-2-build-windows-i586-cygwin\jdk8u40\3098\hotspot\src\share\vm\prims\jni.cpp, line 709]
Event: 0.685 Thread 0x0098b800 Exception <a 'java/lang/NoSuchFieldError': method resolution failed> (0x03fc3690) thrown at [C:\re\workspace\8-2-build-windows-i586-cygwin\jdk8u40\3098\hotspot\src\share\vm\prims\methodHandles.cpp, line 1125]
Event: 0.690 Thread 0x0098b800 Exception <a 'java/lang/NoSuchFieldError': method resolution failed> (0x03fd0ba8) thrown at [C:\re\workspace\8-2-build-windows-i586-cygwin\jdk8u40\3098\hotspot\src\share\vm\prims\methodHandles.cpp, line 1125]
Event: 0.802 Thread 0x0098b800 Exception <a 'java/io/FileNotFoundException'> (0x04099720) thrown at [C:\re\workspace\8-2-build-windows-i586-cygwin\jdk8u40\3098\hotspot\src\share\vm\prims\jni.cpp, line 709]
Event: 1.187 Thread 0x14b50000 Exception <a 'java/lang/InterruptedException': sleep interrupted> (0x03e21bf0) thrown at [C:\re\workspace\8-2-build-windows-i586-cygwin\jdk8u40\3098\hotspot\src\share\vm\prims\jvm.cpp, line 3163]
Event: 5.577 Thread 0x00eeb400 Exception <a 'java/lang/InterruptedException': sleep interrupted> (0x040c0738) thrown at [C:\re\workspace\8-2-build-windows-i586-cygwin\jdk8u40\3098\hotspot\src\share\vm\prims\jvm.cpp, line 3163]
Event: 5.608 Thread 0x14b50000 Exception <a 'java/lang/InterruptedException': sleep interrupted> (0x040e4910) thrown at [C:\re\workspace\8-2-build-windows-i586-cygwin\jdk8u40\3098\hotspot\src\share\vm\prims\jvm.cpp, line 3163]
Event: 7.510 Thread 0x14b50000 Exception <a 'java/lang/InterruptedException': sleep interrupted> (0x03fdfcf8) thrown at [C:\re\workspace\8-2-build-windows-i586-cygwin\jdk8u40\3098\hotspot\src\share\vm\prims\jvm.cpp, line 3163]

Events (10 events):
Event: 7.480 loading class com/sun/jna/Library
Event: 7.480 loading class com/sun/jna/Library done
Event: 7.488 Executing VM operation: RevokeBias
Event: 7.489 Executing VM operation: RevokeBias done
Event: 8.638 Executing VM operation: GenCollectForAllocation
Event: 8.643 Executing VM operation: GenCollectForAllocation done
Event: 8.644 Executing VM operation: RevokeBias
Event: 8.644 Executing VM operation: RevokeBias done
Event: 8.644 Executing VM operation: RevokeBias
Event: 8.644 Executing VM operation: RevokeBias done


Dynamic libraries:
0x01090000 - 0x010c3000 	C:\Program Files\Java\jre1.8.0_40\bin\javaw.exe
0x77670000 - 0x777d9000 	C:\Windows\SYSTEM32\ntdll.dll
0x75920000 - 0x75a20000 	C:\Windows\system32\KERNEL32.DLL
0x750a0000 - 0x75179000 	C:\Windows\system32\KERNELBASE.dll
0x73df0000 - 0x73e90000 	C:\Windows\system32\apphelp.dll
0x5e150000 - 0x5e3b5000 	C:\Windows\AppPatch\AcGenral.DLL
0x75460000 - 0x75523000 	C:\Windows\system32\msvcrt.dll
0x75a40000 - 0x75a81000 	C:\Windows\SYSTEM32\sechost.dll
0x74d60000 - 0x74d84000 	C:\Windows\SYSTEM32\SspiCli.dll
0x75710000 - 0x75755000 	C:\Windows\system32\SHLWAPI.dll
0x73ec0000 - 0x73fae000 	C:\Windows\SYSTEM32\UxTheme.dll
0x75dd0000 - 0x75f25000 	C:\Windows\system32\USER32.dll
0x75fd0000 - 0x760e2000 	C:\Windows\system32\GDI32.dll
0x67a50000 - 0x67a73000 	C:\Windows\SYSTEM32\WINMM.dll
0x70050000 - 0x70063000 	C:\Windows\SYSTEM32\samcli.dll
0x757f0000 - 0x75918000 	C:\Windows\system32\ole32.dll
0x75f30000 - 0x75fc5000 	C:\Windows\system32\OLEAUT32.dll
0x5a830000 - 0x5a847000 	C:\Windows\SYSTEM32\MSACM32.dll
0x6f820000 - 0x6f828000 	C:\Windows\SYSTEM32\VERSION.dll
0x760f0000 - 0x7739c000 	C:\Windows\system32\SHELL32.dll
0x74690000 - 0x746ab000 	C:\Windows\SYSTEM32\USERENV.dll
0x73650000 - 0x7366a000 	C:\Windows\SYSTEM32\dwmapi.dll
0x6f4f0000 - 0x6f63b000 	C:\Windows\SYSTEM32\urlmon.dll
0x75760000 - 0x757dc000 	C:\Windows\system32\ADVAPI32.dll
0x67da0000 - 0x67e05000 	C:\Windows\SYSTEM32\WINSPOOL.DRV
0x69f10000 - 0x69f26000 	C:\Windows\SYSTEM32\MPR.dll
0x75380000 - 0x75450000 	C:\Windows\system32\RPCRT4.dll
0x75a90000 - 0x75c0d000 	C:\Windows\SYSTEM32\combase.dll
0x67a20000 - 0x67a43000 	C:\Windows\SYSTEM32\WINMMBASE.dll
0x74e90000 - 0x74e9f000 	C:\Windows\SYSTEM32\profapi.dll
0x6ef20000 - 0x6f152000 	C:\Windows\SYSTEM32\iertutil.dll
0x6f640000 - 0x6f815000 	C:\Windows\SYSTEM32\WININET.dll
0x75250000 - 0x7528c000 	C:\Windows\SYSTEM32\cfgmgr32.dll
0x74010000 - 0x74031000 	C:\Windows\SYSTEM32\DEVOBJ.dll
0x752f0000 - 0x7537b000 	C:\Windows\system32\SHCORE.DLL
0x75650000 - 0x75676000 	C:\Windows\system32\IMM32.DLL
0x75530000 - 0x75642000 	C:\Windows\system32\MSCTF.dll
0x73440000 - 0x73646000 	C:\Windows\WinSxS\x86_microsoft.windows.common-controls_6595b64144ccf1df_6.0.9600.17415_none_a9ed7f470139b3c1\COMCTL32.dll
0x61b40000 - 0x61bff000 	C:\Program Files\Java\jre1.8.0_40\bin\msvcr100.dll
0x53730000 - 0x53af0000 	C:\Program Files\Java\jre1.8.0_40\bin\client\jvm.dll
0x6fff0000 - 0x6fff8000 	C:\Windows\SYSTEM32\WSOCK32.dll
0x75450000 - 0x75456000 	C:\Windows\system32\PSAPI.DLL
0x75c10000 - 0x75c60000 	C:\Windows\system32\WS2_32.dll
0x757e0000 - 0x757e7000 	C:\Windows\system32\NSI.dll
0x688c0000 - 0x688cc000 	C:\Program Files\Java\jre1.8.0_40\bin\verify.dll
0x686a0000 - 0x686c1000 	C:\Program Files\Java\jre1.8.0_40\bin\java.dll
0x68680000 - 0x68693000 	C:\Program Files\Java\jre1.8.0_40\bin\zip.dll
0x53ed0000 - 0x54015000 	C:\Program Files\Java\jre1.8.0_40\bin\awt.dll
0x74040000 - 0x74049000 	C:\Windows\SYSTEM32\kernel.appcore.dll
0x74df0000 - 0x74dfa000 	C:\Windows\SYSTEM32\CRYPTBASE.dll
0x74d90000 - 0x74de4000 	C:\Windows\SYSTEM32\bcryptPrimitives.dll
0x68660000 - 0x68675000 	C:\Program Files\Java\jre1.8.0_40\bin\net.dll
0x74870000 - 0x748bb000 	C:\Windows\system32\mswsock.dll
0x68790000 - 0x687c9000 	C:\Program Files\Java\jre1.8.0_40\bin\fontmanager.dll
0x75680000 - 0x7570d000 	C:\Windows\SYSTEM32\clbcatq.dll
0x73160000 - 0x732cb000 	C:\Windows\SYSTEM32\WindowsCodecs.dll
0x748c0000 - 0x748d9000 	C:\Windows\SYSTEM32\CRYPTSP.dll
0x74500000 - 0x74530000 	C:\Windows\system32\rsaenh.dll
0x74b00000 - 0x74b20000 	C:\Windows\SYSTEM32\bcrypt.dll
0x688b0000 - 0x688bf000 	C:\Program Files\Java\jre1.8.0_40\bin\nio.dll
0x65380000 - 0x653b0000 	C:\Program Files\Java\jre1.8.0_40\bin\t2k.dll
0x65360000 - 0x65373000 	C:\Users\David\Downloads\FANN\bin\fannfloat.dll
0x71170000 - 0x71190000 	C:\Windows\SYSTEM32\IPHLPAPI.DLL
0x71160000 - 0x71168000 	C:\Windows\SYSTEM32\WINNSI.DLL
0x705d0000 - 0x705e3000 	C:\Windows\SYSTEM32\dhcpcsvc6.DLL
0x706e0000 - 0x706f4000 	C:\Windows\SYSTEM32\dhcpcsvc.DLL
0x15970000 - 0x159c5000 	C:\Users\David\AppData\Local\Temp\jna6749662414070739794.dll
0x63480000 - 0x635c1000 	C:\Windows\SYSTEM32\dbghelp.dll

VM Arguments:
jvm_args: -Dfile.encoding=Cp1252 
java_command: Main
java_class_path (initial): C:\Users\David\Documents\GitHub\SistemasInteligentes\Desktop App\Inteligentes\bin;C:\Users\David\Documents\GitHub\SistemasInteligentes\Desktop App\Inteligentes\mysql-connector-java-3.0.17-ga-bin.jar;C:\Users\David\Documents\GitHub\SistemasInteligentes\Desktop App\Inteligentes\jna.jar;C:\Users\David\Documents\GitHub\SistemasInteligentes\Desktop App\Inteligentes\fannj-0.6.jar
Launcher Type: SUN_STANDARD

Environment Variables:
JAVA_HOME=C:\Program Files\Java\jdk1.8.0_40\bin
PATH=C:/Program Files/Java/jre1.8.0_40/bin/client;C:/Program Files/Java/jre1.8.0_40/bin;C:/Program Files/Java/jre1.8.0_40/lib/i386;C:\ProgramData\Oracle\Java\javapath;C:\Windows\system32;C:\Windows;C:\Windows\System32\Wbem;C:\Windows\System32\WindowsPowerShell\v1.0\;C:\Program Files\Java\jdk1.8.0_40\bin;C:\Program Files\Skype\Phone\;C:\Program Files\SourceGear\Common\DiffMerge\;C:\Program Files\Eclipse-Luna-Java\eclipse;
USERNAME=David
OS=Windows_NT
PROCESSOR_IDENTIFIER=x86 Family 6 Model 69 Stepping 1, GenuineIntel



---------------  S Y S T E M  ---------------

OS: Windows 8.1 Build 9600 (6.3.9600.17415)

CPU:total 2 (2 cores per cpu, 1 threads per core) family 6 model 69 stepping 1, cmov, cx8, fxsr, mmx, sse, sse2, sse3, ssse3, sse4.1, sse4.2, popcnt, clmul, erms, lzcnt, tsc, tscinvbit

Memory: 4k page, physical 1972588k(351316k free), swap 2890092k(477072k free)

vm_info: Java HotSpot(TM) Client VM (25.40-b25) for windows-x86 JRE (1.8.0_40-b26), built on Mar  7 2015 13:51:08 by "java_re" with MS VC++ 10.0 (VS2010)

time: Thu Apr 16 22:36:31 2015
elapsed time: 8 seconds (0d 0h 0m 8s)

