#
# A fatal error has been detected by the Java Runtime Environment:
#
#  EXCEPTION_ACCESS_VIOLATION (0xc0000005) at pc=0x6a691c5e, pid=2080, tid=4348
#
# JRE version: Java(TM) SE Runtime Environment (8.0_40-b26) (build 1.8.0_40-b26)
# Java VM: Java HotSpot(TM) Client VM (25.40-b25 mixed mode windows-x86 )
# Problematic frame:
# C  [fannfloat.dll+0x1c5e]
#
# Failed to write core dump. Minidumps are not enabled by default on client versions of Windows
#
# If you would like to submit a bug report, please visit:
#   http://bugreport.java.com/bugreport/crash.jsp
# The crash happened outside the Java Virtual Machine in native code.
# See problematic frame for where to report the bug.
#

---------------  T H R E A D  ---------------

Current thread (0x14a46400):  JavaThread "AWT-EventQueue-0" [_thread_in_native, id=4348, stack(0x15440000,0x15490000)]

siginfo: ExceptionCode=0xc0000005, reading address 0x0000001c

Registers:
EAX=0x1548e0e4, EBX=0x0129bbe0, ECX=0x00000001, EDX=0x00000000
ESP=0x1548e0b4, EBP=0x1548e0d8, ESI=0x00000000, EDI=0x00000002
EIP=0x6a691c5e, EFLAGS=0x00010212

Top of Stack: (sp=0x1548e0b4)
0x1548e0b4:   00000000 0129bbe0 0129bac8 00000000
0x1548e0c4:   0129bbe0 00000000 00000002 1548e0e8
0x1548e0d4:   163bcb61 1548e0e8 163bcb67 00000000
0x1548e0e4:   1551baf8 1548e128 163bc782 163bc560
0x1548e0f4:   1548e110 00000008 00000001 1548e350
0x1548e104:   6a691c50 00000004 1548e150 0129bbe0
0x1548e114:   1548e350 1548e308 54b7dd94 00000005
0x1548e124:   00000006 1548e2e8 163b7ec9 0129bbe0 

Instructions: (pc=0x6a691c5e)
0x6a691c3e:   ff ff ff 5f 5e 8b c3 5b 8b e5 5d c2 08 00 cc cc
0x6a691c4e:   cc cc 55 8b ec 83 e4 f8 83 ec 1c 53 56 8b 75 08
0x6a691c5e:   8b 46 1c 8b 08 8b 56 28 33 c0 57 85 d2 74 13 8b
0x6a691c6e:   7d 0c 83 c1 0c d9 04 87 40 d9 19 83 c1 18 3b c2 


Register to memory mapping:

EAX=0x1548e0e4 is pointing into the stack for thread: 0x14a46400
EBX=0x0129bbe0 is an unknown value
ECX=0x00000001 is an unknown value
EDX=0x00000000 is an unknown value
ESP=0x1548e0b4 is pointing into the stack for thread: 0x14a46400
EBP=0x1548e0d8 is pointing into the stack for thread: 0x14a46400
ESI=0x00000000 is an unknown value
EDI=0x00000002 is an unknown value


Stack: [0x15440000,0x15490000],  sp=0x1548e0b4,  free space=312k
Native frames: (J=compiled Java code, j=interpreted, Vv=VM code, C=native code)
C  [fannfloat.dll+0x1c5e]
C  [jna6816262725086547547.dll+0xcb67]
C  [jna6816262725086547547.dll+0xc782]
C  [jna6816262725086547547.dll+0x7ec9]
C  [jna6816262725086547547.dll+0xc834]
C  [jna6816262725086547547.dll+0xcc4e]
j  com.googlecode.fannj.Fann.fann_run(Lcom/sun/jna/Pointer;[F)Lcom/sun/jna/Pointer;+0
j  com.googlecode.fannj.Fann.run([F)[F+5
j  ParseNeural.main()V+146
j  Main$4.actionPerformed(Ljava/awt/event/ActionEvent;)V+8
j  javax.swing.AbstractButton.fireActionPerformed(Ljava/awt/event/ActionEvent;)V+83
j  javax.swing.AbstractButton$Handler.actionPerformed(Ljava/awt/event/ActionEvent;)V+5
j  javax.swing.DefaultButtonModel.fireActionPerformed(Ljava/awt/event/ActionEvent;)V+34
j  javax.swing.DefaultButtonModel.setPressed(Z)V+117
j  javax.swing.plaf.basic.BasicButtonListener.mouseReleased(Ljava/awt/event/MouseEvent;)V+35
j  java.awt.Component.processMouseEvent(Ljava/awt/event/MouseEvent;)V+64
j  javax.swing.JComponent.processMouseEvent(Ljava/awt/event/MouseEvent;)V+23
j  java.awt.Component.processEvent(Ljava/awt/AWTEvent;)V+81
j  java.awt.Container.processEvent(Ljava/awt/AWTEvent;)V+18
j  java.awt.Component.dispatchEventImpl(Ljava/awt/AWTEvent;)V+589
j  java.awt.Container.dispatchEventImpl(Ljava/awt/AWTEvent;)V+42
j  java.awt.Component.dispatchEvent(Ljava/awt/AWTEvent;)V+2
j  java.awt.LightweightDispatcher.retargetMouseEvent(Ljava/awt/Component;ILjava/awt/event/MouseEvent;)V+327
j  java.awt.LightweightDispatcher.processMouseEvent(Ljava/awt/event/MouseEvent;)Z+143
j  java.awt.LightweightDispatcher.dispatchEvent(Ljava/awt/AWTEvent;)Z+50
j  java.awt.Container.dispatchEventImpl(Ljava/awt/AWTEvent;)V+12
j  java.awt.Window.dispatchEventImpl(Ljava/awt/AWTEvent;)V+19
j  java.awt.Component.dispatchEvent(Ljava/awt/AWTEvent;)V+2
j  java.awt.EventQueue.dispatchEventImpl(Ljava/awt/AWTEvent;Ljava/lang/Object;)V+41
j  java.awt.EventQueue.access$500(Ljava/awt/EventQueue;Ljava/awt/AWTEvent;Ljava/lang/Object;)V+3
j  java.awt.EventQueue$3.run()Ljava/lang/Void;+32
j  java.awt.EventQueue$3.run()Ljava/lang/Object;+1
v  ~StubRoutines::call_stub
V  [jvm.dll+0x155c05]
V  [jvm.dll+0x21b0be]
V  [jvm.dll+0x155c9e]
V  [jvm.dll+0x106eaf]
C  [java.dll+0x102f]
j  java.security.ProtectionDomain$1.doIntersectionPrivilege(Ljava/security/PrivilegedAction;Ljava/security/AccessControlContext;Ljava/security/AccessControlContext;)Ljava/lang/Object;+28
j  java.security.ProtectionDomain$1.doIntersectionPrivilege(Ljava/security/PrivilegedAction;Ljava/security/AccessControlContext;)Ljava/lang/Object;+6
j  java.awt.EventQueue$4.run()Ljava/lang/Void;+11
j  java.awt.EventQueue$4.run()Ljava/lang/Object;+1
v  ~StubRoutines::call_stub
V  [jvm.dll+0x155c05]
V  [jvm.dll+0x21b0be]
V  [jvm.dll+0x155c9e]
V  [jvm.dll+0x106eaf]
C  [java.dll+0x102f]
j  java.security.ProtectionDomain$1.doIntersectionPrivilege(Ljava/security/PrivilegedAction;Ljava/security/AccessControlContext;Ljava/security/AccessControlContext;)Ljava/lang/Object;+28
j  java.awt.EventQueue.dispatchEvent(Ljava/awt/AWTEvent;)V+73
j  java.awt.EventDispatchThread.pumpOneEventForFilters(I)V+245
j  java.awt.EventDispatchThread.pumpEventsForFilter(ILjava/awt/Conditional;Ljava/awt/EventFilter;)V+35
j  java.awt.EventDispatchThread.pumpEventsForHierarchy(ILjava/awt/Conditional;Ljava/awt/Component;)V+11
j  java.awt.EventDispatchThread.pumpEvents(ILjava/awt/Conditional;)V+4
j  java.awt.EventDispatchThread.pumpEvents(Ljava/awt/Conditional;)V+3
j  java.awt.EventDispatchThread.run()V+9
v  ~StubRoutines::call_stub
V  [jvm.dll+0x155c05]
V  [jvm.dll+0x21b0be]
V  [jvm.dll+0x155c9e]
V  [jvm.dll+0x155e26]
V  [jvm.dll+0x155e97]
V  [jvm.dll+0xfafaf]
V  [jvm.dll+0x178f3c]
V  [jvm.dll+0x17902a]
V  [jvm.dll+0x1bd616]
C  [msvcr100.dll+0x5c556]
C  [msvcr100.dll+0x5c600]
C  [KERNEL32.DLL+0x4198]
C  [ntdll.dll+0x5601b]
C  [ntdll.dll+0x55fe9]
C  0x00000000

Java frames: (J=compiled Java code, j=interpreted, Vv=VM code)
j  com.googlecode.fannj.Fann.fann_run(Lcom/sun/jna/Pointer;[F)Lcom/sun/jna/Pointer;+0
j  com.googlecode.fannj.Fann.run([F)[F+5
j  ParseNeural.main()V+146
j  Main$4.actionPerformed(Ljava/awt/event/ActionEvent;)V+8
j  javax.swing.AbstractButton.fireActionPerformed(Ljava/awt/event/ActionEvent;)V+83
j  javax.swing.AbstractButton$Handler.actionPerformed(Ljava/awt/event/ActionEvent;)V+5
j  javax.swing.DefaultButtonModel.fireActionPerformed(Ljava/awt/event/ActionEvent;)V+34
j  javax.swing.DefaultButtonModel.setPressed(Z)V+117
j  javax.swing.plaf.basic.BasicButtonListener.mouseReleased(Ljava/awt/event/MouseEvent;)V+35
j  java.awt.Component.processMouseEvent(Ljava/awt/event/MouseEvent;)V+64
j  javax.swing.JComponent.processMouseEvent(Ljava/awt/event/MouseEvent;)V+23
j  java.awt.Component.processEvent(Ljava/awt/AWTEvent;)V+81
j  java.awt.Container.processEvent(Ljava/awt/AWTEvent;)V+18
j  java.awt.Component.dispatchEventImpl(Ljava/awt/AWTEvent;)V+589
j  java.awt.Container.dispatchEventImpl(Ljava/awt/AWTEvent;)V+42
j  java.awt.Component.dispatchEvent(Ljava/awt/AWTEvent;)V+2
j  java.awt.LightweightDispatcher.retargetMouseEvent(Ljava/awt/Component;ILjava/awt/event/MouseEvent;)V+327
j  java.awt.LightweightDispatcher.processMouseEvent(Ljava/awt/event/MouseEvent;)Z+143
j  java.awt.LightweightDispatcher.dispatchEvent(Ljava/awt/AWTEvent;)Z+50
j  java.awt.Container.dispatchEventImpl(Ljava/awt/AWTEvent;)V+12
j  java.awt.Window.dispatchEventImpl(Ljava/awt/AWTEvent;)V+19
j  java.awt.Component.dispatchEvent(Ljava/awt/AWTEvent;)V+2
j  java.awt.EventQueue.dispatchEventImpl(Ljava/awt/AWTEvent;Ljava/lang/Object;)V+41
j  java.awt.EventQueue.access$500(Ljava/awt/EventQueue;Ljava/awt/AWTEvent;Ljava/lang/Object;)V+3
j  java.awt.EventQueue$3.run()Ljava/lang/Void;+32
j  java.awt.EventQueue$3.run()Ljava/lang/Object;+1
v  ~StubRoutines::call_stub
j  java.security.AccessController.doPrivileged(Ljava/security/PrivilegedAction;Ljava/security/AccessControlContext;)Ljava/lang/Object;+0
j  java.security.ProtectionDomain$1.doIntersectionPrivilege(Ljava/security/PrivilegedAction;Ljava/security/AccessControlContext;Ljava/security/AccessControlContext;)Ljava/lang/Object;+28
j  java.security.ProtectionDomain$1.doIntersectionPrivilege(Ljava/security/PrivilegedAction;Ljava/security/AccessControlContext;)Ljava/lang/Object;+6
j  java.awt.EventQueue$4.run()Ljava/lang/Void;+11
j  java.awt.EventQueue$4.run()Ljava/lang/Object;+1
v  ~StubRoutines::call_stub
j  java.security.AccessController.doPrivileged(Ljava/security/PrivilegedAction;Ljava/security/AccessControlContext;)Ljava/lang/Object;+0
j  java.security.ProtectionDomain$1.doIntersectionPrivilege(Ljava/security/PrivilegedAction;Ljava/security/AccessControlContext;Ljava/security/AccessControlContext;)Ljava/lang/Object;+28
j  java.awt.EventQueue.dispatchEvent(Ljava/awt/AWTEvent;)V+73
j  java.awt.EventDispatchThread.pumpOneEventForFilters(I)V+245
j  java.awt.EventDispatchThread.pumpEventsForFilter(ILjava/awt/Conditional;Ljava/awt/EventFilter;)V+35
j  java.awt.EventDispatchThread.pumpEventsForHierarchy(ILjava/awt/Conditional;Ljava/awt/Component;)V+11
j  java.awt.EventDispatchThread.pumpEvents(ILjava/awt/Conditional;)V+4
j  java.awt.EventDispatchThread.pumpEvents(Ljava/awt/Conditional;)V+3
j  java.awt.EventDispatchThread.run()V+9
v  ~StubRoutines::call_stub

---------------  P R O C E S S  ---------------

Java Threads: ( => current thread )
  0x1564dc00 JavaThread "Image Fetcher 3" daemon [_thread_blocked, id=4576, stack(0x16240000,0x16290000)]
  0x021cb800 JavaThread "DestroyJavaVM" [_thread_blocked, id=2516, stack(0x01210000,0x01260000)]
  0x15608000 JavaThread "TimerQueue" daemon [_thread_blocked, id=1264, stack(0x161f0000,0x16240000)]
  0x154d9400 JavaThread "Image Animator 2" daemon [_thread_blocked, id=2988, stack(0x15990000,0x159e0000)]
=>0x14a46400 JavaThread "AWT-EventQueue-0" [_thread_in_native, id=4348, stack(0x15440000,0x15490000)]
  0x149ed800 JavaThread "AWT-Windows" daemon [_thread_in_native, id=5868, stack(0x14de0000,0x14e30000)]
  0x149ec800 JavaThread "AWT-Shutdown" [_thread_blocked, id=5856, stack(0x14d90000,0x14de0000)]
  0x149ea000 JavaThread "Java2D Disposer" daemon [_thread_blocked, id=4352, stack(0x14d40000,0x14d90000)]
  0x14889800 JavaThread "Service Thread" daemon [_thread_blocked, id=5232, stack(0x14ba0000,0x14bf0000)]
  0x14882400 JavaThread "C1 CompilerThread0" daemon [_thread_blocked, id=5168, stack(0x14b50000,0x14ba0000)]
  0x14881400 JavaThread "Attach Listener" daemon [_thread_blocked, id=4316, stack(0x14b00000,0x14b50000)]
  0x1488c000 JavaThread "Signal Dispatcher" daemon [_thread_blocked, id=3196, stack(0x14ab0000,0x14b00000)]
  0x14865800 JavaThread "Finalizer" daemon [_thread_blocked, id=5992, stack(0x14a60000,0x14ab0000)]
  0x0217e800 JavaThread "Reference Handler" daemon [_thread_blocked, id=3284, stack(0x043b0000,0x04400000)]

Other Threads:
  0x0217bc00 VMThread [stack: 0x04360000,0x043b0000] [id=4792]
  0x148b1400 WatcherThread [stack: 0x14bf0000,0x14c40000] [id=3516]

VM state:not at safepoint (normal execution)

VM Mutex/Monitor currently owned by a thread: None

Heap:
 def new generation   total 4928K, used 3185K [0x04400000, 0x04950000, 0x09950000)
  eden space 4416K,  67% used [0x04400000, 0x046e5d28, 0x04850000)
  from space 512K,  42% used [0x048d0000, 0x04906710, 0x04950000)
  to   space 512K,   0% used [0x04850000, 0x04850000, 0x048d0000)
 tenured generation   total 10944K, used 4104K [0x09950000, 0x0a400000, 0x14400000)
   the space 10944K,  37% used [0x09950000, 0x09d52218, 0x09d52400, 0x0a400000)
 Metaspace       used 8576K, capacity 8760K, committed 8832K, reserved 9600K

Card table byte_map: [0x02260000,0x022f0000] byte_map_base: 0x0223e000

Polling page: 0x01260000

CodeCache: size=32768Kb used=1225Kb max_used=1225Kb free=31542Kb
 bounds [0x02360000, 0x02498000, 0x04360000]
 total_blobs=627 nmethods=387 adapters=171
 compilation: enabled

Compilation events (10 events):
Event: 6.189 Thread 0x14882400  385             javax.swing.RepaintManager::getDelegate (14 bytes)
Event: 6.189 Thread 0x14882400 nmethod 385 0x0248ed08 code [0x0248ee10, 0x0248eebc]
Event: 6.189 Thread 0x14882400  386             com.sun.java.swing.SwingUtilities3::getDelegateRepaintManager (73 bytes)
Event: 6.191 Thread 0x14882400 nmethod 386 0x0248ef48 code [0x0248f0c0, 0x0248f498]
Event: 6.200 Thread 0x14882400  387  s!         sun.misc.URLClassPath::getLoader (197 bytes)
Event: 6.203 Thread 0x14882400 nmethod 387 0x0248f7c8 code [0x0248fa20, 0x02490b2c]
Event: 6.204 Thread 0x14882400  388  s          sun.misc.URLClassPath::getNextLoader (88 bytes)
Event: 6.205 Thread 0x14882400 nmethod 388 0x02491c88 code [0x02491dd0, 0x024921c4]
Event: 6.210 Thread 0x14882400  389             java.lang.Class::getClassLoader0 (5 bytes)
Event: 6.210 Thread 0x14882400 nmethod 389 0x02492508 code [0x02492600, 0x02492680]

GC Heap History (6 events):
Event: 1.389 GC heap before
{Heap before GC invocations=0 (full 0):
 def new generation   total 4928K, used 4416K [0x04400000, 0x04950000, 0x09950000)
  eden space 4416K, 100% used [0x04400000, 0x04850000, 0x04850000)
  from space 512K,   0% used [0x04850000, 0x04850000, 0x048d0000)
  to   space 512K,   0% used [0x048d0000, 0x048d0000, 0x04950000)
 tenured generation   total 10944K, used 0K [0x09950000, 0x0a400000, 0x14400000)
   the space 10944K,   0% used [0x09950000, 0x09950000, 0x09950200, 0x0a400000)
 Metaspace       used 5924K, capacity 6121K, committed 6272K, reserved 6528K
Event: 1.407 GC heap after
Heap after GC invocations=1 (full 0):
 def new generation   total 4928K, used 512K [0x04400000, 0x04950000, 0x09950000)
  eden space 4416K,   0% used [0x04400000, 0x04400000, 0x04850000)
  from space 512K, 100% used [0x048d0000, 0x04950000, 0x04950000)
  to   space 512K,   0% used [0x04850000, 0x04850000, 0x048d0000)
 tenured generation   total 10944K, used 1038K [0x09950000, 0x0a400000, 0x14400000)
   the space 10944K,   9% used [0x09950000, 0x09a539a8, 0x09a53a00, 0x0a400000)
 Metaspace       used 5924K, capacity 6121K, committed 6272K, reserved 6528K
}
Event: 2.191 GC heap before
{Heap before GC invocations=1 (full 0):
 def new generation   total 4928K, used 4928K [0x04400000, 0x04950000, 0x09950000)
  eden space 4416K, 100% used [0x04400000, 0x04850000, 0x04850000)
  from space 512K, 100% used [0x048d0000, 0x04950000, 0x04950000)
  to   space 512K,   0% used [0x04850000, 0x04850000, 0x048d0000)
 tenured generation   total 10944K, used 1038K [0x09950000, 0x0a400000, 0x14400000)
   the space 10944K,   9% used [0x09950000, 0x09a539a8, 0x09a53a00, 0x0a400000)
 Metaspace       used 7648K, capacity 7854K, committed 7936K, reserved 8576K
Event: 2.209 GC heap after
Heap after GC invocations=2 (full 0):
 def new generation   total 4928K, used 512K [0x04400000, 0x04950000, 0x09950000)
  eden space 4416K,   0% used [0x04400000, 0x04400000, 0x04850000)
  from space 512K, 100% used [0x04850000, 0x048d0000, 0x048d0000)
  to   space 512K,   0% used [0x048d0000, 0x048d0000, 0x04950000)
 tenured generation   total 10944K, used 3668K [0x09950000, 0x0a400000, 0x14400000)
   the space 10944K,  33% used [0x09950000, 0x09ce53c8, 0x09ce5400, 0x0a400000)
 Metaspace       used 7648K, capacity 7854K, committed 7936K, reserved 8576K
}
Event: 4.812 GC heap before
{Heap before GC invocations=2 (full 0):
 def new generation   total 4928K, used 4919K [0x04400000, 0x04950000, 0x09950000)
  eden space 4416K,  99% used [0x04400000, 0x0484dcc0, 0x04850000)
  from space 512K, 100% used [0x04850000, 0x048d0000, 0x048d0000)
  to   space 512K,   0% used [0x048d0000, 0x048d0000, 0x04950000)
 tenured generation   total 10944K, used 3668K [0x09950000, 0x0a400000, 0x14400000)
   the space 10944K,  33% used [0x09950000, 0x09ce53c8, 0x09ce5400, 0x0a400000)
 Metaspace       used 7964K, capacity 8152K, committed 8320K, reserved 8576K
Event: 4.820 GC heap after
Heap after GC invocations=3 (full 0):
 def new generation   total 4928K, used 217K [0x04400000, 0x04950000, 0x09950000)
  eden space 4416K,   0% used [0x04400000, 0x04400000, 0x04850000)
  from space 512K,  42% used [0x048d0000, 0x04906710, 0x04950000)
  to   space 512K,   0% used [0x04850000, 0x04850000, 0x048d0000)
 tenured generation   total 10944K, used 4104K [0x09950000, 0x0a400000, 0x14400000)
   the space 10944K,  37% used [0x09950000, 0x09d52218, 0x09d52400, 0x0a400000)
 Metaspace       used 7964K, capacity 8152K, committed 8320K, reserved 8576K
}

Deoptimization events (0 events):
No events

Internal exceptions (10 events):
Event: 0.487 Thread 0x021cb800 Exception <a 'java/security/PrivilegedActionException'> (0x04491be0) thrown at [C:\re\workspace\8-2-build-windows-i586-cygwin\jdk8u40\3098\hotspot\src\share\vm\prims\jvm.cpp, line 1382]
Event: 0.493 Thread 0x021cb800 Exception <a 'java/security/PrivilegedActionException'> (0x04495260) thrown at [C:\re\workspace\8-2-build-windows-i586-cygwin\jdk8u40\3098\hotspot\src\share\vm\prims\jvm.cpp, line 1382]
Event: 0.493 Thread 0x021cb800 Exception <a 'java/security/PrivilegedActionException'> (0x04495410) thrown at [C:\re\workspace\8-2-build-windows-i586-cygwin\jdk8u40\3098\hotspot\src\share\vm\prims\jvm.cpp, line 1382]
Event: 0.717 Thread 0x021cb800 Exception <a 'java/io/FileNotFoundException'> (0x044ec750) thrown at [C:\re\workspace\8-2-build-windows-i586-cygwin\jdk8u40\3098\hotspot\src\share\vm\prims\jni.cpp, line 709]
Event: 0.923 Thread 0x021cb800 Exception <a 'java/lang/NoSuchFieldError': method resolution failed> (0x045c36c0) thrown at [C:\re\workspace\8-2-build-windows-i586-cygwin\jdk8u40\3098\hotspot\src\share\vm\prims\methodHandles.cpp, line 1125]
Event: 0.929 Thread 0x021cb800 Exception <a 'java/lang/NoSuchFieldError': method resolution failed> (0x045d0bd8) thrown at [C:\re\workspace\8-2-build-windows-i586-cygwin\jdk8u40\3098\hotspot\src\share\vm\prims\methodHandles.cpp, line 1125]
Event: 1.065 Thread 0x021cb800 Exception <a 'java/io/FileNotFoundException'> (0x04699750) thrown at [C:\re\workspace\8-2-build-windows-i586-cygwin\jdk8u40\3098\hotspot\src\share\vm\prims\jni.cpp, line 709]
Event: 1.431 Thread 0x154d9400 Exception <a 'java/lang/InterruptedException': sleep interrupted> (0x04442ae8) thrown at [C:\re\workspace\8-2-build-windows-i586-cygwin\jdk8u40\3098\hotspot\src\share\vm\prims\jvm.cpp, line 3163]
Event: 4.134 Thread 0x1564dc00 Exception <a 'java/lang/InterruptedException': sleep interrupted> (0x04759f50) thrown at [C:\re\workspace\8-2-build-windows-i586-cygwin\jdk8u40\3098\hotspot\src\share\vm\prims\jvm.cpp, line 3163]
Event: 4.156 Thread 0x154d9400 Exception <a 'java/lang/InterruptedException': sleep interrupted> (0x0477ddd8) thrown at [C:\re\workspace\8-2-build-windows-i586-cygwin\jdk8u40\3098\hotspot\src\share\vm\prims\jvm.cpp, line 3163]

Events (10 events):
Event: 6.201 loading class com/sun/jna/FunctionParameterContext
Event: 6.201 loading class com/sun/jna/FunctionParameterContext done
Event: 6.203 loading class java/lang/SecurityException
Event: 6.203 loading class java/lang/SecurityException done
Event: 6.204 loading class com/sun/jna/MethodResultContext
Event: 6.204 loading class com/sun/jna/MethodResultContext done
Event: 6.206 loading class com/sun/jna/FunctionResultContext
Event: 6.206 loading class com/sun/jna/FunctionResultContext done
Event: 6.211 loading class com/sun/jna/Library
Event: 6.211 loading class com/sun/jna/Library done


Dynamic libraries:
0x002d0000 - 0x00303000 	C:\Program Files\Java\jre1.8.0_40\bin\javaw.exe
0x77e40000 - 0x77fa9000 	C:\Windows\SYSTEM32\ntdll.dll
0x75e30000 - 0x75f30000 	C:\Windows\system32\KERNEL32.DLL
0x75980000 - 0x75a59000 	C:\Windows\system32\KERNELBASE.dll
0x745c0000 - 0x74660000 	C:\Windows\system32\apphelp.dll
0x786c0000 - 0x78925000 	C:\Windows\AppPatch\AcGenral.DLL
0x75cd0000 - 0x75d93000 	C:\Windows\system32\msvcrt.dll
0x77d20000 - 0x77d61000 	C:\Windows\SYSTEM32\sechost.dll
0x75530000 - 0x75554000 	C:\Windows\SYSTEM32\SspiCli.dll
0x75ab0000 - 0x75af5000 	C:\Windows\system32\SHLWAPI.dll
0x74680000 - 0x7476e000 	C:\Windows\SYSTEM32\UxTheme.dll
0x764c0000 - 0x76615000 	C:\Windows\system32\USER32.dll
0x76310000 - 0x76422000 	C:\Windows\system32\GDI32.dll
0x67cf0000 - 0x67d13000 	C:\Windows\SYSTEM32\WINMM.dll
0x70820000 - 0x70833000 	C:\Windows\SYSTEM32\samcli.dll
0x75b00000 - 0x75c28000 	C:\Windows\system32\ole32.dll
0x77b60000 - 0x77bf5000 	C:\Windows\system32\OLEAUT32.dll
0x669a0000 - 0x669b7000 	C:\Windows\SYSTEM32\MSACM32.dll
0x6fc10000 - 0x6fc18000 	C:\Windows\SYSTEM32\VERSION.dll
0x768b0000 - 0x77b5c000 	C:\Windows\system32\SHELL32.dll
0x74e10000 - 0x74e2b000 	C:\Windows\SYSTEM32\USERENV.dll
0x73f70000 - 0x73f8a000 	C:\Windows\SYSTEM32\dwmapi.dll
0x6f600000 - 0x6f74b000 	C:\Windows\SYSTEM32\urlmon.dll
0x767a0000 - 0x7681c000 	C:\Windows\system32\ADVAPI32.dll
0x6a130000 - 0x6a195000 	C:\Windows\SYSTEM32\WINSPOOL.DRV
0x6a040000 - 0x6a056000 	C:\Windows\SYSTEM32\MPR.dll
0x77d70000 - 0x77e40000 	C:\Windows\system32\RPCRT4.dll
0x76620000 - 0x7679d000 	C:\Windows\SYSTEM32\combase.dll
0x67c80000 - 0x67ca3000 	C:\Windows\SYSTEM32\WINMMBASE.dll
0x75660000 - 0x7566f000 	C:\Windows\SYSTEM32\profapi.dll
0x6f750000 - 0x6f982000 	C:\Windows\SYSTEM32\iertutil.dll
0x6fa30000 - 0x6fc05000 	C:\Windows\SYSTEM32\WININET.dll
0x756e0000 - 0x7571c000 	C:\Windows\SYSTEM32\cfgmgr32.dll
0x747e0000 - 0x74801000 	C:\Windows\SYSTEM32\DEVOBJ.dll
0x76430000 - 0x764bb000 	C:\Windows\system32\SHCORE.DLL
0x75ca0000 - 0x75cc6000 	C:\Windows\system32\IMM32.DLL
0x77c00000 - 0x77d12000 	C:\Windows\system32\MSCTF.dll
0x73d60000 - 0x73f66000 	C:\Windows\WinSxS\x86_microsoft.windows.common-controls_6595b64144ccf1df_6.0.9600.17415_none_a9ed7f470139b3c1\COMCTL32.dll
0x6a560000 - 0x6a61f000 	C:\Program Files\Java\jre1.8.0_40\bin\msvcr100.dll
0x54a10000 - 0x54dd0000 	C:\Program Files\Java\jre1.8.0_40\bin\client\jvm.dll
0x6fcf0000 - 0x6fcf8000 	C:\Windows\SYSTEM32\WSOCK32.dll
0x75e20000 - 0x75e26000 	C:\Windows\system32\PSAPI.DLL
0x75a60000 - 0x75ab0000 	C:\Windows\system32\WS2_32.dll
0x76190000 - 0x76197000 	C:\Windows\system32\NSI.dll
0x54df0000 - 0x54dfc000 	C:\Program Files\Java\jre1.8.0_40\bin\verify.dll
0x54920000 - 0x54941000 	C:\Program Files\Java\jre1.8.0_40\bin\java.dll
0x54900000 - 0x54913000 	C:\Program Files\Java\jre1.8.0_40\bin\zip.dll
0x6c410000 - 0x6c555000 	C:\Program Files\Java\jre1.8.0_40\bin\awt.dll
0x74810000 - 0x74819000 	C:\Windows\SYSTEM32\kernel.appcore.dll
0x755c0000 - 0x755ca000 	C:\Windows\SYSTEM32\CRYPTBASE.dll
0x75560000 - 0x755b4000 	C:\Windows\SYSTEM32\bcryptPrimitives.dll
0x56460000 - 0x56475000 	C:\Program Files\Java\jre1.8.0_40\bin\net.dll
0x75040000 - 0x7508b000 	C:\Windows\system32\mswsock.dll
0x6a520000 - 0x6a559000 	C:\Program Files\Java\jre1.8.0_40\bin\fontmanager.dll
0x76820000 - 0x768ad000 	C:\Windows\SYSTEM32\clbcatq.dll
0x73a20000 - 0x73b8b000 	C:\Windows\SYSTEM32\WindowsCodecs.dll
0x75090000 - 0x750a9000 	C:\Windows\SYSTEM32\CRYPTSP.dll
0x74cd0000 - 0x74d00000 	C:\Windows\system32\rsaenh.dll
0x752d0000 - 0x752f0000 	C:\Windows\SYSTEM32\bcrypt.dll
0x56450000 - 0x5645f000 	C:\Program Files\Java\jre1.8.0_40\bin\nio.dll
0x6a6c0000 - 0x6a6f0000 	C:\Program Files\Java\jre1.8.0_40\bin\t2k.dll
0x6a690000 - 0x6a6a3000 	C:\Users\David\Downloads\FANN\bin\fannfloat.dll
0x71000000 - 0x71020000 	C:\Windows\SYSTEM32\IPHLPAPI.DLL
0x71570000 - 0x71578000 	C:\Windows\SYSTEM32\WINNSI.DLL
0x70d10000 - 0x70d23000 	C:\Windows\SYSTEM32\dhcpcsvc6.DLL
0x71470000 - 0x71484000 	C:\Windows\SYSTEM32\dhcpcsvc.DLL
0x163b0000 - 0x16405000 	C:\Users\David\AppData\Local\Temp\jna6816262725086547547.dll
0x64bc0000 - 0x64d01000 	C:\Windows\SYSTEM32\dbghelp.dll

VM Arguments:
jvm_args: -Dfile.encoding=Cp1252 
java_command: Main
java_class_path (initial): C:\Users\David\Documents\GitHub\SistemasInteligentes\Desktop App\Inteligentes\bin;C:\Users\David\Documents\GitHub\SistemasInteligentes\Desktop App\Inteligentes\mysql-connector-java-3.0.17-ga-bin.jar;C:\Users\David\Documents\GitHub\SistemasInteligentes\Desktop App\Inteligentes\jna.jar;C:\Users\David\Documents\GitHub\SistemasInteligentes\Desktop App\Inteligentes\fannj-0.6.jar
Launcher Type: SUN_STANDARD

Environment Variables:
JAVA_HOME=C:\Program Files\Java\jdk1.8.0_40\bin
PATH=C:/Program Files/Java/jre1.8.0_40/bin/client;C:/Program Files/Java/jre1.8.0_40/bin;C:/Program Files/Java/jre1.8.0_40/lib/i386;C:\ProgramData\Oracle\Java\javapath;C:\Windows\system32;C:\Windows;C:\Windows\System32\Wbem;C:\Windows\System32\WindowsPowerShell\v1.0\;C:\Program Files\Java\jdk1.8.0_40\bin;C:\Program Files\Skype\Phone\;C:\Program Files\SourceGear\Common\DiffMerge\;C:\Program Files\Eclipse-Luna-Java\eclipse;
USERNAME=David
OS=Windows_NT
PROCESSOR_IDENTIFIER=x86 Family 6 Model 69 Stepping 1, GenuineIntel



---------------  S Y S T E M  ---------------

OS: Windows 8.1 Build 9600 (6.3.9600.17415)

CPU:total 2 (2 cores per cpu, 1 threads per core) family 6 model 69 stepping 1, cmov, cx8, fxsr, mmx, sse, sse2, sse3, ssse3, sse4.1, sse4.2, popcnt, clmul, erms, lzcnt, tsc, tscinvbit

Memory: 4k page, physical 1972588k(391364k free), swap 3217772k(1235128k free)

vm_info: Java HotSpot(TM) Client VM (25.40-b25) for windows-x86 JRE (1.8.0_40-b26), built on Mar  7 2015 13:51:08 by "java_re" with MS VC++ 10.0 (VS2010)

time: Mon Apr 13 13:50:49 2015
elapsed time: 6 seconds (0d 0h 0m 6s)

