#
# A fatal error has been detected by the Java Runtime Environment:
#
#  EXCEPTION_ACCESS_VIOLATION (0xc0000005) at pc=0x6f901c5e, pid=5208, tid=5188
#
# JRE version: Java(TM) SE Runtime Environment (8.0_40-b26) (build 1.8.0_40-b26)
# Java VM: Java HotSpot(TM) Client VM (25.40-b25 mixed mode windows-x86 )
# Problematic frame:
# C  [fannfloat.dll+0x1c5e]
#
# Failed to write core dump. Minidumps are not enabled by default on client versions of Windows
#
# If you would like to submit a bug report, please visit:
#   http://bugreport.java.com/bugreport/crash.jsp
# The crash happened outside the Java Virtual Machine in native code.
# See problematic frame for where to report the bug.
#

---------------  T H R E A D  ---------------

Current thread (0x01135c00):  JavaThread "AWT-EventQueue-0" [_thread_in_native, id=5188, stack(0x14800000,0x14850000)]

siginfo: ExceptionCode=0xc0000005, reading address 0x0000001c

Registers:
EAX=0x1484e674, EBX=0x007b8c20, ECX=0x00000001, EDX=0x00000000
ESP=0x1484e644, EBP=0x1484e668, ESI=0x00000000, EDI=0x00000002
EIP=0x6f901c5e, EFLAGS=0x00010212

Top of Stack: (sp=0x1484e644)
0x1484e644:   00000000 007b8c20 007b8c88 00000000
0x1484e654:   007b8c20 00000000 00000002 1484e678
0x1484e664:   1534cb61 1484e678 1534cb67 00000000
0x1484e674:   14c0c008 1484e6b8 1534c782 1534c560
0x1484e684:   1484e6a0 00000008 00000001 1484e8e0
0x1484e694:   6f901c50 00000004 1484e6e0 007b8c20
0x1484e6a4:   1484e8e0 1484e898 00000005 00000006
0x1484e6b4:   00000002 1484e878 15347ec9 007b8c20 

Instructions: (pc=0x6f901c5e)
0x6f901c3e:   ff ff ff 5f 5e 8b c3 5b 8b e5 5d c2 08 00 cc cc
0x6f901c4e:   cc cc 55 8b ec 83 e4 f8 83 ec 1c 53 56 8b 75 08
0x6f901c5e:   8b 46 1c 8b 08 8b 56 28 33 c0 57 85 d2 74 13 8b
0x6f901c6e:   7d 0c 83 c1 0c d9 04 87 40 d9 19 83 c1 18 3b c2 


Register to memory mapping:

EAX=0x1484e674 is pointing into the stack for thread: 0x01135c00
EBX=0x007b8c20 is an unknown value
ECX=0x00000001 is an unknown value
EDX=0x00000000 is an unknown value
ESP=0x1484e644 is pointing into the stack for thread: 0x01135c00
EBP=0x1484e668 is pointing into the stack for thread: 0x01135c00
ESI=0x00000000 is an unknown value
EDI=0x00000002 is an unknown value


Stack: [0x14800000,0x14850000],  sp=0x1484e644,  free space=313k
Native frames: (J=compiled Java code, j=interpreted, Vv=VM code, C=native code)
C  [fannfloat.dll+0x1c5e]
C  [jna6194134536200888126.dll+0xcb67]
C  [jna6194134536200888126.dll+0xc782]
C  [jna6194134536200888126.dll+0x7ec9]
C  [jna6194134536200888126.dll+0xc834]
C  [jna6194134536200888126.dll+0xcc4e]
j  com.googlecode.fannj.Fann.fann_run(Lcom/sun/jna/Pointer;[F)Lcom/sun/jna/Pointer;+0
j  com.googlecode.fannj.Fann.run([F)[F+5
j  ParseNeural.main()V+146
j  Main$4.actionPerformed(Ljava/awt/event/ActionEvent;)V+8
j  javax.swing.AbstractButton.fireActionPerformed(Ljava/awt/event/ActionEvent;)V+83
j  javax.swing.AbstractButton$Handler.actionPerformed(Ljava/awt/event/ActionEvent;)V+5
j  javax.swing.DefaultButtonModel.fireActionPerformed(Ljava/awt/event/ActionEvent;)V+34
j  javax.swing.DefaultButtonModel.setPressed(Z)V+117
j  javax.swing.plaf.basic.BasicButtonListener.mouseReleased(Ljava/awt/event/MouseEvent;)V+35
j  java.awt.Component.processMouseEvent(Ljava/awt/event/MouseEvent;)V+64
j  javax.swing.JComponent.processMouseEvent(Ljava/awt/event/MouseEvent;)V+23
j  java.awt.Component.processEvent(Ljava/awt/AWTEvent;)V+81
j  java.awt.Container.processEvent(Ljava/awt/AWTEvent;)V+18
J 951 C1 java.awt.Component.dispatchEventImpl(Ljava/awt/AWTEvent;)V (883 bytes) @ 0x021873ac [0x021863a0+0x100c]
J 829 C1 java.awt.Container.dispatchEventImpl(Ljava/awt/AWTEvent;)V (129 bytes) @ 0x0214aabc [0x0214aa60+0x5c]
J 499 C1 java.awt.LightweightDispatcher.retargetMouseEvent(Ljava/awt/Component;ILjava/awt/event/MouseEvent;)V (350 bytes) @ 0x020e1b2c [0x020e14f0+0x63c]
j  java.awt.LightweightDispatcher.processMouseEvent(Ljava/awt/event/MouseEvent;)Z+143
j  java.awt.LightweightDispatcher.dispatchEvent(Ljava/awt/AWTEvent;)Z+50
J 829 C1 java.awt.Container.dispatchEventImpl(Ljava/awt/AWTEvent;)V (129 bytes) @ 0x0214aaa0 [0x0214aa60+0x40]
j  java.awt.Window.dispatchEventImpl(Ljava/awt/AWTEvent;)V+19
J 583 C1 java.awt.EventQueue.dispatchEventImpl(Ljava/awt/AWTEvent;Ljava/lang/Object;)V (149 bytes) @ 0x020fa608 [0x020fa230+0x3d8]
J 603 C1 java.awt.EventQueue$3.run()Ljava/lang/Void; (60 bytes) @ 0x020ffd9c [0x020ffd40+0x5c]
J 602 C1 java.awt.EventQueue$3.run()Ljava/lang/Object; (5 bytes) @ 0x020ffb20 [0x020ffb00+0x20]
v  ~StubRoutines::call_stub
V  [jvm.dll+0x155c05]
V  [jvm.dll+0x21b0be]
V  [jvm.dll+0x155c9e]
V  [jvm.dll+0x106eaf]
C  [java.dll+0x102f]
J 928 C1 java.security.ProtectionDomain$1.doIntersectionPrivilege(Ljava/security/PrivilegedAction;Ljava/security/AccessControlContext;)Ljava/lang/Object; (10 bytes) @ 0x0217f20c [0x0217f100+0x10c]
j  java.awt.EventQueue$4.run()Ljava/lang/Void;+11
j  java.awt.EventQueue$4.run()Ljava/lang/Object;+1
v  ~StubRoutines::call_stub
V  [jvm.dll+0x155c05]
V  [jvm.dll+0x21b0be]
V  [jvm.dll+0x155c9e]
V  [jvm.dll+0x106eaf]
C  [java.dll+0x102f]
J 579 C1 java.awt.EventQueue.dispatchEvent(Ljava/awt/AWTEvent;)V (80 bytes) @ 0x020f91b4 [0x020f8f00+0x2b4]
J 439 C1 java.awt.EventDispatchThread.pumpOneEventForFilters(I)V (295 bytes) @ 0x020cc114 [0x020cba80+0x694]
j  java.awt.EventDispatchThread.pumpEventsForFilter(ILjava/awt/Conditional;Ljava/awt/EventFilter;)V+35
j  java.awt.EventDispatchThread.pumpEventsForHierarchy(ILjava/awt/Conditional;Ljava/awt/Component;)V+11
j  java.awt.EventDispatchThread.pumpEvents(ILjava/awt/Conditional;)V+4
j  java.awt.EventDispatchThread.pumpEvents(Ljava/awt/Conditional;)V+3
j  java.awt.EventDispatchThread.run()V+9
v  ~StubRoutines::call_stub
V  [jvm.dll+0x155c05]
V  [jvm.dll+0x21b0be]
V  [jvm.dll+0x155c9e]
V  [jvm.dll+0x155e26]
V  [jvm.dll+0x155e97]
V  [jvm.dll+0xfafaf]
V  [jvm.dll+0x178f3c]
V  [jvm.dll+0x17902a]
V  [jvm.dll+0x1bd616]
C  [msvcr100.dll+0x5c556]
C  [msvcr100.dll+0x5c600]
C  [KERNEL32.DLL+0x4198]
C  [ntdll.dll+0x5601b]
C  [ntdll.dll+0x55fe9]
C  0x00000000

Java frames: (J=compiled Java code, j=interpreted, Vv=VM code)
j  com.googlecode.fannj.Fann.fann_run(Lcom/sun/jna/Pointer;[F)Lcom/sun/jna/Pointer;+0
j  com.googlecode.fannj.Fann.run([F)[F+5
j  ParseNeural.main()V+146
j  Main$4.actionPerformed(Ljava/awt/event/ActionEvent;)V+8
j  javax.swing.AbstractButton.fireActionPerformed(Ljava/awt/event/ActionEvent;)V+83
j  javax.swing.AbstractButton$Handler.actionPerformed(Ljava/awt/event/ActionEvent;)V+5
j  javax.swing.DefaultButtonModel.fireActionPerformed(Ljava/awt/event/ActionEvent;)V+34
j  javax.swing.DefaultButtonModel.setPressed(Z)V+117
j  javax.swing.plaf.basic.BasicButtonListener.mouseReleased(Ljava/awt/event/MouseEvent;)V+35
j  java.awt.Component.processMouseEvent(Ljava/awt/event/MouseEvent;)V+64
j  javax.swing.JComponent.processMouseEvent(Ljava/awt/event/MouseEvent;)V+23
j  java.awt.Component.processEvent(Ljava/awt/AWTEvent;)V+81
j  java.awt.Container.processEvent(Ljava/awt/AWTEvent;)V+18
J 951 C1 java.awt.Component.dispatchEventImpl(Ljava/awt/AWTEvent;)V (883 bytes) @ 0x021873ac [0x021863a0+0x100c]
J 829 C1 java.awt.Container.dispatchEventImpl(Ljava/awt/AWTEvent;)V (129 bytes) @ 0x0214aabc [0x0214aa60+0x5c]
J 499 C1 java.awt.LightweightDispatcher.retargetMouseEvent(Ljava/awt/Component;ILjava/awt/event/MouseEvent;)V (350 bytes) @ 0x020e1b2c [0x020e14f0+0x63c]
j  java.awt.LightweightDispatcher.processMouseEvent(Ljava/awt/event/MouseEvent;)Z+143
j  java.awt.LightweightDispatcher.dispatchEvent(Ljava/awt/AWTEvent;)Z+50
J 829 C1 java.awt.Container.dispatchEventImpl(Ljava/awt/AWTEvent;)V (129 bytes) @ 0x0214aaa0 [0x0214aa60+0x40]
j  java.awt.Window.dispatchEventImpl(Ljava/awt/AWTEvent;)V+19
J 583 C1 java.awt.EventQueue.dispatchEventImpl(Ljava/awt/AWTEvent;Ljava/lang/Object;)V (149 bytes) @ 0x020fa608 [0x020fa230+0x3d8]
J 603 C1 java.awt.EventQueue$3.run()Ljava/lang/Void; (60 bytes) @ 0x020ffd9c [0x020ffd40+0x5c]
J 602 C1 java.awt.EventQueue$3.run()Ljava/lang/Object; (5 bytes) @ 0x020ffb20 [0x020ffb00+0x20]
v  ~StubRoutines::call_stub
J 468  java.security.AccessController.doPrivileged(Ljava/security/PrivilegedAction;Ljava/security/AccessControlContext;)Ljava/lang/Object; (0 bytes) @ 0x020d6a07 [0x020d69a0+0x67]
J 928 C1 java.security.ProtectionDomain$1.doIntersectionPrivilege(Ljava/security/PrivilegedAction;Ljava/security/AccessControlContext;)Ljava/lang/Object; (10 bytes) @ 0x0217f20c [0x0217f100+0x10c]
j  java.awt.EventQueue$4.run()Ljava/lang/Void;+11
j  java.awt.EventQueue$4.run()Ljava/lang/Object;+1
v  ~StubRoutines::call_stub
J 468  java.security.AccessController.doPrivileged(Ljava/security/PrivilegedAction;Ljava/security/AccessControlContext;)Ljava/lang/Object; (0 bytes) @ 0x020d6a07 [0x020d69a0+0x67]
J 579 C1 java.awt.EventQueue.dispatchEvent(Ljava/awt/AWTEvent;)V (80 bytes) @ 0x020f91b4 [0x020f8f00+0x2b4]
J 439 C1 java.awt.EventDispatchThread.pumpOneEventForFilters(I)V (295 bytes) @ 0x020cc114 [0x020cba80+0x694]
j  java.awt.EventDispatchThread.pumpEventsForFilter(ILjava/awt/Conditional;Ljava/awt/EventFilter;)V+35
j  java.awt.EventDispatchThread.pumpEventsForHierarchy(ILjava/awt/Conditional;Ljava/awt/Component;)V+11
j  java.awt.EventDispatchThread.pumpEvents(ILjava/awt/Conditional;)V+4
j  java.awt.EventDispatchThread.pumpEvents(Ljava/awt/Conditional;)V+3
j  java.awt.EventDispatchThread.run()V+9
v  ~StubRoutines::call_stub

---------------  P R O C E S S  ---------------

Java Threads: ( => current thread )
  0x14961000 JavaThread "Image Animator 3" daemon [_thread_blocked, id=1288, stack(0x14d50000,0x14da0000)]
  0x00fa9800 JavaThread "Image Fetcher 2" daemon [_thread_blocked, id=2268, stack(0x155f0000,0x15640000)]
  0x149e4c00 JavaThread "TimerQueue" daemon [_thread_blocked, id=5432, stack(0x155a0000,0x155f0000)]
  0x0088b800 JavaThread "DestroyJavaVM" [_thread_blocked, id=5860, stack(0x00760000,0x007b0000)]
=>0x01135c00 JavaThread "AWT-EventQueue-0" [_thread_in_native, id=5188, stack(0x14800000,0x14850000)]
  0x010e3c00 JavaThread "AWT-Windows" daemon [_thread_in_native, id=4656, stack(0x141a0000,0x141f0000)]
  0x010e2800 JavaThread "AWT-Shutdown" [_thread_blocked, id=268, stack(0x14150000,0x141a0000)]
  0x010e1c00 JavaThread "Java2D Disposer" daemon [_thread_blocked, id=5492, stack(0x14100000,0x14150000)]
  0x00f7a000 JavaThread "Service Thread" daemon [_thread_blocked, id=2572, stack(0x012e0000,0x01330000)]
  0x00f73000 JavaThread "C1 CompilerThread0" daemon [_thread_blocked, id=2484, stack(0x01290000,0x012e0000)]
  0x00f7d800 JavaThread "Attach Listener" daemon [_thread_blocked, id=5704, stack(0x01240000,0x01290000)]
  0x00f7c800 JavaThread "Signal Dispatcher" daemon [_thread_blocked, id=2364, stack(0x011f0000,0x01240000)]
  0x00f55800 JavaThread "Finalizer" daemon [_thread_blocked, id=6100, stack(0x011a0000,0x011f0000)]
  0x00a0e800 JavaThread "Reference Handler" daemon [_thread_blocked, id=3440, stack(0x01150000,0x011a0000)]

Other Threads:
  0x00a0bc00 VMThread [stack: 0x00f00000,0x00f50000] [id=6072]
  0x00fa2000 WatcherThread [stack: 0x03f90000,0x03fe0000] [id=4084]

VM state:not at safepoint (normal execution)

VM Mutex/Monitor currently owned by a thread: None

Heap:
 def new generation   total 4928K, used 1334K [0x04000000, 0x04550000, 0x09550000)
  eden space 4416K,  18% used [0x04000000, 0x040cd8a0, 0x04450000)
  from space 512K, 100% used [0x044d0000, 0x04550000, 0x04550000)
  to   space 512K,   0% used [0x04450000, 0x04450000, 0x044d0000)
 tenured generation   total 10944K, used 5320K [0x09550000, 0x0a000000, 0x14000000)
   the space 10944K,  48% used [0x09550000, 0x09a823a0, 0x09a82400, 0x0a000000)
 Metaspace       used 8784K, capacity 8987K, committed 9088K, reserved 9600K

Card table byte_map: [0x00a10000,0x00aa0000] byte_map_base: 0x009f0000

Polling page: 0x007c0000

CodeCache: size=32768Kb used=2063Kb max_used=2063Kb free=30704Kb
 bounds [0x01f90000, 0x02198000, 0x03f90000]
 total_blobs=1204 nmethods=961 adapters=172
 compilation: enabled

Compilation events (10 events):
Event: 125.311 Thread 0x00f73000  962   !         sun.net.www.ParseUtil::decode (316 bytes)
Event: 125.317 Thread 0x00f73000 nmethod 962 0x0218edc8 code [0x0218f080, 0x0218fdd0]
Event: 125.320 Thread 0x00f73000  963             sun.misc.FDBigInteger::mult (64 bytes)
Event: 125.321 Thread 0x00f73000 nmethod 963 0x02191248 code [0x02191340, 0x021914f0]
Event: 125.326 Thread 0x00f73000  964             java.util.Properties::loadConvert (505 bytes)
Event: 125.328 Thread 0x00f73000 nmethod 964 0x02191688 code [0x021917d0, 0x02191bf8]
Event: 125.346 Thread 0x00f73000  965             sun.security.provider.SHA::implCompress (491 bytes)
Event: 125.348 Thread 0x00f73000 nmethod 965 0x02192108 code [0x02192230, 0x0219267c]
Event: 125.348 Thread 0x00f73000  966             sun.nio.cs.SingleByte$Encoder::encode (114 bytes)
Event: 125.349 Thread 0x00f73000 nmethod 966 0x02192a48 code [0x02192b60, 0x02192e30]

GC Heap History (10 events):
Event: 114.406 GC heap before
{Heap before GC invocations=42 (full 0):
 def new generation   total 4928K, used 4530K [0x04000000, 0x04550000, 0x09550000)
  eden space 4416K, 100% used [0x04000000, 0x04450000, 0x04450000)
  from space 512K,  22% used [0x04450000, 0x0446c930, 0x044d0000)
  to   space 512K,   0% used [0x044d0000, 0x044d0000, 0x04550000)
 tenured generation   total 10944K, used 5259K [0x09550000, 0x0a000000, 0x14000000)
   the space 10944K,  48% used [0x09550000, 0x09a72e70, 0x09a73000, 0x0a000000)
 Metaspace       used 8176K, capacity 8411K, committed 8576K, reserved 8576K
Event: 114.408 GC heap after
Heap after GC invocations=43 (full 0):
 def new generation   total 4928K, used 115K [0x04000000, 0x04550000, 0x09550000)
  eden space 4416K,   0% used [0x04000000, 0x04000000, 0x04450000)
  from space 512K,  22% used [0x044d0000, 0x044ecfd8, 0x04550000)
  to   space 512K,   0% used [0x04450000, 0x04450000, 0x044d0000)
 tenured generation   total 10944K, used 5259K [0x09550000, 0x0a000000, 0x14000000)
   the space 10944K,  48% used [0x09550000, 0x09a72e70, 0x09a73000, 0x0a000000)
 Metaspace       used 8176K, capacity 8411K, committed 8576K, reserved 8576K
}
Event: 117.317 GC heap before
{Heap before GC invocations=43 (full 0):
 def new generation   total 4928K, used 4531K [0x04000000, 0x04550000, 0x09550000)
  eden space 4416K, 100% used [0x04000000, 0x04450000, 0x04450000)
  from space 512K,  22% used [0x044d0000, 0x044ecfd8, 0x04550000)
  to   space 512K,   0% used [0x04450000, 0x04450000, 0x044d0000)
 tenured generation   total 10944K, used 5259K [0x09550000, 0x0a000000, 0x14000000)
   the space 10944K,  48% used [0x09550000, 0x09a72e70, 0x09a73000, 0x0a000000)
 Metaspace       used 8176K, capacity 8411K, committed 8576K, reserved 8576K
Event: 117.319 GC heap after
Heap after GC invocations=44 (full 0):
 def new generation   total 4928K, used 115K [0x04000000, 0x04550000, 0x09550000)
  eden space 4416K,   0% used [0x04000000, 0x04000000, 0x04450000)
  from space 512K,  22% used [0x04450000, 0x0446ce90, 0x044d0000)
  to   space 512K,   0% used [0x044d0000, 0x044d0000, 0x04550000)
 tenured generation   total 10944K, used 5259K [0x09550000, 0x0a000000, 0x14000000)
   the space 10944K,  48% used [0x09550000, 0x09a72e70, 0x09a73000, 0x0a000000)
 Metaspace       used 8176K, capacity 8411K, committed 8576K, reserved 8576K
}
Event: 120.177 GC heap before
{Heap before GC invocations=44 (full 0):
 def new generation   total 4928K, used 4531K [0x04000000, 0x04550000, 0x09550000)
  eden space 4416K, 100% used [0x04000000, 0x04450000, 0x04450000)
  from space 512K,  22% used [0x04450000, 0x0446ce90, 0x044d0000)
  to   space 512K,   0% used [0x044d0000, 0x044d0000, 0x04550000)
 tenured generation   total 10944K, used 5259K [0x09550000, 0x0a000000, 0x14000000)
   the space 10944K,  48% used [0x09550000, 0x09a72e70, 0x09a73000, 0x0a000000)
 Metaspace       used 8176K, capacity 8411K, committed 8576K, reserved 8576K
Event: 120.179 GC heap after
Heap after GC invocations=45 (full 0):
 def new generation   total 4928K, used 114K [0x04000000, 0x04550000, 0x09550000)
  eden space 4416K,   0% used [0x04000000, 0x04000000, 0x04450000)
  from space 512K,  22% used [0x044d0000, 0x044ecbf0, 0x04550000)
  to   space 512K,   0% used [0x04450000, 0x04450000, 0x044d0000)
 tenured generation   total 10944K, used 5259K [0x09550000, 0x0a000000, 0x14000000)
   the space 10944K,  48% used [0x09550000, 0x09a72e70, 0x09a73000, 0x0a000000)
 Metaspace       used 8176K, capacity 8411K, committed 8576K, reserved 8576K
}
Event: 122.983 GC heap before
{Heap before GC invocations=45 (full 0):
 def new generation   total 4928K, used 4530K [0x04000000, 0x04550000, 0x09550000)
  eden space 4416K, 100% used [0x04000000, 0x04450000, 0x04450000)
  from space 512K,  22% used [0x044d0000, 0x044ecbf0, 0x04550000)
  to   space 512K,   0% used [0x04450000, 0x04450000, 0x044d0000)
 tenured generation   total 10944K, used 5259K [0x09550000, 0x0a000000, 0x14000000)
   the space 10944K,  48% used [0x09550000, 0x09a72e70, 0x09a73000, 0x0a000000)
 Metaspace       used 8176K, capacity 8411K, committed 8576K, reserved 8576K
Event: 122.985 GC heap after
Heap after GC invocations=46 (full 0):
 def new generation   total 4928K, used 114K [0x04000000, 0x04550000, 0x09550000)
  eden space 4416K,   0% used [0x04000000, 0x04000000, 0x04450000)
  from space 512K,  22% used [0x04450000, 0x0446cba0, 0x044d0000)
  to   space 512K,   0% used [0x044d0000, 0x044d0000, 0x04550000)
 tenured generation   total 10944K, used 5259K [0x09550000, 0x0a000000, 0x14000000)
   the space 10944K,  48% used [0x09550000, 0x09a72e70, 0x09a73000, 0x0a000000)
 Metaspace       used 8176K, capacity 8411K, committed 8576K, reserved 8576K
}
Event: 125.914 GC heap before
{Heap before GC invocations=46 (full 0):
 def new generation   total 4928K, used 4530K [0x04000000, 0x04550000, 0x09550000)
  eden space 4416K, 100% used [0x04000000, 0x04450000, 0x04450000)
  from space 512K,  22% used [0x04450000, 0x0446cba0, 0x044d0000)
  to   space 512K,   0% used [0x044d0000, 0x044d0000, 0x04550000)
 tenured generation   total 10944K, used 5259K [0x09550000, 0x0a000000, 0x14000000)
   the space 10944K,  48% used [0x09550000, 0x09a72e70, 0x09a73000, 0x0a000000)
 Metaspace       used 8661K, capacity 8859K, committed 8960K, reserved 9600K
Event: 125.918 GC heap after
Heap after GC invocations=47 (full 0):
 def new generation   total 4928K, used 512K [0x04000000, 0x04550000, 0x09550000)
  eden space 4416K,   0% used [0x04000000, 0x04000000, 0x04450000)
  from space 512K, 100% used [0x044d0000, 0x04550000, 0x04550000)
  to   space 512K,   0% used [0x04450000, 0x04450000, 0x044d0000)
 tenured generation   total 10944K, used 5320K [0x09550000, 0x0a000000, 0x14000000)
   the space 10944K,  48% used [0x09550000, 0x09a823a0, 0x09a82400, 0x0a000000)
 Metaspace       used 8661K, capacity 8859K, committed 8960K, reserved 9600K
}

Deoptimization events (0 events):
No events

Internal exceptions (10 events):
Event: 75.062 Thread 0x00fa9800 Exception <a 'java/lang/InterruptedException': sleep interrupted> (0x04338cf0) thrown at [C:\re\workspace\8-2-build-windows-i586-cygwin\jdk8u40\3098\hotspot\src\share\vm\prims\jvm.cpp, line 3163]
Event: 76.406 Thread 0x00fa9800 Exception <a 'java/lang/InterruptedException': sleep interrupted> (0x040b3060) thrown at [C:\re\workspace\8-2-build-windows-i586-cygwin\jdk8u40\3098\hotspot\src\share\vm\prims\jvm.cpp, line 3163]
Event: 76.423 Thread 0x01120400 Exception <a 'java/lang/InterruptedException': sleep interrupted> (0x040cd228) thrown at [C:\re\workspace\8-2-build-windows-i586-cygwin\jdk8u40\3098\hotspot\src\share\vm\prims\jvm.cpp, line 3163]
Event: 95.507 Thread 0x00f55800 Exception <a 'java/net/SocketException': Socket closed> (0x04013f90) thrown at [C:\re\workspace\8-2-build-windows-i586-cygwin\jdk8u40\3098\hotspot\src\share\vm\prims\jni.cpp, line 735]
Event: 99.315 Thread 0x010d6c00 Exception <a 'java/lang/InterruptedException': sleep interrupted> (0x04277cd8) thrown at [C:\re\workspace\8-2-build-windows-i586-cygwin\jdk8u40\3098\hotspot\src\share\vm\prims\jvm.cpp, line 3163]
Event: 99.339 Thread 0x00fa9800 Exception <a 'java/lang/InterruptedException': sleep interrupted> (0x04252e10) thrown at [C:\re\workspace\8-2-build-windows-i586-cygwin\jdk8u40\3098\hotspot\src\share\vm\prims\jvm.cpp, line 3163]
Event: 100.607 Thread 0x00fa9800 Exception <a 'java/lang/InterruptedException': sleep interrupted> (0x04411970) thrown at [C:\re\workspace\8-2-build-windows-i586-cygwin\jdk8u40\3098\hotspot\src\share\vm\prims\jvm.cpp, line 3163]
Event: 100.633 Thread 0x010d6c00 Exception <a 'java/lang/InterruptedException': sleep interrupted> (0x04432690) thrown at [C:\re\workspace\8-2-build-windows-i586-cygwin\jdk8u40\3098\hotspot\src\share\vm\prims\jvm.cpp, line 3163]
Event: 123.894 Thread 0x14961000 Exception <a 'java/lang/InterruptedException': sleep interrupted> (0x04191fb8) thrown at [C:\re\workspace\8-2-build-windows-i586-cygwin\jdk8u40\3098\hotspot\src\share\vm\prims\jvm.cpp, line 3163]
Event: 123.909 Thread 0x00fa9800 Exception <a 'java/lang/InterruptedException': sleep interrupted> (0x04163f40) thrown at [C:\re\workspace\8-2-build-windows-i586-cygwin\jdk8u40\3098\hotspot\src\share\vm\prims\jvm.cpp, line 3163]

Events (10 events):
Event: 125.978 loading class com/sun/jna/FunctionParameterContext
Event: 125.978 loading class com/sun/jna/FunctionParameterContext done
Event: 125.980 loading class java/lang/SecurityException
Event: 125.980 loading class java/lang/SecurityException done
Event: 125.982 loading class com/sun/jna/MethodResultContext
Event: 125.982 loading class com/sun/jna/MethodResultContext done
Event: 125.983 loading class com/sun/jna/FunctionResultContext
Event: 125.983 loading class com/sun/jna/FunctionResultContext done
Event: 125.988 loading class com/sun/jna/Library
Event: 125.988 loading class com/sun/jna/Library done


Dynamic libraries:
0x01350000 - 0x01383000 	C:\Program Files\Java\jre1.8.0_40\bin\javaw.exe
0x77e20000 - 0x77f89000 	C:\Windows\SYSTEM32\ntdll.dll
0x76260000 - 0x76360000 	C:\Windows\system32\KERNEL32.DLL
0x75960000 - 0x75a39000 	C:\Windows\system32\KERNELBASE.dll
0x745a0000 - 0x74640000 	C:\Windows\system32\apphelp.dll
0x54f50000 - 0x551b5000 	C:\Windows\AppPatch\AcGenral.DLL
0x75db0000 - 0x75e73000 	C:\Windows\system32\msvcrt.dll
0x76930000 - 0x76971000 	C:\Windows\SYSTEM32\sechost.dll
0x75510000 - 0x75534000 	C:\Windows\SYSTEM32\SspiCli.dll
0x75cc0000 - 0x75d05000 	C:\Windows\system32\SHLWAPI.dll
0x74650000 - 0x7473e000 	C:\Windows\SYSTEM32\UxTheme.dll
0x76360000 - 0x764b5000 	C:\Windows\system32\USER32.dll
0x77d00000 - 0x77e12000 	C:\Windows\system32\GDI32.dll
0x68140000 - 0x68163000 	C:\Windows\SYSTEM32\WINMM.dll
0x70820000 - 0x70833000 	C:\Windows\SYSTEM32\samcli.dll
0x75f90000 - 0x760b8000 	C:\Windows\system32\ole32.dll
0x75d10000 - 0x75da5000 	C:\Windows\system32\OLEAUT32.dll
0x58650000 - 0x58667000 	C:\Windows\SYSTEM32\MSACM32.dll
0x70210000 - 0x70218000 	C:\Windows\SYSTEM32\VERSION.dll
0x769d0000 - 0x77c7c000 	C:\Windows\system32\SHELL32.dll
0x74df0000 - 0x74e0b000 	C:\Windows\SYSTEM32\USERENV.dll
0x73f50000 - 0x73f6a000 	C:\Windows\SYSTEM32\dwmapi.dll
0x6f5e0000 - 0x6f72b000 	C:\Windows\SYSTEM32\urlmon.dll
0x77c80000 - 0x77cfc000 	C:\Windows\system32\ADVAPI32.dll
0x69910000 - 0x69975000 	C:\Windows\SYSTEM32\WINSPOOL.DRV
0x67c40000 - 0x67c56000 	C:\Windows\SYSTEM32\MPR.dll
0x760c0000 - 0x76190000 	C:\Windows\system32\RPCRT4.dll
0x76690000 - 0x7680d000 	C:\Windows\SYSTEM32\combase.dll
0x680f0000 - 0x68113000 	C:\Windows\SYSTEM32\WINMMBASE.dll
0x75640000 - 0x7564f000 	C:\Windows\SYSTEM32\profapi.dll
0x6fb60000 - 0x6fd92000 	C:\Windows\SYSTEM32\iertutil.dll
0x6fe40000 - 0x70015000 	C:\Windows\SYSTEM32\WININET.dll
0x75920000 - 0x7595c000 	C:\Windows\SYSTEM32\cfgmgr32.dll
0x747d0000 - 0x747f1000 	C:\Windows\SYSTEM32\DEVOBJ.dll
0x76190000 - 0x7621b000 	C:\Windows\system32\SHCORE.DLL
0x76230000 - 0x76256000 	C:\Windows\system32\IMM32.DLL
0x76810000 - 0x76922000 	C:\Windows\system32\MSCTF.dll
0x73d40000 - 0x73f46000 	C:\Windows\WinSxS\x86_microsoft.windows.common-controls_6595b64144ccf1df_6.0.9600.17415_none_a9ed7f470139b3c1\COMCTL32.dll
0x69e10000 - 0x69ecf000 	C:\Program Files\Java\jre1.8.0_40\bin\msvcr100.dll
0x54ae0000 - 0x54ea0000 	C:\Program Files\Java\jre1.8.0_40\bin\client\jvm.dll
0x707c0000 - 0x707c8000 	C:\Windows\SYSTEM32\WSOCK32.dll
0x76680000 - 0x76686000 	C:\Windows\system32\PSAPI.DLL
0x76980000 - 0x769d0000 	C:\Windows\system32\WS2_32.dll
0x76220000 - 0x76227000 	C:\Windows\system32\NSI.dll
0x6f8d0000 - 0x6f8dc000 	C:\Program Files\Java\jre1.8.0_40\bin\verify.dll
0x65960000 - 0x65981000 	C:\Program Files\Java\jre1.8.0_40\bin\java.dll
0x66540000 - 0x66553000 	C:\Program Files\Java\jre1.8.0_40\bin\zip.dll
0x55420000 - 0x55565000 	C:\Program Files\Java\jre1.8.0_40\bin\awt.dll
0x747c0000 - 0x747c9000 	C:\Windows\SYSTEM32\kernel.appcore.dll
0x755a0000 - 0x755aa000 	C:\Windows\SYSTEM32\CRYPTBASE.dll
0x75540000 - 0x75594000 	C:\Windows\SYSTEM32\bcryptPrimitives.dll
0x656c0000 - 0x656d5000 	C:\Program Files\Java\jre1.8.0_40\bin\net.dll
0x75020000 - 0x7506b000 	C:\Windows\system32\mswsock.dll
0x69dd0000 - 0x69e09000 	C:\Program Files\Java\jre1.8.0_40\bin\fontmanager.dll
0x75e80000 - 0x75f0d000 	C:\Windows\SYSTEM32\clbcatq.dll
0x739b0000 - 0x73b1b000 	C:\Windows\SYSTEM32\WindowsCodecs.dll
0x75070000 - 0x75089000 	C:\Windows\SYSTEM32\CRYPTSP.dll
0x74cb0000 - 0x74ce0000 	C:\Windows\system32\rsaenh.dll
0x752b0000 - 0x752d0000 	C:\Windows\SYSTEM32\bcrypt.dll
0x6a460000 - 0x6a46f000 	C:\Program Files\Java\jre1.8.0_40\bin\nio.dll
0x6fb10000 - 0x6fb40000 	C:\Program Files\Java\jre1.8.0_40\bin\t2k.dll
0x6f900000 - 0x6f913000 	C:\Users\David\Downloads\FANN\bin\fannfloat.dll
0x710a0000 - 0x710c0000 	C:\Windows\SYSTEM32\IPHLPAPI.DLL
0x71040000 - 0x71048000 	C:\Windows\SYSTEM32\WINNSI.DLL
0x70e80000 - 0x70e93000 	C:\Windows\SYSTEM32\dhcpcsvc6.DLL
0x70e40000 - 0x70e54000 	C:\Windows\SYSTEM32\dhcpcsvc.DLL
0x15340000 - 0x15395000 	C:\Users\David\AppData\Local\Temp\jna6194134536200888126.dll
0x66110000 - 0x66251000 	C:\Windows\SYSTEM32\dbghelp.dll

VM Arguments:
jvm_args: -Dfile.encoding=Cp1252 
java_command: Main
java_class_path (initial): C:\Users\David\Documents\GitHub\SistemasInteligentes\Desktop App\Inteligentes\bin;C:\Users\David\Documents\GitHub\SistemasInteligentes\Desktop App\Inteligentes\mysql-connector-java-3.0.17-ga-bin.jar;C:\Users\David\Documents\GitHub\SistemasInteligentes\Desktop App\Inteligentes\jna.jar;C:\Users\David\Documents\GitHub\SistemasInteligentes\Desktop App\Inteligentes\fannj-0.6.jar
Launcher Type: SUN_STANDARD

Environment Variables:
JAVA_HOME=C:\Program Files\Java\jdk1.8.0_40\bin
PATH=C:/Program Files/Java/jre1.8.0_40/bin/client;C:/Program Files/Java/jre1.8.0_40/bin;C:/Program Files/Java/jre1.8.0_40/lib/i386;C:\ProgramData\Oracle\Java\javapath;C:\Windows\system32;C:\Windows;C:\Windows\System32\Wbem;C:\Windows\System32\WindowsPowerShell\v1.0\;C:\Program Files\Java\jdk1.8.0_40\bin;C:\Program Files\Skype\Phone\;C:\Program Files\SourceGear\Common\DiffMerge\;C:\Program Files\Eclipse-Luna-Java\eclipse;
USERNAME=David
OS=Windows_NT
PROCESSOR_IDENTIFIER=x86 Family 6 Model 69 Stepping 1, GenuineIntel



---------------  S Y S T E M  ---------------

OS: Windows 8.1 Build 9600 (6.3.9600.17415)

CPU:total 2 (2 cores per cpu, 1 threads per core) family 6 model 69 stepping 1, cmov, cx8, fxsr, mmx, sse, sse2, sse3, ssse3, sse4.1, sse4.2, popcnt, clmul, erms, lzcnt, tsc, tscinvbit

Memory: 4k page, physical 1972588k(980864k free), swap 2890092k(1111808k free)

vm_info: Java HotSpot(TM) Client VM (25.40-b25) for windows-x86 JRE (1.8.0_40-b26), built on Mar  7 2015 13:51:08 by "java_re" with MS VC++ 10.0 (VS2010)

time: Mon Apr 13 18:08:42 2015
elapsed time: 126 seconds (0d 0h 2m 6s)

