#
# A fatal error has been detected by the Java Runtime Environment:
#
#  EXCEPTION_ACCESS_VIOLATION (0xc0000005) at pc=0x6f901c5e, pid=5056, tid=4032
#
# JRE version: Java(TM) SE Runtime Environment (8.0_40-b26) (build 1.8.0_40-b26)
# Java VM: Java HotSpot(TM) Client VM (25.40-b25 mixed mode windows-x86 )
# Problematic frame:
# C  [fannfloat.dll+0x1c5e]
#
# Failed to write core dump. Minidumps are not enabled by default on client versions of Windows
#
# If you would like to submit a bug report, please visit:
#   http://bugreport.java.com/bugreport/crash.jsp
# The crash happened outside the Java Virtual Machine in native code.
# See problematic frame for where to report the bug.
#

---------------  T H R E A D  ---------------

Current thread (0x14a54c00):  JavaThread "AWT-EventQueue-0" [_thread_in_native, id=4032, stack(0x15350000,0x153a0000)]

siginfo: ExceptionCode=0xc0000005, reading address 0x0000001c

Registers:
EAX=0x1539e3c4, EBX=0x011eb018, ECX=0x00000001, EDX=0x00000000
ESP=0x1539e394, EBP=0x1539e3b8, ESI=0x00000000, EDI=0x00000002
EIP=0x6f901c5e, EFLAGS=0x00010216

Top of Stack: (sp=0x1539e394)
0x1539e394:   00000000 011eb018 011e1260 00000000
0x1539e3a4:   011eb018 00000000 00000002 1539e3c8
0x1539e3b4:   1628cb61 1539e3c8 1628cb67 00000000
0x1539e3c4:   155936b0 1539e408 1628c782 1628c560
0x1539e3d4:   1539e3f0 00000008 00000001 1539e630
0x1539e3e4:   6f901c50 00000004 1539e430 011eb018
0x1539e3f4:   1539e630 1539e5e8 00000005 00000006
0x1539e404:   00000002 1539e5c8 16287ec9 011eb018 

Instructions: (pc=0x6f901c5e)
0x6f901c3e:   ff ff ff 5f 5e 8b c3 5b 8b e5 5d c2 08 00 cc cc
0x6f901c4e:   cc cc 55 8b ec 83 e4 f8 83 ec 1c 53 56 8b 75 08
0x6f901c5e:   8b 46 1c 8b 08 8b 56 28 33 c0 57 85 d2 74 13 8b
0x6f901c6e:   7d 0c 83 c1 0c d9 04 87 40 d9 19 83 c1 18 3b c2 


Register to memory mapping:

EAX=0x1539e3c4 is pointing into the stack for thread: 0x14a54c00
EBX=0x011eb018 is an unknown value
ECX=0x00000001 is an unknown value
EDX=0x00000000 is an unknown value
ESP=0x1539e394 is pointing into the stack for thread: 0x14a54c00
EBP=0x1539e3b8 is pointing into the stack for thread: 0x14a54c00
ESI=0x00000000 is an unknown value
EDI=0x00000002 is an unknown value


Stack: [0x15350000,0x153a0000],  sp=0x1539e394,  free space=312k
Native frames: (J=compiled Java code, j=interpreted, Vv=VM code, C=native code)
C  [fannfloat.dll+0x1c5e]
C  [jna5413909051372221853.dll+0xcb67]
C  [jna5413909051372221853.dll+0xc782]
C  [jna5413909051372221853.dll+0x7ec9]
C  [jna5413909051372221853.dll+0xc834]
C  [jna5413909051372221853.dll+0xcc4e]
j  com.googlecode.fannj.Fann.fann_run(Lcom/sun/jna/Pointer;[F)Lcom/sun/jna/Pointer;+0
j  com.googlecode.fannj.Fann.run([F)[F+5
j  ParseNeural.main()V+146
j  Main$4.actionPerformed(Ljava/awt/event/ActionEvent;)V+8
j  javax.swing.AbstractButton.fireActionPerformed(Ljava/awt/event/ActionEvent;)V+83
j  javax.swing.AbstractButton$Handler.actionPerformed(Ljava/awt/event/ActionEvent;)V+5
j  javax.swing.DefaultButtonModel.fireActionPerformed(Ljava/awt/event/ActionEvent;)V+34
j  javax.swing.DefaultButtonModel.setPressed(Z)V+117
j  javax.swing.plaf.basic.BasicButtonListener.mouseReleased(Ljava/awt/event/MouseEvent;)V+35
j  java.awt.Component.processMouseEvent(Ljava/awt/event/MouseEvent;)V+64
j  javax.swing.JComponent.processMouseEvent(Ljava/awt/event/MouseEvent;)V+23
j  java.awt.Component.processEvent(Ljava/awt/AWTEvent;)V+81
j  java.awt.Container.processEvent(Ljava/awt/AWTEvent;)V+18
j  java.awt.Component.dispatchEventImpl(Ljava/awt/AWTEvent;)V+589
j  java.awt.Container.dispatchEventImpl(Ljava/awt/AWTEvent;)V+42
J 648 C1 java.awt.LightweightDispatcher.retargetMouseEvent(Ljava/awt/Component;ILjava/awt/event/MouseEvent;)V (350 bytes) @ 0x024303ac [0x0242fd70+0x63c]
j  java.awt.LightweightDispatcher.processMouseEvent(Ljava/awt/event/MouseEvent;)Z+143
j  java.awt.LightweightDispatcher.dispatchEvent(Ljava/awt/AWTEvent;)Z+50
j  java.awt.Container.dispatchEventImpl(Ljava/awt/AWTEvent;)V+12
j  java.awt.Window.dispatchEventImpl(Ljava/awt/AWTEvent;)V+19
J 681 C1 java.awt.EventQueue.dispatchEventImpl(Ljava/awt/AWTEvent;Ljava/lang/Object;)V (149 bytes) @ 0x0243c948 [0x0243c570+0x3d8]
J 680 C1 java.awt.EventQueue.access$500(Ljava/awt/EventQueue;Ljava/awt/AWTEvent;Ljava/lang/Object;)V (7 bytes) @ 0x0243c29c [0x0243c280+0x1c]
j  java.awt.EventQueue$3.run()Ljava/lang/Void;+32
j  java.awt.EventQueue$3.run()Ljava/lang/Object;+1
v  ~StubRoutines::call_stub
V  [jvm.dll+0x155c05]
V  [jvm.dll+0x21b0be]
V  [jvm.dll+0x155c9e]
V  [jvm.dll+0x106eaf]
C  [java.dll+0x102f]
J 479 C1 java.security.ProtectionDomain$1.doIntersectionPrivilege(Ljava/security/PrivilegedAction;Ljava/security/AccessControlContext;Ljava/security/AccessControlContext;)Ljava/lang/Object; (32 bytes) @ 0x023f49d4 [0x023f4930+0xa4]
j  java.security.ProtectionDomain$1.doIntersectionPrivilege(Ljava/security/PrivilegedAction;Ljava/security/AccessControlContext;)Ljava/lang/Object;+6
j  java.awt.EventQueue$4.run()Ljava/lang/Void;+11
j  java.awt.EventQueue$4.run()Ljava/lang/Object;+1
v  ~StubRoutines::call_stub
V  [jvm.dll+0x155c05]
V  [jvm.dll+0x21b0be]
V  [jvm.dll+0x155c9e]
V  [jvm.dll+0x106eaf]
C  [java.dll+0x102f]
J 677 C1 java.awt.EventQueue.dispatchEvent(Ljava/awt/AWTEvent;)V (80 bytes) @ 0x0243b4f4 [0x0243b240+0x2b4]
J 475 C1 java.awt.EventDispatchThread.pumpOneEventForFilters(I)V (295 bytes) @ 0x023f2914 [0x023f2280+0x694]
j  java.awt.EventDispatchThread.pumpEventsForFilter(ILjava/awt/Conditional;Ljava/awt/EventFilter;)V+35
j  java.awt.EventDispatchThread.pumpEventsForHierarchy(ILjava/awt/Conditional;Ljava/awt/Component;)V+11
j  java.awt.EventDispatchThread.pumpEvents(ILjava/awt/Conditional;)V+4
j  java.awt.EventDispatchThread.pumpEvents(Ljava/awt/Conditional;)V+3
j  java.awt.EventDispatchThread.run()V+9
v  ~StubRoutines::call_stub
V  [jvm.dll+0x155c05]
V  [jvm.dll+0x21b0be]
V  [jvm.dll+0x155c9e]
V  [jvm.dll+0x155e26]
V  [jvm.dll+0x155e97]
V  [jvm.dll+0xfafaf]
V  [jvm.dll+0x178f3c]
V  [jvm.dll+0x17902a]
V  [jvm.dll+0x1bd616]
C  [msvcr100.dll+0x5c556]
C  [msvcr100.dll+0x5c600]
C  [KERNEL32.DLL+0x4198]
C  [ntdll.dll+0x5601b]
C  [ntdll.dll+0x55fe9]
C  0x00000000

Java frames: (J=compiled Java code, j=interpreted, Vv=VM code)
j  com.googlecode.fannj.Fann.fann_run(Lcom/sun/jna/Pointer;[F)Lcom/sun/jna/Pointer;+0
j  com.googlecode.fannj.Fann.run([F)[F+5
j  ParseNeural.main()V+146
j  Main$4.actionPerformed(Ljava/awt/event/ActionEvent;)V+8
j  javax.swing.AbstractButton.fireActionPerformed(Ljava/awt/event/ActionEvent;)V+83
j  javax.swing.AbstractButton$Handler.actionPerformed(Ljava/awt/event/ActionEvent;)V+5
j  javax.swing.DefaultButtonModel.fireActionPerformed(Ljava/awt/event/ActionEvent;)V+34
j  javax.swing.DefaultButtonModel.setPressed(Z)V+117
j  javax.swing.plaf.basic.BasicButtonListener.mouseReleased(Ljava/awt/event/MouseEvent;)V+35
j  java.awt.Component.processMouseEvent(Ljava/awt/event/MouseEvent;)V+64
j  javax.swing.JComponent.processMouseEvent(Ljava/awt/event/MouseEvent;)V+23
j  java.awt.Component.processEvent(Ljava/awt/AWTEvent;)V+81
j  java.awt.Container.processEvent(Ljava/awt/AWTEvent;)V+18
j  java.awt.Component.dispatchEventImpl(Ljava/awt/AWTEvent;)V+589
j  java.awt.Container.dispatchEventImpl(Ljava/awt/AWTEvent;)V+42
J 648 C1 java.awt.LightweightDispatcher.retargetMouseEvent(Ljava/awt/Component;ILjava/awt/event/MouseEvent;)V (350 bytes) @ 0x024303ac [0x0242fd70+0x63c]
j  java.awt.LightweightDispatcher.processMouseEvent(Ljava/awt/event/MouseEvent;)Z+143
j  java.awt.LightweightDispatcher.dispatchEvent(Ljava/awt/AWTEvent;)Z+50
j  java.awt.Container.dispatchEventImpl(Ljava/awt/AWTEvent;)V+12
j  java.awt.Window.dispatchEventImpl(Ljava/awt/AWTEvent;)V+19
J 681 C1 java.awt.EventQueue.dispatchEventImpl(Ljava/awt/AWTEvent;Ljava/lang/Object;)V (149 bytes) @ 0x0243c948 [0x0243c570+0x3d8]
J 680 C1 java.awt.EventQueue.access$500(Ljava/awt/EventQueue;Ljava/awt/AWTEvent;Ljava/lang/Object;)V (7 bytes) @ 0x0243c29c [0x0243c280+0x1c]
j  java.awt.EventQueue$3.run()Ljava/lang/Void;+32
j  java.awt.EventQueue$3.run()Ljava/lang/Object;+1
v  ~StubRoutines::call_stub
J 477  java.security.AccessController.doPrivileged(Ljava/security/PrivilegedAction;Ljava/security/AccessControlContext;)Ljava/lang/Object; (0 bytes) @ 0x023f4487 [0x023f4420+0x67]
J 479 C1 java.security.ProtectionDomain$1.doIntersectionPrivilege(Ljava/security/PrivilegedAction;Ljava/security/AccessControlContext;Ljava/security/AccessControlContext;)Ljava/lang/Object; (32 bytes) @ 0x023f49d4 [0x023f4930+0xa4]
j  java.security.ProtectionDomain$1.doIntersectionPrivilege(Ljava/security/PrivilegedAction;Ljava/security/AccessControlContext;)Ljava/lang/Object;+6
j  java.awt.EventQueue$4.run()Ljava/lang/Void;+11
j  java.awt.EventQueue$4.run()Ljava/lang/Object;+1
v  ~StubRoutines::call_stub
J 477  java.security.AccessController.doPrivileged(Ljava/security/PrivilegedAction;Ljava/security/AccessControlContext;)Ljava/lang/Object; (0 bytes) @ 0x023f4487 [0x023f4420+0x67]
J 677 C1 java.awt.EventQueue.dispatchEvent(Ljava/awt/AWTEvent;)V (80 bytes) @ 0x0243b4f4 [0x0243b240+0x2b4]
J 475 C1 java.awt.EventDispatchThread.pumpOneEventForFilters(I)V (295 bytes) @ 0x023f2914 [0x023f2280+0x694]
j  java.awt.EventDispatchThread.pumpEventsForFilter(ILjava/awt/Conditional;Ljava/awt/EventFilter;)V+35
j  java.awt.EventDispatchThread.pumpEventsForHierarchy(ILjava/awt/Conditional;Ljava/awt/Component;)V+11
j  java.awt.EventDispatchThread.pumpEvents(ILjava/awt/Conditional;)V+4
j  java.awt.EventDispatchThread.pumpEvents(Ljava/awt/Conditional;)V+3
j  java.awt.EventDispatchThread.run()V+9
v  ~StubRoutines::call_stub

---------------  P R O C E S S  ---------------

Java Threads: ( => current thread )
  0x14a3bc00 JavaThread "Image Fetcher 3" daemon [_thread_blocked, id=2712, stack(0x16110000,0x16160000)]
  0x1550b000 JavaThread "TimerQueue" daemon [_thread_blocked, id=5780, stack(0x160c0000,0x16110000)]
  0x0209b800 JavaThread "DestroyJavaVM" [_thread_blocked, id=3640, stack(0x01170000,0x011c0000)]
  0x15413c00 JavaThread "Image Animator 2" daemon [_thread_in_native, id=4868, stack(0x158a0000,0x158f0000)]
=>0x14a54c00 JavaThread "AWT-EventQueue-0" [_thread_in_native, id=4032, stack(0x15350000,0x153a0000)]
  0x149f2400 JavaThread "AWT-Windows" daemon [_thread_in_native, id=5628, stack(0x14cf0000,0x14d40000)]
  0x149f1000 JavaThread "AWT-Shutdown" [_thread_blocked, id=4512, stack(0x14ca0000,0x14cf0000)]
  0x149f0400 JavaThread "Java2D Disposer" daemon [_thread_blocked, id=6032, stack(0x14c50000,0x14ca0000)]
  0x1488a000 JavaThread "Service Thread" daemon [_thread_blocked, id=4776, stack(0x14ab0000,0x14b00000)]
  0x14882c00 JavaThread "C1 CompilerThread0" daemon [_thread_blocked, id=1920, stack(0x14a60000,0x14ab0000)]
  0x1488d800 JavaThread "Attach Listener" daemon [_thread_blocked, id=1944, stack(0x043a0000,0x043f0000)]
  0x1488c800 JavaThread "Signal Dispatcher" daemon [_thread_blocked, id=1352, stack(0x04350000,0x043a0000)]
  0x14865800 JavaThread "Finalizer" daemon [_thread_blocked, id=4316, stack(0x04300000,0x04350000)]
  0x0208e800 JavaThread "Reference Handler" daemon [_thread_blocked, id=6108, stack(0x042b0000,0x04300000)]

Other Threads:
  0x0208bc00 VMThread [stack: 0x020a0000,0x020f0000] [id=4684]
  0x1488b800 WatcherThread [stack: 0x14b00000,0x14b50000] [id=6052]

VM state:not at safepoint (normal execution)

VM Mutex/Monitor currently owned by a thread: None

Heap:
 def new generation   total 4928K, used 1177K [0x04400000, 0x04950000, 0x09950000)
  eden space 4416K,  15% used [0x04400000, 0x044a66d0, 0x04850000)
  from space 512K, 100% used [0x04850000, 0x048d0000, 0x048d0000)
  to   space 512K,   0% used [0x048d0000, 0x048d0000, 0x04950000)
 tenured generation   total 10944K, used 4359K [0x09950000, 0x0a400000, 0x14400000)
   the space 10944K,  39% used [0x09950000, 0x09d91dc0, 0x09d91e00, 0x0a400000)
 Metaspace       used 8605K, capacity 8792K, committed 8960K, reserved 9600K

Card table byte_map: [0x02180000,0x02210000] byte_map_base: 0x0215e000

Polling page: 0x011c0000

CodeCache: size=32768Kb used=1650Kb max_used=1650Kb free=31117Kb
 bounds [0x022b0000, 0x02450000, 0x042b0000]
 total_blobs=943 nmethods=701 adapters=172
 compilation: enabled

Compilation events (10 events):
Event: 29.467 Thread 0x14882c00  699             java.util.Properties::loadConvert (505 bytes)
Event: 29.468 Thread 0x14882c00 nmethod 699 0x02449a08 code [0x02449b50, 0x02449f78]
Event: 29.503 Thread 0x14882c00  700             sun.security.provider.SHA::implCompress (491 bytes)
Event: 29.505 Thread 0x14882c00 nmethod 700 0x0244a488 code [0x0244a5b0, 0x0244a9fc]
Event: 29.505 Thread 0x14882c00  701             sun.nio.cs.SingleByte$Encoder::encode (32 bytes)
Event: 29.505 Thread 0x14882c00 nmethod 701 0x0244adc8 code [0x0244aed0, 0x0244afc0]
Event: 29.505 Thread 0x14882c00  702             sun.nio.cs.SingleByte$Encoder::encode (114 bytes)
Event: 29.506 Thread 0x14882c00 nmethod 702 0x0244b0c8 code [0x0244b1e0, 0x0244b4b0]
Event: 29.673 Thread 0x14882c00  703             java.lang.ThreadLocal::get (38 bytes)
Event: 29.673 Thread 0x14882c00 nmethod 703 0x0244c5c8 code [0x0244c6e0, 0x0244c7e4]

GC Heap History (10 events):
Event: 19.150 GC heap before
{Heap before GC invocations=7 (full 0):
 def new generation   total 4928K, used 4540K [0x04400000, 0x04950000, 0x09950000)
  eden space 4416K, 100% used [0x04400000, 0x04850000, 0x04850000)
  from space 512K,  24% used [0x048d0000, 0x048ef398, 0x04950000)
  to   space 512K,   0% used [0x04850000, 0x04850000, 0x048d0000)
 tenured generation   total 10944K, used 4110K [0x09950000, 0x0a400000, 0x14400000)
   the space 10944K,  37% used [0x09950000, 0x09d53ad8, 0x09d53c00, 0x0a400000)
 Metaspace       used 7737K, capacity 7950K, committed 8064K, reserved 8576K
Event: 19.154 GC heap after
Heap after GC invocations=8 (full 0):
 def new generation   total 4928K, used 129K [0x04400000, 0x04950000, 0x09950000)
  eden space 4416K,   0% used [0x04400000, 0x04400000, 0x04850000)
  from space 512K,  25% used [0x04850000, 0x04870438, 0x048d0000)
  to   space 512K,   0% used [0x048d0000, 0x048d0000, 0x04950000)
 tenured generation   total 10944K, used 4110K [0x09950000, 0x0a400000, 0x14400000)
   the space 10944K,  37% used [0x09950000, 0x09d53ad8, 0x09d53c00, 0x0a400000)
 Metaspace       used 7737K, capacity 7950K, committed 8064K, reserved 8576K
}
Event: 21.631 GC heap before
{Heap before GC invocations=8 (full 0):
 def new generation   total 4928K, used 4545K [0x04400000, 0x04950000, 0x09950000)
  eden space 4416K, 100% used [0x04400000, 0x04850000, 0x04850000)
  from space 512K,  25% used [0x04850000, 0x04870438, 0x048d0000)
  to   space 512K,   0% used [0x048d0000, 0x048d0000, 0x04950000)
 tenured generation   total 10944K, used 4110K [0x09950000, 0x0a400000, 0x14400000)
   the space 10944K,  37% used [0x09950000, 0x09d53ad8, 0x09d53c00, 0x0a400000)
 Metaspace       used 7737K, capacity 7950K, committed 8064K, reserved 8576K
Event: 21.633 GC heap after
Heap after GC invocations=9 (full 0):
 def new generation   total 4928K, used 127K [0x04400000, 0x04950000, 0x09950000)
  eden space 4416K,   0% used [0x04400000, 0x04400000, 0x04850000)
  from space 512K,  24% used [0x048d0000, 0x048efda0, 0x04950000)
  to   space 512K,   0% used [0x04850000, 0x04850000, 0x048d0000)
 tenured generation   total 10944K, used 4110K [0x09950000, 0x0a400000, 0x14400000)
   the space 10944K,  37% used [0x09950000, 0x09d53ad8, 0x09d53c00, 0x0a400000)
 Metaspace       used 7737K, capacity 7950K, committed 8064K, reserved 8576K
}
Event: 24.475 GC heap before
{Heap before GC invocations=9 (full 0):
 def new generation   total 4928K, used 4543K [0x04400000, 0x04950000, 0x09950000)
  eden space 4416K, 100% used [0x04400000, 0x04850000, 0x04850000)
  from space 512K,  24% used [0x048d0000, 0x048efda0, 0x04950000)
  to   space 512K,   0% used [0x04850000, 0x04850000, 0x048d0000)
 tenured generation   total 10944K, used 4110K [0x09950000, 0x0a400000, 0x14400000)
   the space 10944K,  37% used [0x09950000, 0x09d53ad8, 0x09d53c00, 0x0a400000)
 Metaspace       used 7737K, capacity 7950K, committed 8064K, reserved 8576K
Event: 24.477 GC heap after
Heap after GC invocations=10 (full 0):
 def new generation   total 4928K, used 125K [0x04400000, 0x04950000, 0x09950000)
  eden space 4416K,   0% used [0x04400000, 0x04400000, 0x04850000)
  from space 512K,  24% used [0x04850000, 0x0486f7f8, 0x048d0000)
  to   space 512K,   0% used [0x048d0000, 0x048d0000, 0x04950000)
 tenured generation   total 10944K, used 4110K [0x09950000, 0x0a400000, 0x14400000)
   the space 10944K,  37% used [0x09950000, 0x09d53ad8, 0x09d53c00, 0x0a400000)
 Metaspace       used 7737K, capacity 7950K, committed 8064K, reserved 8576K
}
Event: 27.301 GC heap before
{Heap before GC invocations=10 (full 0):
 def new generation   total 4928K, used 4541K [0x04400000, 0x04950000, 0x09950000)
  eden space 4416K, 100% used [0x04400000, 0x04850000, 0x04850000)
  from space 512K,  24% used [0x04850000, 0x0486f7f8, 0x048d0000)
  to   space 512K,   0% used [0x048d0000, 0x048d0000, 0x04950000)
 tenured generation   total 10944K, used 4110K [0x09950000, 0x0a400000, 0x14400000)
   the space 10944K,  37% used [0x09950000, 0x09d53ad8, 0x09d53c00, 0x0a400000)
 Metaspace       used 7738K, capacity 7950K, committed 8064K, reserved 8576K
Event: 27.302 GC heap after
Heap after GC invocations=11 (full 0):
 def new generation   total 4928K, used 125K [0x04400000, 0x04950000, 0x09950000)
  eden space 4416K,   0% used [0x04400000, 0x04400000, 0x04850000)
  from space 512K,  24% used [0x048d0000, 0x048ef798, 0x04950000)
  to   space 512K,   0% used [0x04850000, 0x04850000, 0x048d0000)
 tenured generation   total 10944K, used 4110K [0x09950000, 0x0a400000, 0x14400000)
   the space 10944K,  37% used [0x09950000, 0x09d53ad8, 0x09d53c00, 0x0a400000)
 Metaspace       used 7738K, capacity 7950K, committed 8064K, reserved 8576K
}
Event: 30.085 GC heap before
{Heap before GC invocations=11 (full 0):
 def new generation   total 4928K, used 4541K [0x04400000, 0x04950000, 0x09950000)
  eden space 4416K, 100% used [0x04400000, 0x04850000, 0x04850000)
  from space 512K,  24% used [0x048d0000, 0x048ef798, 0x04950000)
  to   space 512K,   0% used [0x04850000, 0x04850000, 0x048d0000)
 tenured generation   total 10944K, used 4110K [0x09950000, 0x0a400000, 0x14400000)
   the space 10944K,  37% used [0x09950000, 0x09d53ad8, 0x09d53c00, 0x0a400000)
 Metaspace       used 8573K, capacity 8760K, committed 8832K, reserved 9600K
Event: 30.091 GC heap after
Heap after GC invocations=12 (full 0):
 def new generation   total 4928K, used 512K [0x04400000, 0x04950000, 0x09950000)
  eden space 4416K,   0% used [0x04400000, 0x04400000, 0x04850000)
  from space 512K, 100% used [0x04850000, 0x048d0000, 0x048d0000)
  to   space 512K,   0% used [0x048d0000, 0x048d0000, 0x04950000)
 tenured generation   total 10944K, used 4359K [0x09950000, 0x0a400000, 0x14400000)
   the space 10944K,  39% used [0x09950000, 0x09d91dc0, 0x09d91e00, 0x0a400000)
 Metaspace       used 8573K, capacity 8760K, committed 8832K, reserved 9600K
}

Deoptimization events (0 events):
No events

Internal exceptions (10 events):
Event: 0.480 Thread 0x0209b800 Exception <a 'java/security/PrivilegedActionException'> (0x044a7d08) thrown at [C:\re\workspace\8-2-build-windows-i586-cygwin\jdk8u40\3098\hotspot\src\share\vm\prims\jvm.cpp, line 1382]
Event: 0.485 Thread 0x0209b800 Exception <a 'java/security/PrivilegedActionException'> (0x044ab388) thrown at [C:\re\workspace\8-2-build-windows-i586-cygwin\jdk8u40\3098\hotspot\src\share\vm\prims\jvm.cpp, line 1382]
Event: 0.485 Thread 0x0209b800 Exception <a 'java/security/PrivilegedActionException'> (0x044ab538) thrown at [C:\re\workspace\8-2-build-windows-i586-cygwin\jdk8u40\3098\hotspot\src\share\vm\prims\jvm.cpp, line 1382]
Event: 0.739 Thread 0x0209b800 Exception <a 'java/io/FileNotFoundException'> (0x044ec720) thrown at [C:\re\workspace\8-2-build-windows-i586-cygwin\jdk8u40\3098\hotspot\src\share\vm\prims\jni.cpp, line 709]
Event: 0.933 Thread 0x0209b800 Exception <a 'java/lang/NoSuchFieldError': method resolution failed> (0x045c3690) thrown at [C:\re\workspace\8-2-build-windows-i586-cygwin\jdk8u40\3098\hotspot\src\share\vm\prims\methodHandles.cpp, line 1125]
Event: 0.938 Thread 0x0209b800 Exception <a 'java/lang/NoSuchFieldError': method resolution failed> (0x045d0ba8) thrown at [C:\re\workspace\8-2-build-windows-i586-cygwin\jdk8u40\3098\hotspot\src\share\vm\prims\methodHandles.cpp, line 1125]
Event: 1.058 Thread 0x0209b800 Exception <a 'java/io/FileNotFoundException'> (0x04699720) thrown at [C:\re\workspace\8-2-build-windows-i586-cygwin\jdk8u40\3098\hotspot\src\share\vm\prims\jni.cpp, line 709]
Event: 1.411 Thread 0x15413c00 Exception <a 'java/lang/InterruptedException': sleep interrupted> (0x04423170) thrown at [C:\re\workspace\8-2-build-windows-i586-cygwin\jdk8u40\3098\hotspot\src\share\vm\prims\jvm.cpp, line 3163]
Event: 27.725 Thread 0x14a3bc00 Exception <a 'java/lang/InterruptedException': sleep interrupted> (0x044c9120) thrown at [C:\re\workspace\8-2-build-windows-i586-cygwin\jdk8u40\3098\hotspot\src\share\vm\prims\jvm.cpp, line 3163]
Event: 27.735 Thread 0x15413c00 Exception <a 'java/lang/InterruptedException': sleep interrupted> (0x044d10d0) thrown at [C:\re\workspace\8-2-build-windows-i586-cygwin\jdk8u40\3098\hotspot\src\share\vm\prims\jvm.cpp, line 3163]

Events (10 events):
Event: 30.108 loading class com/sun/jna/FunctionParameterContext
Event: 30.108 loading class com/sun/jna/FunctionParameterContext done
Event: 30.110 loading class java/lang/SecurityException
Event: 30.111 loading class java/lang/SecurityException done
Event: 30.112 loading class com/sun/jna/MethodResultContext
Event: 30.112 loading class com/sun/jna/MethodResultContext done
Event: 30.114 loading class com/sun/jna/FunctionResultContext
Event: 30.114 loading class com/sun/jna/FunctionResultContext done
Event: 30.118 loading class com/sun/jna/Library
Event: 30.118 loading class com/sun/jna/Library done


Dynamic libraries:
0x01350000 - 0x01383000 	C:\Program Files\Java\jre1.8.0_40\bin\javaw.exe
0x77e20000 - 0x77f89000 	C:\Windows\SYSTEM32\ntdll.dll
0x76260000 - 0x76360000 	C:\Windows\system32\KERNEL32.DLL
0x75960000 - 0x75a39000 	C:\Windows\system32\KERNELBASE.dll
0x745a0000 - 0x74640000 	C:\Windows\system32\apphelp.dll
0x54f50000 - 0x551b5000 	C:\Windows\AppPatch\AcGenral.DLL
0x75db0000 - 0x75e73000 	C:\Windows\system32\msvcrt.dll
0x76930000 - 0x76971000 	C:\Windows\SYSTEM32\sechost.dll
0x75510000 - 0x75534000 	C:\Windows\SYSTEM32\SspiCli.dll
0x75cc0000 - 0x75d05000 	C:\Windows\system32\SHLWAPI.dll
0x74650000 - 0x7473e000 	C:\Windows\SYSTEM32\UxTheme.dll
0x76360000 - 0x764b5000 	C:\Windows\system32\USER32.dll
0x77d00000 - 0x77e12000 	C:\Windows\system32\GDI32.dll
0x68140000 - 0x68163000 	C:\Windows\SYSTEM32\WINMM.dll
0x70820000 - 0x70833000 	C:\Windows\SYSTEM32\samcli.dll
0x75f90000 - 0x760b8000 	C:\Windows\system32\ole32.dll
0x75d10000 - 0x75da5000 	C:\Windows\system32\OLEAUT32.dll
0x58650000 - 0x58667000 	C:\Windows\SYSTEM32\MSACM32.dll
0x70210000 - 0x70218000 	C:\Windows\SYSTEM32\VERSION.dll
0x769d0000 - 0x77c7c000 	C:\Windows\system32\SHELL32.dll
0x74df0000 - 0x74e0b000 	C:\Windows\SYSTEM32\USERENV.dll
0x73f50000 - 0x73f6a000 	C:\Windows\SYSTEM32\dwmapi.dll
0x6f5e0000 - 0x6f72b000 	C:\Windows\SYSTEM32\urlmon.dll
0x77c80000 - 0x77cfc000 	C:\Windows\system32\ADVAPI32.dll
0x69910000 - 0x69975000 	C:\Windows\SYSTEM32\WINSPOOL.DRV
0x67c40000 - 0x67c56000 	C:\Windows\SYSTEM32\MPR.dll
0x760c0000 - 0x76190000 	C:\Windows\system32\RPCRT4.dll
0x76690000 - 0x7680d000 	C:\Windows\SYSTEM32\combase.dll
0x680f0000 - 0x68113000 	C:\Windows\SYSTEM32\WINMMBASE.dll
0x75640000 - 0x7564f000 	C:\Windows\SYSTEM32\profapi.dll
0x6fb60000 - 0x6fd92000 	C:\Windows\SYSTEM32\iertutil.dll
0x6fe40000 - 0x70015000 	C:\Windows\SYSTEM32\WININET.dll
0x75920000 - 0x7595c000 	C:\Windows\SYSTEM32\cfgmgr32.dll
0x747d0000 - 0x747f1000 	C:\Windows\SYSTEM32\DEVOBJ.dll
0x76190000 - 0x7621b000 	C:\Windows\system32\SHCORE.DLL
0x76230000 - 0x76256000 	C:\Windows\system32\IMM32.DLL
0x76810000 - 0x76922000 	C:\Windows\system32\MSCTF.dll
0x73d40000 - 0x73f46000 	C:\Windows\WinSxS\x86_microsoft.windows.common-controls_6595b64144ccf1df_6.0.9600.17415_none_a9ed7f470139b3c1\COMCTL32.dll
0x69e10000 - 0x69ecf000 	C:\Program Files\Java\jre1.8.0_40\bin\msvcr100.dll
0x54ae0000 - 0x54ea0000 	C:\Program Files\Java\jre1.8.0_40\bin\client\jvm.dll
0x707c0000 - 0x707c8000 	C:\Windows\SYSTEM32\WSOCK32.dll
0x76680000 - 0x76686000 	C:\Windows\system32\PSAPI.DLL
0x76980000 - 0x769d0000 	C:\Windows\system32\WS2_32.dll
0x76220000 - 0x76227000 	C:\Windows\system32\NSI.dll
0x6f8d0000 - 0x6f8dc000 	C:\Program Files\Java\jre1.8.0_40\bin\verify.dll
0x65960000 - 0x65981000 	C:\Program Files\Java\jre1.8.0_40\bin\java.dll
0x66540000 - 0x66553000 	C:\Program Files\Java\jre1.8.0_40\bin\zip.dll
0x55420000 - 0x55565000 	C:\Program Files\Java\jre1.8.0_40\bin\awt.dll
0x747c0000 - 0x747c9000 	C:\Windows\SYSTEM32\kernel.appcore.dll
0x755a0000 - 0x755aa000 	C:\Windows\SYSTEM32\CRYPTBASE.dll
0x75540000 - 0x75594000 	C:\Windows\SYSTEM32\bcryptPrimitives.dll
0x656c0000 - 0x656d5000 	C:\Program Files\Java\jre1.8.0_40\bin\net.dll
0x75020000 - 0x7506b000 	C:\Windows\system32\mswsock.dll
0x69dd0000 - 0x69e09000 	C:\Program Files\Java\jre1.8.0_40\bin\fontmanager.dll
0x75e80000 - 0x75f0d000 	C:\Windows\SYSTEM32\clbcatq.dll
0x739b0000 - 0x73b1b000 	C:\Windows\SYSTEM32\WindowsCodecs.dll
0x75070000 - 0x75089000 	C:\Windows\SYSTEM32\CRYPTSP.dll
0x74cb0000 - 0x74ce0000 	C:\Windows\system32\rsaenh.dll
0x752b0000 - 0x752d0000 	C:\Windows\SYSTEM32\bcrypt.dll
0x6a460000 - 0x6a46f000 	C:\Program Files\Java\jre1.8.0_40\bin\nio.dll
0x6fb10000 - 0x6fb40000 	C:\Program Files\Java\jre1.8.0_40\bin\t2k.dll
0x6f900000 - 0x6f913000 	C:\Users\David\Downloads\FANN\bin\fannfloat.dll
0x710a0000 - 0x710c0000 	C:\Windows\SYSTEM32\IPHLPAPI.DLL
0x71040000 - 0x71048000 	C:\Windows\SYSTEM32\WINNSI.DLL
0x70e80000 - 0x70e93000 	C:\Windows\SYSTEM32\dhcpcsvc6.DLL
0x70e40000 - 0x70e54000 	C:\Windows\SYSTEM32\dhcpcsvc.DLL
0x16280000 - 0x162d5000 	C:\Users\David\AppData\Local\Temp\jna5413909051372221853.dll
0x66110000 - 0x66251000 	C:\Windows\SYSTEM32\dbghelp.dll

VM Arguments:
jvm_args: -Dfile.encoding=Cp1252 
java_command: Main
java_class_path (initial): C:\Users\David\Documents\GitHub\SistemasInteligentes\Desktop App\Inteligentes\bin;C:\Users\David\Documents\GitHub\SistemasInteligentes\Desktop App\Inteligentes\mysql-connector-java-3.0.17-ga-bin.jar;C:\Users\David\Documents\GitHub\SistemasInteligentes\Desktop App\Inteligentes\jna.jar;C:\Users\David\Documents\GitHub\SistemasInteligentes\Desktop App\Inteligentes\fannj-0.6.jar
Launcher Type: SUN_STANDARD

Environment Variables:
JAVA_HOME=C:\Program Files\Java\jdk1.8.0_40\bin
PATH=C:/Program Files/Java/jre1.8.0_40/bin/client;C:/Program Files/Java/jre1.8.0_40/bin;C:/Program Files/Java/jre1.8.0_40/lib/i386;C:\ProgramData\Oracle\Java\javapath;C:\Windows\system32;C:\Windows;C:\Windows\System32\Wbem;C:\Windows\System32\WindowsPowerShell\v1.0\;C:\Program Files\Java\jdk1.8.0_40\bin;C:\Program Files\Skype\Phone\;C:\Program Files\SourceGear\Common\DiffMerge\;C:\Program Files\Eclipse-Luna-Java\eclipse;
USERNAME=David
OS=Windows_NT
PROCESSOR_IDENTIFIER=x86 Family 6 Model 69 Stepping 1, GenuineIntel



---------------  S Y S T E M  ---------------

OS: Windows 8.1 Build 9600 (6.3.9600.17415)

CPU:total 2 (2 cores per cpu, 1 threads per core) family 6 model 69 stepping 1, cmov, cx8, fxsr, mmx, sse, sse2, sse3, ssse3, sse4.1, sse4.2, popcnt, clmul, erms, lzcnt, tsc, tscinvbit

Memory: 4k page, physical 1972588k(982644k free), swap 2890092k(1112216k free)

vm_info: Java HotSpot(TM) Client VM (25.40-b25) for windows-x86 JRE (1.8.0_40-b26), built on Mar  7 2015 13:51:08 by "java_re" with MS VC++ 10.0 (VS2010)

time: Mon Apr 13 18:06:34 2015
elapsed time: 30 seconds (0d 0h 0m 30s)

