#
# A fatal error has been detected by the Java Runtime Environment:
#
#  EXCEPTION_ACCESS_VIOLATION (0xc0000005) at pc=0x5d4c1c5e, pid=364, tid=2616
#
# JRE version: Java(TM) SE Runtime Environment (8.0_40-b26) (build 1.8.0_40-b26)
# Java VM: Java HotSpot(TM) Client VM (25.40-b25 mixed mode windows-x86 )
# Problematic frame:
# C  [fannfloat.dll+0x1c5e]
#
# Failed to write core dump. Minidumps are not enabled by default on client versions of Windows
#
# If you would like to submit a bug report, please visit:
#   http://bugreport.java.com/bugreport/crash.jsp
# The crash happened outside the Java Virtual Machine in native code.
# See problematic frame for where to report the bug.
#

---------------  T H R E A D  ---------------

Current thread (0x14945000):  JavaThread "AWT-EventQueue-0" [_thread_in_native, id=2616, stack(0x15380000,0x153d0000)]

siginfo: ExceptionCode=0xc0000005, reading address 0x0000001c

Registers:
EAX=0x153ce254, EBX=0x011fb298, ECX=0x00000001, EDX=0x00000000
ESP=0x153ce224, EBP=0x153ce248, ESI=0x00000000, EDI=0x00000002
EIP=0x5d4c1c5e, EFLAGS=0x00010212

Top of Stack: (sp=0x153ce224)
0x153ce224:   00000000 011fb298 011fb300 00000000
0x153ce234:   011fb298 00000000 00000002 153ce258
0x153ce244:   162bcb61 153ce258 162bcb67 00000000
0x153ce254:   14912a48 153ce298 162bc782 162bc560
0x153ce264:   153ce280 00000008 00000001 153ce4c0
0x153ce274:   5d4c1c50 00000004 153ce2c0 011fb298
0x153ce284:   153ce4c0 153ce478 00000006 00000002
0x153ce294:   153ce3b8 153ce458 162b7ec9 011fb298 

Instructions: (pc=0x5d4c1c5e)
0x5d4c1c3e:   ff ff ff 5f 5e 8b c3 5b 8b e5 5d c2 08 00 cc cc
0x5d4c1c4e:   cc cc 55 8b ec 83 e4 f8 83 ec 1c 53 56 8b 75 08
0x5d4c1c5e:   8b 46 1c 8b 08 8b 56 28 33 c0 57 85 d2 74 13 8b
0x5d4c1c6e:   7d 0c 83 c1 0c d9 04 87 40 d9 19 83 c1 18 3b c2 


Register to memory mapping:

EAX=0x153ce254 is pointing into the stack for thread: 0x14945000
EBX=0x011fb298 is an unknown value
ECX=0x00000001 is an unknown value
EDX=0x00000000 is an unknown value
ESP=0x153ce224 is pointing into the stack for thread: 0x14945000
EBP=0x153ce248 is pointing into the stack for thread: 0x14945000
ESI=0x00000000 is an unknown value
EDI=0x00000002 is an unknown value


Stack: [0x15380000,0x153d0000],  sp=0x153ce224,  free space=312k
Native frames: (J=compiled Java code, j=interpreted, Vv=VM code, C=native code)
C  [fannfloat.dll+0x1c5e]
C  [jna1174159603887772465.dll+0xcb67]
C  [jna1174159603887772465.dll+0xc782]
C  [jna1174159603887772465.dll+0x7ec9]
C  [jna1174159603887772465.dll+0xc834]
C  [jna1174159603887772465.dll+0xcc4e]
j  com.googlecode.fannj.Fann.fann_run(Lcom/sun/jna/Pointer;[F)Lcom/sun/jna/Pointer;+0
j  com.googlecode.fannj.Fann.run([F)[F+5
j  ParseNeural.neural()V+106
j  ParseNeural.main()V+43
j  Main$4.actionPerformed(Ljava/awt/event/ActionEvent;)V+8
j  javax.swing.AbstractButton.fireActionPerformed(Ljava/awt/event/ActionEvent;)V+83
j  javax.swing.AbstractButton$Handler.actionPerformed(Ljava/awt/event/ActionEvent;)V+5
j  javax.swing.DefaultButtonModel.fireActionPerformed(Ljava/awt/event/ActionEvent;)V+34
j  javax.swing.DefaultButtonModel.setPressed(Z)V+117
j  javax.swing.plaf.basic.BasicButtonListener.mouseReleased(Ljava/awt/event/MouseEvent;)V+35
j  java.awt.Component.processMouseEvent(Ljava/awt/event/MouseEvent;)V+64
j  javax.swing.JComponent.processMouseEvent(Ljava/awt/event/MouseEvent;)V+23
j  java.awt.Component.processEvent(Ljava/awt/AWTEvent;)V+81
j  java.awt.Container.processEvent(Ljava/awt/AWTEvent;)V+18
j  java.awt.Component.dispatchEventImpl(Ljava/awt/AWTEvent;)V+589
j  java.awt.Container.dispatchEventImpl(Ljava/awt/AWTEvent;)V+42
j  java.awt.Component.dispatchEvent(Ljava/awt/AWTEvent;)V+2
j  java.awt.LightweightDispatcher.retargetMouseEvent(Ljava/awt/Component;ILjava/awt/event/MouseEvent;)V+327
j  java.awt.LightweightDispatcher.processMouseEvent(Ljava/awt/event/MouseEvent;)Z+143
j  java.awt.LightweightDispatcher.dispatchEvent(Ljava/awt/AWTEvent;)Z+50
j  java.awt.Container.dispatchEventImpl(Ljava/awt/AWTEvent;)V+12
j  java.awt.Window.dispatchEventImpl(Ljava/awt/AWTEvent;)V+19
j  java.awt.Component.dispatchEvent(Ljava/awt/AWTEvent;)V+2
j  java.awt.EventQueue.dispatchEventImpl(Ljava/awt/AWTEvent;Ljava/lang/Object;)V+41
j  java.awt.EventQueue.access$500(Ljava/awt/EventQueue;Ljava/awt/AWTEvent;Ljava/lang/Object;)V+3
j  java.awt.EventQueue$3.run()Ljava/lang/Void;+32
j  java.awt.EventQueue$3.run()Ljava/lang/Object;+1
v  ~StubRoutines::call_stub
V  [jvm.dll+0x155c05]
V  [jvm.dll+0x21b0be]
V  [jvm.dll+0x155c9e]
V  [jvm.dll+0x106eaf]
C  [java.dll+0x102f]
j  java.security.ProtectionDomain$1.doIntersectionPrivilege(Ljava/security/PrivilegedAction;Ljava/security/AccessControlContext;Ljava/security/AccessControlContext;)Ljava/lang/Object;+28
j  java.security.ProtectionDomain$1.doIntersectionPrivilege(Ljava/security/PrivilegedAction;Ljava/security/AccessControlContext;)Ljava/lang/Object;+6
j  java.awt.EventQueue$4.run()Ljava/lang/Void;+11
j  java.awt.EventQueue$4.run()Ljava/lang/Object;+1
v  ~StubRoutines::call_stub
V  [jvm.dll+0x155c05]
V  [jvm.dll+0x21b0be]
V  [jvm.dll+0x155c9e]
V  [jvm.dll+0x106eaf]
C  [java.dll+0x102f]
j  java.security.ProtectionDomain$1.doIntersectionPrivilege(Ljava/security/PrivilegedAction;Ljava/security/AccessControlContext;Ljava/security/AccessControlContext;)Ljava/lang/Object;+28
j  java.awt.EventQueue.dispatchEvent(Ljava/awt/AWTEvent;)V+73
j  java.awt.EventDispatchThread.pumpOneEventForFilters(I)V+245
j  java.awt.EventDispatchThread.pumpEventsForFilter(ILjava/awt/Conditional;Ljava/awt/EventFilter;)V+35
j  java.awt.EventDispatchThread.pumpEventsForHierarchy(ILjava/awt/Conditional;Ljava/awt/Component;)V+11
j  java.awt.EventDispatchThread.pumpEvents(ILjava/awt/Conditional;)V+4
j  java.awt.EventDispatchThread.pumpEvents(Ljava/awt/Conditional;)V+3
j  java.awt.EventDispatchThread.run()V+9
v  ~StubRoutines::call_stub
V  [jvm.dll+0x155c05]
V  [jvm.dll+0x21b0be]
V  [jvm.dll+0x155c9e]
V  [jvm.dll+0x155e26]
V  [jvm.dll+0x155e97]
V  [jvm.dll+0xfafaf]
V  [jvm.dll+0x178f3c]
V  [jvm.dll+0x17902a]
V  [jvm.dll+0x1bd616]
C  [msvcr100.dll+0x5c556]
C  [msvcr100.dll+0x5c600]
C  [KERNEL32.DLL+0x4198]
C  [ntdll.dll+0x532b1]
C  [ntdll.dll+0x5327f]
C  0x00000000

Java frames: (J=compiled Java code, j=interpreted, Vv=VM code)
j  com.googlecode.fannj.Fann.fann_run(Lcom/sun/jna/Pointer;[F)Lcom/sun/jna/Pointer;+0
j  com.googlecode.fannj.Fann.run([F)[F+5
j  ParseNeural.neural()V+106
j  ParseNeural.main()V+43
j  Main$4.actionPerformed(Ljava/awt/event/ActionEvent;)V+8
j  javax.swing.AbstractButton.fireActionPerformed(Ljava/awt/event/ActionEvent;)V+83
j  javax.swing.AbstractButton$Handler.actionPerformed(Ljava/awt/event/ActionEvent;)V+5
j  javax.swing.DefaultButtonModel.fireActionPerformed(Ljava/awt/event/ActionEvent;)V+34
j  javax.swing.DefaultButtonModel.setPressed(Z)V+117
j  javax.swing.plaf.basic.BasicButtonListener.mouseReleased(Ljava/awt/event/MouseEvent;)V+35
j  java.awt.Component.processMouseEvent(Ljava/awt/event/MouseEvent;)V+64
j  javax.swing.JComponent.processMouseEvent(Ljava/awt/event/MouseEvent;)V+23
j  java.awt.Component.processEvent(Ljava/awt/AWTEvent;)V+81
j  java.awt.Container.processEvent(Ljava/awt/AWTEvent;)V+18
j  java.awt.Component.dispatchEventImpl(Ljava/awt/AWTEvent;)V+589
j  java.awt.Container.dispatchEventImpl(Ljava/awt/AWTEvent;)V+42
j  java.awt.Component.dispatchEvent(Ljava/awt/AWTEvent;)V+2
j  java.awt.LightweightDispatcher.retargetMouseEvent(Ljava/awt/Component;ILjava/awt/event/MouseEvent;)V+327
j  java.awt.LightweightDispatcher.processMouseEvent(Ljava/awt/event/MouseEvent;)Z+143
j  java.awt.LightweightDispatcher.dispatchEvent(Ljava/awt/AWTEvent;)Z+50
j  java.awt.Container.dispatchEventImpl(Ljava/awt/AWTEvent;)V+12
j  java.awt.Window.dispatchEventImpl(Ljava/awt/AWTEvent;)V+19
j  java.awt.Component.dispatchEvent(Ljava/awt/AWTEvent;)V+2
j  java.awt.EventQueue.dispatchEventImpl(Ljava/awt/AWTEvent;Ljava/lang/Object;)V+41
j  java.awt.EventQueue.access$500(Ljava/awt/EventQueue;Ljava/awt/AWTEvent;Ljava/lang/Object;)V+3
j  java.awt.EventQueue$3.run()Ljava/lang/Void;+32
j  java.awt.EventQueue$3.run()Ljava/lang/Object;+1
v  ~StubRoutines::call_stub
j  java.security.AccessController.doPrivileged(Ljava/security/PrivilegedAction;Ljava/security/AccessControlContext;)Ljava/lang/Object;+0
j  java.security.ProtectionDomain$1.doIntersectionPrivilege(Ljava/security/PrivilegedAction;Ljava/security/AccessControlContext;Ljava/security/AccessControlContext;)Ljava/lang/Object;+28
j  java.security.ProtectionDomain$1.doIntersectionPrivilege(Ljava/security/PrivilegedAction;Ljava/security/AccessControlContext;)Ljava/lang/Object;+6
j  java.awt.EventQueue$4.run()Ljava/lang/Void;+11
j  java.awt.EventQueue$4.run()Ljava/lang/Object;+1
v  ~StubRoutines::call_stub
j  java.security.AccessController.doPrivileged(Ljava/security/PrivilegedAction;Ljava/security/AccessControlContext;)Ljava/lang/Object;+0
j  java.security.ProtectionDomain$1.doIntersectionPrivilege(Ljava/security/PrivilegedAction;Ljava/security/AccessControlContext;Ljava/security/AccessControlContext;)Ljava/lang/Object;+28
j  java.awt.EventQueue.dispatchEvent(Ljava/awt/AWTEvent;)V+73
j  java.awt.EventDispatchThread.pumpOneEventForFilters(I)V+245
j  java.awt.EventDispatchThread.pumpEventsForFilter(ILjava/awt/Conditional;Ljava/awt/EventFilter;)V+35
j  java.awt.EventDispatchThread.pumpEventsForHierarchy(ILjava/awt/Conditional;Ljava/awt/Component;)V+11
j  java.awt.EventDispatchThread.pumpEvents(ILjava/awt/Conditional;)V+4
j  java.awt.EventDispatchThread.pumpEvents(Ljava/awt/Conditional;)V+3
j  java.awt.EventDispatchThread.run()V+9
v  ~StubRoutines::call_stub

---------------  P R O C E S S  ---------------

Java Threads: ( => current thread )
  0x1555c400 JavaThread "Image Fetcher 3" daemon [_thread_blocked, id=3696, stack(0x16140000,0x16190000)]
  0x1555ac00 JavaThread "TimerQueue" daemon [_thread_blocked, id=5100, stack(0x160f0000,0x16140000)]
  0x0123b800 JavaThread "DestroyJavaVM" [_thread_blocked, id=596, stack(0x01240000,0x01290000)]
  0x15420000 JavaThread "Image Animator 2" daemon [_thread_in_Java, id=4568, stack(0x158d0000,0x15920000)]
=>0x14945000 JavaThread "AWT-EventQueue-0" [_thread_in_native, id=2616, stack(0x15380000,0x153d0000)]
  0x148dcc00 JavaThread "AWT-Windows" daemon [_thread_in_native, id=3200, stack(0x14d20000,0x14d70000)]
  0x148dc400 JavaThread "AWT-Shutdown" [_thread_blocked, id=2340, stack(0x14cd0000,0x14d20000)]
  0x148dbc00 JavaThread "Java2D Disposer" daemon [_thread_blocked, id=2108, stack(0x14c80000,0x14cd0000)]
  0x1479c400 JavaThread "Service Thread" daemon [_thread_blocked, id=6064, stack(0x14ae0000,0x14b30000)]
  0x14775400 JavaThread "C1 CompilerThread0" daemon [_thread_blocked, id=3964, stack(0x14a90000,0x14ae0000)]
  0x14774000 JavaThread "Attach Listener" daemon [_thread_blocked, id=4704, stack(0x14a40000,0x14a90000)]
  0x14772000 JavaThread "Signal Dispatcher" daemon [_thread_blocked, id=5692, stack(0x149f0000,0x14a40000)]
  0x14755800 JavaThread "Finalizer" daemon [_thread_blocked, id=3156, stack(0x149a0000,0x149f0000)]
  0x0211e800 JavaThread "Reference Handler" daemon [_thread_blocked, id=4604, stack(0x14950000,0x149a0000)]

Other Threads:
  0x0211bc00 VMThread [stack: 0x041b0000,0x04200000] [id=3528]
  0x147a3c00 WatcherThread [stack: 0x14b30000,0x14b80000] [id=3980]

VM state:not at safepoint (normal execution)

VM Mutex/Monitor currently owned by a thread: None

Heap:
 def new generation   total 4928K, used 810K [0x04200000, 0x04750000, 0x09750000)
  eden space 4416K,   6% used [0x04200000, 0x0424aab0, 0x04650000)
  from space 512K, 100% used [0x04650000, 0x046d0000, 0x046d0000)
  to   space 512K,   0% used [0x046d0000, 0x046d0000, 0x04750000)
 tenured generation   total 10944K, used 4960K [0x09750000, 0x0a200000, 0x14200000)
   the space 10944K,  45% used [0x09750000, 0x09c283c0, 0x09c28400, 0x0a200000)
 Metaspace       used 8605K, capacity 8792K, committed 8960K, reserved 9600K

Card table byte_map: [0x14200000,0x14290000] byte_map_base: 0x141df000

Polling page: 0x00fd0000

CodeCache: size=32768Kb used=1282Kb max_used=1282Kb free=31485Kb
 bounds [0x021b0000, 0x022f8000, 0x041b0000]
 total_blobs=673 nmethods=433 adapters=171
 compilation: enabled

Compilation events (10 events):
Event: 5.716 Thread 0x14775400  431             java.lang.ThreadLocal::get (38 bytes)
Event: 5.716 Thread 0x14775400 nmethod 431 0x022ed8c8 code [0x022ed9e0, 0x022edae4]
Event: 5.967 Thread 0x14775400  432             java.util.zip.ZStreamRef::address (5 bytes)
Event: 5.968 Thread 0x14775400 nmethod 432 0x022edc08 code [0x022edd00, 0x022edd80]
Event: 6.116 Thread 0x14775400  433             java.lang.Class::getClassLoader0 (5 bytes)
Event: 6.117 Thread 0x14775400 nmethod 433 0x022eddc8 code [0x022edec0, 0x022edf40]
Event: 6.123 Thread 0x14775400  434  s!         sun.misc.URLClassPath::getLoader (197 bytes)
Event: 6.127 Thread 0x14775400 nmethod 434 0x022edf88 code [0x022ee1e0, 0x022ef2ec]
Event: 6.127 Thread 0x14775400  435  s          sun.misc.URLClassPath::getNextLoader (88 bytes)
Event: 6.128 Thread 0x14775400 nmethod 435 0x022f0448 code [0x022f0590, 0x022f0984]

GC Heap History (6 events):
Event: 1.247 GC heap before
{Heap before GC invocations=0 (full 0):
 def new generation   total 4928K, used 4416K [0x04200000, 0x04750000, 0x09750000)
  eden space 4416K, 100% used [0x04200000, 0x04650000, 0x04650000)
  from space 512K,   0% used [0x04650000, 0x04650000, 0x046d0000)
  to   space 512K,   0% used [0x046d0000, 0x046d0000, 0x04750000)
 tenured generation   total 10944K, used 0K [0x09750000, 0x0a200000, 0x14200000)
   the space 10944K,   0% used [0x09750000, 0x09750000, 0x09750200, 0x0a200000)
 Metaspace       used 6044K, capacity 6249K, committed 6400K, reserved 6528K
Event: 1.264 GC heap after
Heap after GC invocations=1 (full 0):
 def new generation   total 4928K, used 512K [0x04200000, 0x04750000, 0x09750000)
  eden space 4416K,   0% used [0x04200000, 0x04200000, 0x04650000)
  from space 512K, 100% used [0x046d0000, 0x04750000, 0x04750000)
  to   space 512K,   0% used [0x04650000, 0x04650000, 0x046d0000)
 tenured generation   total 10944K, used 1020K [0x09750000, 0x0a200000, 0x14200000)
   the space 10944K,   9% used [0x09750000, 0x0984f290, 0x0984f400, 0x0a200000)
 Metaspace       used 6044K, capacity 6249K, committed 6400K, reserved 6528K
}
Event: 2.118 GC heap before
{Heap before GC invocations=1 (full 0):
 def new generation   total 4928K, used 4928K [0x04200000, 0x04750000, 0x09750000)
  eden space 4416K, 100% used [0x04200000, 0x04650000, 0x04650000)
  from space 512K, 100% used [0x046d0000, 0x04750000, 0x04750000)
  to   space 512K,   0% used [0x04650000, 0x04650000, 0x046d0000)
 tenured generation   total 10944K, used 1020K [0x09750000, 0x0a200000, 0x14200000)
   the space 10944K,   9% used [0x09750000, 0x0984f290, 0x0984f400, 0x0a200000)
 Metaspace       used 7598K, capacity 7790K, committed 7936K, reserved 8576K
Event: 2.134 GC heap after
Heap after GC invocations=2 (full 0):
 def new generation   total 4928K, used 512K [0x04200000, 0x04750000, 0x09750000)
  eden space 4416K,   0% used [0x04200000, 0x04200000, 0x04650000)
  from space 512K, 100% used [0x04650000, 0x046d0000, 0x046d0000)
  to   space 512K,   0% used [0x046d0000, 0x046d0000, 0x04750000)
 tenured generation   total 10944K, used 3624K [0x09750000, 0x0a200000, 0x14200000)
   the space 10944K,  33% used [0x09750000, 0x09ada3b8, 0x09ada400, 0x0a200000)
 Metaspace       used 7598K, capacity 7790K, committed 7936K, reserved 8576K
}
Event: 4.013 GC heap before
{Heap before GC invocations=2 (full 0):
 def new generation   total 4928K, used 4914K [0x04200000, 0x04750000, 0x09750000)
  eden space 4416K,  99% used [0x04200000, 0x0464c850, 0x04650000)
  from space 512K, 100% used [0x04650000, 0x046d0000, 0x046d0000)
  to   space 512K,   0% used [0x046d0000, 0x046d0000, 0x04750000)
 tenured generation   total 10944K, used 3624K [0x09750000, 0x0a200000, 0x14200000)
   the space 10944K,  33% used [0x09750000, 0x09ada3b8, 0x09ada400, 0x0a200000)
 Metaspace       used 7969K, capacity 8152K, committed 8320K, reserved 8576K
Event: 4.023 GC heap after
Heap after GC invocations=3 (full 0):
 def new generation   total 4928K, used 467K [0x04200000, 0x04750000, 0x09750000)
  eden space 4416K,   0% used [0x04200000, 0x04200000, 0x04650000)
  from space 512K,  91% used [0x046d0000, 0x04744c30, 0x04750000)
  to   space 512K,   0% used [0x04650000, 0x04650000, 0x046d0000)
 tenured generation   total 10944K, used 4021K [0x09750000, 0x0a200000, 0x14200000)
   the space 10944K,  36% used [0x09750000, 0x09b3d730, 0x09b3d800, 0x0a200000)
 Metaspace       used 7969K, capacity 8152K, committed 8320K, reserved 8576K
}

Deoptimization events (0 events):
No events

Internal exceptions (10 events):
Event: 0.364 Thread 0x0123b800 Exception <a 'java/security/PrivilegedActionException'> (0x042a7d00) thrown at [C:\re\workspace\8-2-build-windows-i586-cygwin\jdk8u40\3098\hotspot\src\share\vm\prims\jvm.cpp, line 1382]
Event: 0.369 Thread 0x0123b800 Exception <a 'java/security/PrivilegedActionException'> (0x042ab380) thrown at [C:\re\workspace\8-2-build-windows-i586-cygwin\jdk8u40\3098\hotspot\src\share\vm\prims\jvm.cpp, line 1382]
Event: 0.369 Thread 0x0123b800 Exception <a 'java/security/PrivilegedActionException'> (0x042ab530) thrown at [C:\re\workspace\8-2-build-windows-i586-cygwin\jdk8u40\3098\hotspot\src\share\vm\prims\jvm.cpp, line 1382]
Event: 0.432 Thread 0x0123b800 Exception <a 'java/io/FileNotFoundException'> (0x042ec718) thrown at [C:\re\workspace\8-2-build-windows-i586-cygwin\jdk8u40\3098\hotspot\src\share\vm\prims\jni.cpp, line 709]
Event: 0.632 Thread 0x0123b800 Exception <a 'java/lang/NoSuchFieldError': method resolution failed> (0x043c3688) thrown at [C:\re\workspace\8-2-build-windows-i586-cygwin\jdk8u40\3098\hotspot\src\share\vm\prims\methodHandles.cpp, line 1125]
Event: 0.638 Thread 0x0123b800 Exception <a 'java/lang/NoSuchFieldError': method resolution failed> (0x043d0ba0) thrown at [C:\re\workspace\8-2-build-windows-i586-cygwin\jdk8u40\3098\hotspot\src\share\vm\prims\methodHandles.cpp, line 1125]
Event: 0.814 Thread 0x0123b800 Exception <a 'java/io/FileNotFoundException'> (0x04499718) thrown at [C:\re\workspace\8-2-build-windows-i586-cygwin\jdk8u40\3098\hotspot\src\share\vm\prims\jni.cpp, line 709]
Event: 1.409 Thread 0x15420000 Exception <a 'java/lang/InterruptedException': sleep interrupted> (0x04255c00) thrown at [C:\re\workspace\8-2-build-windows-i586-cygwin\jdk8u40\3098\hotspot\src\share\vm\prims\jvm.cpp, line 3163]
Event: 3.934 Thread 0x1555c400 Exception <a 'java/lang/InterruptedException': sleep interrupted> (0x045ff7b8) thrown at [C:\re\workspace\8-2-build-windows-i586-cygwin\jdk8u40\3098\hotspot\src\share\vm\prims\jvm.cpp, line 3163]
Event: 3.952 Thread 0x15420000 Exception <a 'java/lang/InterruptedException': sleep interrupted> (0x0460d708) thrown at [C:\re\workspace\8-2-build-windows-i586-cygwin\jdk8u40\3098\hotspot\src\share\vm\prims\jvm.cpp, line 3163]

Events (10 events):
Event: 6.125 loading class com/sun/jna/FunctionParameterContext
Event: 6.125 loading class com/sun/jna/FunctionParameterContext done
Event: 6.127 loading class java/lang/SecurityException
Event: 6.127 loading class java/lang/SecurityException done
Event: 6.129 loading class com/sun/jna/MethodResultContext
Event: 6.129 loading class com/sun/jna/MethodResultContext done
Event: 6.131 loading class com/sun/jna/FunctionResultContext
Event: 6.131 loading class com/sun/jna/FunctionResultContext done
Event: 6.135 loading class com/sun/jna/Library
Event: 6.135 loading class com/sun/jna/Library done


Dynamic libraries:
0x012d0000 - 0x01303000 	C:\Program Files\Java\jre1.8.0_40\bin\javaw.exe
0x77670000 - 0x777d9000 	C:\Windows\SYSTEM32\ntdll.dll
0x75920000 - 0x75a20000 	C:\Windows\system32\KERNEL32.DLL
0x750a0000 - 0x75179000 	C:\Windows\system32\KERNELBASE.dll
0x73df0000 - 0x73e90000 	C:\Windows\system32\apphelp.dll
0x50260000 - 0x504c5000 	C:\Windows\AppPatch\AcGenral.DLL
0x75460000 - 0x75523000 	C:\Windows\system32\msvcrt.dll
0x75a40000 - 0x75a81000 	C:\Windows\SYSTEM32\sechost.dll
0x74d60000 - 0x74d84000 	C:\Windows\SYSTEM32\SspiCli.dll
0x75710000 - 0x75755000 	C:\Windows\system32\SHLWAPI.dll
0x73ec0000 - 0x73fae000 	C:\Windows\SYSTEM32\UxTheme.dll
0x75dd0000 - 0x75f25000 	C:\Windows\system32\USER32.dll
0x75fd0000 - 0x760e2000 	C:\Windows\system32\GDI32.dll
0x67a50000 - 0x67a73000 	C:\Windows\SYSTEM32\WINMM.dll
0x70050000 - 0x70063000 	C:\Windows\SYSTEM32\samcli.dll
0x757f0000 - 0x75918000 	C:\Windows\system32\ole32.dll
0x75f30000 - 0x75fc5000 	C:\Windows\system32\OLEAUT32.dll
0x5a830000 - 0x5a847000 	C:\Windows\SYSTEM32\MSACM32.dll
0x6f820000 - 0x6f828000 	C:\Windows\SYSTEM32\VERSION.dll
0x760f0000 - 0x7739c000 	C:\Windows\system32\SHELL32.dll
0x74690000 - 0x746ab000 	C:\Windows\SYSTEM32\USERENV.dll
0x73650000 - 0x7366a000 	C:\Windows\SYSTEM32\dwmapi.dll
0x6f4f0000 - 0x6f63b000 	C:\Windows\SYSTEM32\urlmon.dll
0x75760000 - 0x757dc000 	C:\Windows\system32\ADVAPI32.dll
0x67da0000 - 0x67e05000 	C:\Windows\SYSTEM32\WINSPOOL.DRV
0x69f10000 - 0x69f26000 	C:\Windows\SYSTEM32\MPR.dll
0x75380000 - 0x75450000 	C:\Windows\system32\RPCRT4.dll
0x75a90000 - 0x75c0d000 	C:\Windows\SYSTEM32\combase.dll
0x67a20000 - 0x67a43000 	C:\Windows\SYSTEM32\WINMMBASE.dll
0x74e90000 - 0x74e9f000 	C:\Windows\SYSTEM32\profapi.dll
0x6ef20000 - 0x6f152000 	C:\Windows\SYSTEM32\iertutil.dll
0x6f640000 - 0x6f815000 	C:\Windows\SYSTEM32\WININET.dll
0x75250000 - 0x7528c000 	C:\Windows\SYSTEM32\cfgmgr32.dll
0x74010000 - 0x74031000 	C:\Windows\SYSTEM32\DEVOBJ.dll
0x752f0000 - 0x7537b000 	C:\Windows\system32\SHCORE.DLL
0x75650000 - 0x75676000 	C:\Windows\system32\IMM32.DLL
0x75530000 - 0x75642000 	C:\Windows\system32\MSCTF.dll
0x73440000 - 0x73646000 	C:\Windows\WinSxS\x86_microsoft.windows.common-controls_6595b64144ccf1df_6.0.9600.17415_none_a9ed7f470139b3c1\COMCTL32.dll
0x50ea0000 - 0x50f5f000 	C:\Program Files\Java\jre1.8.0_40\bin\msvcr100.dll
0x53730000 - 0x53af0000 	C:\Program Files\Java\jre1.8.0_40\bin\client\jvm.dll
0x6fff0000 - 0x6fff8000 	C:\Windows\SYSTEM32\WSOCK32.dll
0x75450000 - 0x75456000 	C:\Windows\system32\PSAPI.DLL
0x75c10000 - 0x75c60000 	C:\Windows\system32\WS2_32.dll
0x757e0000 - 0x757e7000 	C:\Windows\system32\NSI.dll
0x688c0000 - 0x688cc000 	C:\Program Files\Java\jre1.8.0_40\bin\verify.dll
0x686a0000 - 0x686c1000 	C:\Program Files\Java\jre1.8.0_40\bin\java.dll
0x68680000 - 0x68693000 	C:\Program Files\Java\jre1.8.0_40\bin\zip.dll
0x50d50000 - 0x50e95000 	C:\Program Files\Java\jre1.8.0_40\bin\awt.dll
0x74040000 - 0x74049000 	C:\Windows\SYSTEM32\kernel.appcore.dll
0x74df0000 - 0x74dfa000 	C:\Windows\SYSTEM32\CRYPTBASE.dll
0x74d90000 - 0x74de4000 	C:\Windows\SYSTEM32\bcryptPrimitives.dll
0x68660000 - 0x68675000 	C:\Program Files\Java\jre1.8.0_40\bin\net.dll
0x74870000 - 0x748bb000 	C:\Windows\system32\mswsock.dll
0x555e0000 - 0x55619000 	C:\Program Files\Java\jre1.8.0_40\bin\fontmanager.dll
0x75680000 - 0x7570d000 	C:\Windows\SYSTEM32\clbcatq.dll
0x73160000 - 0x732cb000 	C:\Windows\SYSTEM32\WindowsCodecs.dll
0x748c0000 - 0x748d9000 	C:\Windows\SYSTEM32\CRYPTSP.dll
0x74500000 - 0x74530000 	C:\Windows\system32\rsaenh.dll
0x74b00000 - 0x74b20000 	C:\Windows\SYSTEM32\bcrypt.dll
0x688b0000 - 0x688bf000 	C:\Program Files\Java\jre1.8.0_40\bin\nio.dll
0x5d400000 - 0x5d430000 	C:\Program Files\Java\jre1.8.0_40\bin\t2k.dll
0x5d4c0000 - 0x5d4d3000 	C:\Users\David\Downloads\FANN\bin\fannfloat.dll
0x71170000 - 0x71190000 	C:\Windows\SYSTEM32\IPHLPAPI.DLL
0x71160000 - 0x71168000 	C:\Windows\SYSTEM32\WINNSI.DLL
0x705d0000 - 0x705e3000 	C:\Windows\SYSTEM32\dhcpcsvc6.DLL
0x706e0000 - 0x706f4000 	C:\Windows\SYSTEM32\dhcpcsvc.DLL
0x162b0000 - 0x16305000 	C:\Users\David\AppData\Local\Temp\jna1174159603887772465.dll
0x63480000 - 0x635c1000 	C:\Windows\SYSTEM32\dbghelp.dll

VM Arguments:
jvm_args: -Dfile.encoding=Cp1252 
java_command: Main
java_class_path (initial): C:\Users\David\Documents\GitHub\SistemasInteligentes\Desktop App\Inteligentes\bin;C:\Users\David\Documents\GitHub\SistemasInteligentes\Desktop App\Inteligentes\mysql-connector-java-3.0.17-ga-bin.jar;C:\Users\David\Documents\GitHub\SistemasInteligentes\Desktop App\Inteligentes\jna.jar;C:\Users\David\Documents\GitHub\SistemasInteligentes\Desktop App\Inteligentes\fannj-0.6.jar
Launcher Type: SUN_STANDARD

Environment Variables:
JAVA_HOME=C:\Program Files\Java\jdk1.8.0_40\bin
PATH=C:/Program Files/Java/jre1.8.0_40/bin/client;C:/Program Files/Java/jre1.8.0_40/bin;C:/Program Files/Java/jre1.8.0_40/lib/i386;C:\ProgramData\Oracle\Java\javapath;C:\Windows\system32;C:\Windows;C:\Windows\System32\Wbem;C:\Windows\System32\WindowsPowerShell\v1.0\;C:\Program Files\Java\jdk1.8.0_40\bin;C:\Program Files\Skype\Phone\;C:\Program Files\SourceGear\Common\DiffMerge\;C:\Program Files\Eclipse-Luna-Java\eclipse;
USERNAME=David
OS=Windows_NT
PROCESSOR_IDENTIFIER=x86 Family 6 Model 69 Stepping 1, GenuineIntel



---------------  S Y S T E M  ---------------

OS: Windows 8.1 Build 9600 (6.3.9600.17415)

CPU:total 2 (2 cores per cpu, 1 threads per core) family 6 model 69 stepping 1, cmov, cx8, fxsr, mmx, sse, sse2, sse3, ssse3, sse4.1, sse4.2, popcnt, clmul, erms, lzcnt, tsc, tscinvbit

Memory: 4k page, physical 1972588k(301372k free), swap 2890092k(473700k free)

vm_info: Java HotSpot(TM) Client VM (25.40-b25) for windows-x86 JRE (1.8.0_40-b26), built on Mar  7 2015 13:51:08 by "java_re" with MS VC++ 10.0 (VS2010)

time: Thu Apr 16 22:14:43 2015
elapsed time: 6 seconds (0d 0h 0m 6s)

