#
# A fatal error has been detected by the Java Runtime Environment:
#
#  EXCEPTION_ACCESS_VIOLATION (0xc0000005) at pc=0x15e21c5e, pid=4500, tid=3964
#
# JRE version: Java(TM) SE Runtime Environment (8.0_40-b26) (build 1.8.0_40-b26)
# Java VM: Java HotSpot(TM) Client VM (25.40-b25 mixed mode windows-x86 )
# Problematic frame:
# C  [fannfloat.dll+0x1c5e]
#
# Failed to write core dump. Minidumps are not enabled by default on client versions of Windows
#
# If you would like to submit a bug report, please visit:
#   http://bugreport.java.com/bugreport/crash.jsp
# The crash happened outside the Java Virtual Machine in native code.
# See problematic frame for where to report the bug.
#

---------------  T H R E A D  ---------------

Current thread (0x14655400):  JavaThread "AWT-EventQueue-0" [_thread_in_native, id=3964, stack(0x14f50000,0x14fa0000)]

siginfo: ExceptionCode=0xc0000005, reading address 0x0000001c

Registers:
EAX=0x14f9e134, EBX=0x00e5b298, ECX=0x00000001, EDX=0x00000000
ESP=0x14f9e104, EBP=0x14f9e128, ESI=0x00000000, EDI=0x00000002
EIP=0x15e21c5e, EFLAGS=0x00010216

Top of Stack: (sp=0x14f9e104)
0x14f9e104:   00000000 00e5b298 00e5b300 00000000
0x14f9e114:   00e5b298 00000000 00000002 14f9e138
0x14f9e124:   15f5cb61 14f9e138 15f5cb67 00000000
0x14f9e134:   14612798 14f9e178 15f5c782 15f5c560
0x14f9e144:   14f9e160 00000008 00000001 14f9e3a0
0x14f9e154:   15e21c50 00000004 14f9e1a0 00e5b298
0x14f9e164:   14f9e3a0 14f9e358 77dadd94 00000005
0x14f9e174:   00000006 14f9e338 15f57ec9 00e5b298 

Instructions: (pc=0x15e21c5e)
0x15e21c3e:   ff ff ff 5f 5e 8b c3 5b 8b e5 5d c2 08 00 cc cc
0x15e21c4e:   cc cc 55 8b ec 83 e4 f8 83 ec 1c 53 56 8b 75 08
0x15e21c5e:   8b 46 1c 8b 08 8b 56 28 33 c0 57 85 d2 74 13 8b
0x15e21c6e:   7d 0c 83 c1 0c d9 04 87 40 d9 19 83 c1 18 3b c2 


Register to memory mapping:

EAX=0x14f9e134 is pointing into the stack for thread: 0x14655400
EBX=0x00e5b298 is an unknown value
ECX=0x00000001 is an unknown value
EDX=0x00000000 is an unknown value
ESP=0x14f9e104 is pointing into the stack for thread: 0x14655400
EBP=0x14f9e128 is pointing into the stack for thread: 0x14655400
ESI=0x00000000 is an unknown value
EDI=0x00000002 is an unknown value


Stack: [0x14f50000,0x14fa0000],  sp=0x14f9e104,  free space=312k
Native frames: (J=compiled Java code, j=interpreted, Vv=VM code, C=native code)
C  [fannfloat.dll+0x1c5e]
C  [jna7510247486323963238.dll+0xcb67]
C  [jna7510247486323963238.dll+0xc782]
C  [jna7510247486323963238.dll+0x7ec9]
C  [jna7510247486323963238.dll+0xc834]
C  [jna7510247486323963238.dll+0xcc4e]
j  com.googlecode.fannj.Fann.fann_run(Lcom/sun/jna/Pointer;[F)Lcom/sun/jna/Pointer;+0
j  com.googlecode.fannj.Fann.run([F)[F+5
j  ParseNeural.neural()V+106
j  ParseNeural.dataObtaining()V+17
j  ParseNeural.main()V+40
j  Main$4.actionPerformed(Ljava/awt/event/ActionEvent;)V+8
j  javax.swing.AbstractButton.fireActionPerformed(Ljava/awt/event/ActionEvent;)V+83
j  javax.swing.AbstractButton$Handler.actionPerformed(Ljava/awt/event/ActionEvent;)V+5
j  javax.swing.DefaultButtonModel.fireActionPerformed(Ljava/awt/event/ActionEvent;)V+34
j  javax.swing.DefaultButtonModel.setPressed(Z)V+117
j  javax.swing.plaf.basic.BasicButtonListener.mouseReleased(Ljava/awt/event/MouseEvent;)V+35
j  java.awt.Component.processMouseEvent(Ljava/awt/event/MouseEvent;)V+64
j  javax.swing.JComponent.processMouseEvent(Ljava/awt/event/MouseEvent;)V+23
j  java.awt.Component.processEvent(Ljava/awt/AWTEvent;)V+81
j  java.awt.Container.processEvent(Ljava/awt/AWTEvent;)V+18
j  java.awt.Component.dispatchEventImpl(Ljava/awt/AWTEvent;)V+589
j  java.awt.Container.dispatchEventImpl(Ljava/awt/AWTEvent;)V+42
j  java.awt.Component.dispatchEvent(Ljava/awt/AWTEvent;)V+2
j  java.awt.LightweightDispatcher.retargetMouseEvent(Ljava/awt/Component;ILjava/awt/event/MouseEvent;)V+327
j  java.awt.LightweightDispatcher.processMouseEvent(Ljava/awt/event/MouseEvent;)Z+143
j  java.awt.LightweightDispatcher.dispatchEvent(Ljava/awt/AWTEvent;)Z+50
j  java.awt.Container.dispatchEventImpl(Ljava/awt/AWTEvent;)V+12
j  java.awt.Window.dispatchEventImpl(Ljava/awt/AWTEvent;)V+19
j  java.awt.Component.dispatchEvent(Ljava/awt/AWTEvent;)V+2
j  java.awt.EventQueue.dispatchEventImpl(Ljava/awt/AWTEvent;Ljava/lang/Object;)V+41
j  java.awt.EventQueue.access$500(Ljava/awt/EventQueue;Ljava/awt/AWTEvent;Ljava/lang/Object;)V+3
j  java.awt.EventQueue$3.run()Ljava/lang/Void;+32
j  java.awt.EventQueue$3.run()Ljava/lang/Object;+1
v  ~StubRoutines::call_stub
V  [jvm.dll+0x155c05]
V  [jvm.dll+0x21b0be]
V  [jvm.dll+0x155c9e]
V  [jvm.dll+0x106eaf]
C  [java.dll+0x102f]
j  java.security.ProtectionDomain$1.doIntersectionPrivilege(Ljava/security/PrivilegedAction;Ljava/security/AccessControlContext;Ljava/security/AccessControlContext;)Ljava/lang/Object;+28
j  java.security.ProtectionDomain$1.doIntersectionPrivilege(Ljava/security/PrivilegedAction;Ljava/security/AccessControlContext;)Ljava/lang/Object;+6
j  java.awt.EventQueue$4.run()Ljava/lang/Void;+11
j  java.awt.EventQueue$4.run()Ljava/lang/Object;+1
v  ~StubRoutines::call_stub
V  [jvm.dll+0x155c05]
V  [jvm.dll+0x21b0be]
V  [jvm.dll+0x155c9e]
V  [jvm.dll+0x106eaf]
C  [java.dll+0x102f]
j  java.security.ProtectionDomain$1.doIntersectionPrivilege(Ljava/security/PrivilegedAction;Ljava/security/AccessControlContext;Ljava/security/AccessControlContext;)Ljava/lang/Object;+28
j  java.awt.EventQueue.dispatchEvent(Ljava/awt/AWTEvent;)V+73
j  java.awt.EventDispatchThread.pumpOneEventForFilters(I)V+245
j  java.awt.EventDispatchThread.pumpEventsForFilter(ILjava/awt/Conditional;Ljava/awt/EventFilter;)V+35
j  java.awt.EventDispatchThread.pumpEventsForHierarchy(ILjava/awt/Conditional;Ljava/awt/Component;)V+11
j  java.awt.EventDispatchThread.pumpEvents(ILjava/awt/Conditional;)V+4
j  java.awt.EventDispatchThread.pumpEvents(Ljava/awt/Conditional;)V+3
j  java.awt.EventDispatchThread.run()V+9
v  ~StubRoutines::call_stub
V  [jvm.dll+0x155c05]
V  [jvm.dll+0x21b0be]
V  [jvm.dll+0x155c9e]
V  [jvm.dll+0x155e26]
V  [jvm.dll+0x155e97]
V  [jvm.dll+0xfafaf]
V  [jvm.dll+0x178f3c]
V  [jvm.dll+0x17902a]
V  [jvm.dll+0x1bd616]
C  [msvcr100.dll+0x5c556]
C  [msvcr100.dll+0x5c600]
C  [KERNEL32.DLL+0x4198]
C  [ntdll.dll+0x532b1]
C  [ntdll.dll+0x5327f]
C  0x00000000

Java frames: (J=compiled Java code, j=interpreted, Vv=VM code)
j  com.googlecode.fannj.Fann.fann_run(Lcom/sun/jna/Pointer;[F)Lcom/sun/jna/Pointer;+0
j  com.googlecode.fannj.Fann.run([F)[F+5
j  ParseNeural.neural()V+106
j  ParseNeural.dataObtaining()V+17
j  ParseNeural.main()V+40
j  Main$4.actionPerformed(Ljava/awt/event/ActionEvent;)V+8
j  javax.swing.AbstractButton.fireActionPerformed(Ljava/awt/event/ActionEvent;)V+83
j  javax.swing.AbstractButton$Handler.actionPerformed(Ljava/awt/event/ActionEvent;)V+5
j  javax.swing.DefaultButtonModel.fireActionPerformed(Ljava/awt/event/ActionEvent;)V+34
j  javax.swing.DefaultButtonModel.setPressed(Z)V+117
j  javax.swing.plaf.basic.BasicButtonListener.mouseReleased(Ljava/awt/event/MouseEvent;)V+35
j  java.awt.Component.processMouseEvent(Ljava/awt/event/MouseEvent;)V+64
j  javax.swing.JComponent.processMouseEvent(Ljava/awt/event/MouseEvent;)V+23
j  java.awt.Component.processEvent(Ljava/awt/AWTEvent;)V+81
j  java.awt.Container.processEvent(Ljava/awt/AWTEvent;)V+18
j  java.awt.Component.dispatchEventImpl(Ljava/awt/AWTEvent;)V+589
j  java.awt.Container.dispatchEventImpl(Ljava/awt/AWTEvent;)V+42
j  java.awt.Component.dispatchEvent(Ljava/awt/AWTEvent;)V+2
j  java.awt.LightweightDispatcher.retargetMouseEvent(Ljava/awt/Component;ILjava/awt/event/MouseEvent;)V+327
j  java.awt.LightweightDispatcher.processMouseEvent(Ljava/awt/event/MouseEvent;)Z+143
j  java.awt.LightweightDispatcher.dispatchEvent(Ljava/awt/AWTEvent;)Z+50
j  java.awt.Container.dispatchEventImpl(Ljava/awt/AWTEvent;)V+12
j  java.awt.Window.dispatchEventImpl(Ljava/awt/AWTEvent;)V+19
j  java.awt.Component.dispatchEvent(Ljava/awt/AWTEvent;)V+2
j  java.awt.EventQueue.dispatchEventImpl(Ljava/awt/AWTEvent;Ljava/lang/Object;)V+41
j  java.awt.EventQueue.access$500(Ljava/awt/EventQueue;Ljava/awt/AWTEvent;Ljava/lang/Object;)V+3
j  java.awt.EventQueue$3.run()Ljava/lang/Void;+32
j  java.awt.EventQueue$3.run()Ljava/lang/Object;+1
v  ~StubRoutines::call_stub
j  java.security.AccessController.doPrivileged(Ljava/security/PrivilegedAction;Ljava/security/AccessControlContext;)Ljava/lang/Object;+0
j  java.security.ProtectionDomain$1.doIntersectionPrivilege(Ljava/security/PrivilegedAction;Ljava/security/AccessControlContext;Ljava/security/AccessControlContext;)Ljava/lang/Object;+28
j  java.security.ProtectionDomain$1.doIntersectionPrivilege(Ljava/security/PrivilegedAction;Ljava/security/AccessControlContext;)Ljava/lang/Object;+6
j  java.awt.EventQueue$4.run()Ljava/lang/Void;+11
j  java.awt.EventQueue$4.run()Ljava/lang/Object;+1
v  ~StubRoutines::call_stub
j  java.security.AccessController.doPrivileged(Ljava/security/PrivilegedAction;Ljava/security/AccessControlContext;)Ljava/lang/Object;+0
j  java.security.ProtectionDomain$1.doIntersectionPrivilege(Ljava/security/PrivilegedAction;Ljava/security/AccessControlContext;Ljava/security/AccessControlContext;)Ljava/lang/Object;+28
j  java.awt.EventQueue.dispatchEvent(Ljava/awt/AWTEvent;)V+73
j  java.awt.EventDispatchThread.pumpOneEventForFilters(I)V+245
j  java.awt.EventDispatchThread.pumpEventsForFilter(ILjava/awt/Conditional;Ljava/awt/EventFilter;)V+35
j  java.awt.EventDispatchThread.pumpEventsForHierarchy(ILjava/awt/Conditional;Ljava/awt/Component;)V+11
j  java.awt.EventDispatchThread.pumpEvents(ILjava/awt/Conditional;)V+4
j  java.awt.EventDispatchThread.pumpEvents(Ljava/awt/Conditional;)V+3
j  java.awt.EventDispatchThread.run()V+9
v  ~StubRoutines::call_stub

---------------  P R O C E S S  ---------------

Java Threads: ( => current thread )
  0x14573400 JavaThread "Image Animator 2" daemon [_thread_blocked, id=1400, stack(0x15dc0000,0x15e10000)]
  0x15138000 JavaThread "TimerQueue" daemon [_thread_blocked, id=1156, stack(0x15d70000,0x15dc0000)]
  0x01bfb800 JavaThread "DestroyJavaVM" [_thread_blocked, id=5236, stack(0x00df0000,0x00e40000)]
  0x14fef400 JavaThread "Image Fetcher 3" daemon [_thread_blocked, id=5496, stack(0x154a0000,0x154f0000)]
=>0x14655400 JavaThread "AWT-EventQueue-0" [_thread_in_native, id=3964, stack(0x14f50000,0x14fa0000)]
  0x145f3400 JavaThread "AWT-Windows" daemon [_thread_in_native, id=5488, stack(0x148f0000,0x14940000)]
  0x145f2800 JavaThread "AWT-Shutdown" [_thread_blocked, id=580, stack(0x148a0000,0x148f0000)]
  0x145f2000 JavaThread "Java2D Disposer" daemon [_thread_blocked, id=220, stack(0x14850000,0x148a0000)]
  0x144abc00 JavaThread "Service Thread" daemon [_thread_blocked, id=4036, stack(0x146b0000,0x14700000)]
  0x14482400 JavaThread "C1 CompilerThread0" daemon [_thread_blocked, id=1764, stack(0x14660000,0x146b0000)]
  0x14481400 JavaThread "Attach Listener" daemon [_thread_blocked, id=1712, stack(0x03f90000,0x03fe0000)]
  0x1448c000 JavaThread "Signal Dispatcher" daemon [_thread_blocked, id=3636, stack(0x03f40000,0x03f90000)]
  0x14465800 JavaThread "Finalizer" daemon [_thread_blocked, id=3444, stack(0x03ef0000,0x03f40000)]
  0x01e0e800 JavaThread "Reference Handler" daemon [_thread_blocked, id=3344, stack(0x03ea0000,0x03ef0000)]

Other Threads:
  0x01e0bc00 VMThread [stack: 0x01c00000,0x01c50000] [id=4672]
  0x144b1400 WatcherThread [stack: 0x14700000,0x14750000] [id=1872]

VM state:not at safepoint (normal execution)

VM Mutex/Monitor currently owned by a thread: None

Heap:
 def new generation   total 4928K, used 4493K [0x04000000, 0x04550000, 0x09550000)
  eden space 4416K,  99% used [0x04000000, 0x0444bcf8, 0x04450000)
  from space 512K,  18% used [0x044d0000, 0x044e7808, 0x04550000)
  to   space 512K,   0% used [0x04450000, 0x04450000, 0x044d0000)
 tenured generation   total 10944K, used 4624K [0x09550000, 0x0a000000, 0x14000000)
   the space 10944K,  42% used [0x09550000, 0x099d4120, 0x099d4200, 0x0a000000)
 Metaspace       used 8606K, capacity 8795K, committed 8960K, reserved 9600K

Card table byte_map: [0x03e10000,0x03ea0000] byte_map_base: 0x03df0000

Polling page: 0x00e40000

CodeCache: size=32768Kb used=1349Kb max_used=1349Kb free=31418Kb
 bounds [0x01e10000, 0x01f68000, 0x03e10000]
 total_blobs=727 nmethods=487 adapters=171
 compilation: enabled

Compilation events (10 events):
Event: 13.906 Thread 0x14482400  485             sun.nio.cs.SingleByte$Encoder::encode (32 bytes)
Event: 13.906 Thread 0x14482400 nmethod 485 0x01f5f248 code [0x01f5f350, 0x01f5f440]
Event: 13.906 Thread 0x14482400  486             sun.security.provider.SHA::implCompress (491 bytes)
Event: 13.908 Thread 0x14482400 nmethod 486 0x01f5f548 code [0x01f5f670, 0x01f5fabc]
Event: 13.908 Thread 0x14482400  487             sun.nio.cs.SingleByte$Encoder::encode (114 bytes)
Event: 13.910 Thread 0x14482400 nmethod 487 0x01f5fe88 code [0x01f5ffa0, 0x01f60270]
Event: 14.111 Thread 0x14482400  488             java.lang.ThreadLocal::get (38 bytes)
Event: 14.112 Thread 0x14482400 nmethod 488 0x01f61388 code [0x01f614a0, 0x01f615a4]
Event: 14.520 Thread 0x14482400  489             java.util.zip.ZStreamRef::address (5 bytes)
Event: 14.520 Thread 0x14482400 nmethod 489 0x01f616c8 code [0x01f617c0, 0x01f61840]

GC Heap History (10 events):
Event: 3.391 GC heap before
{Heap before GC invocations=0 (full 0):
 def new generation   total 4928K, used 4416K [0x04000000, 0x04550000, 0x09550000)
  eden space 4416K, 100% used [0x04000000, 0x04450000, 0x04450000)
  from space 512K,   0% used [0x04450000, 0x04450000, 0x044d0000)
  to   space 512K,   0% used [0x044d0000, 0x044d0000, 0x04550000)
 tenured generation   total 10944K, used 0K [0x09550000, 0x0a000000, 0x14000000)
   the space 10944K,   0% used [0x09550000, 0x09550000, 0x09550200, 0x0a000000)
 Metaspace       used 5886K, capacity 6089K, committed 6144K, reserved 6528K
Event: 3.407 GC heap after
Heap after GC invocations=1 (full 0):
 def new generation   total 4928K, used 512K [0x04000000, 0x04550000, 0x09550000)
  eden space 4416K,   0% used [0x04000000, 0x04000000, 0x04450000)
  from space 512K, 100% used [0x044d0000, 0x04550000, 0x04550000)
  to   space 512K,   0% used [0x04450000, 0x04450000, 0x044d0000)
 tenured generation   total 10944K, used 991K [0x09550000, 0x0a000000, 0x14000000)
   the space 10944K,   9% used [0x09550000, 0x09647d70, 0x09647e00, 0x0a000000)
 Metaspace       used 5886K, capacity 6089K, committed 6144K, reserved 6528K
}
Event: 4.612 GC heap before
{Heap before GC invocations=1 (full 0):
 def new generation   total 4928K, used 4928K [0x04000000, 0x04550000, 0x09550000)
  eden space 4416K, 100% used [0x04000000, 0x04450000, 0x04450000)
  from space 512K, 100% used [0x044d0000, 0x04550000, 0x04550000)
  to   space 512K,   0% used [0x04450000, 0x04450000, 0x044d0000)
 tenured generation   total 10944K, used 991K [0x09550000, 0x0a000000, 0x14000000)
   the space 10944K,   9% used [0x09550000, 0x09647d70, 0x09647e00, 0x0a000000)
 Metaspace       used 7557K, capacity 7758K, committed 7936K, reserved 8576K
Event: 4.633 GC heap after
Heap after GC invocations=2 (full 0):
 def new generation   total 4928K, used 512K [0x04000000, 0x04550000, 0x09550000)
  eden space 4416K,   0% used [0x04000000, 0x04000000, 0x04450000)
  from space 512K, 100% used [0x04450000, 0x044d0000, 0x044d0000)
  to   space 512K,   0% used [0x044d0000, 0x044d0000, 0x04550000)
 tenured generation   total 10944K, used 3686K [0x09550000, 0x0a000000, 0x14000000)
   the space 10944K,  33% used [0x09550000, 0x098e9ad0, 0x098e9c00, 0x0a000000)
 Metaspace       used 7557K, capacity 7758K, committed 7936K, reserved 8576K
}
Event: 7.077 GC heap before
{Heap before GC invocations=2 (full 0):
 def new generation   total 4928K, used 4928K [0x04000000, 0x04550000, 0x09550000)
  eden space 4416K, 100% used [0x04000000, 0x04450000, 0x04450000)
  from space 512K, 100% used [0x04450000, 0x044d0000, 0x044d0000)
  to   space 512K,   0% used [0x044d0000, 0x044d0000, 0x04550000)
 tenured generation   total 10944K, used 3686K [0x09550000, 0x0a000000, 0x14000000)
   the space 10944K,  33% used [0x09550000, 0x098e9ad0, 0x098e9c00, 0x0a000000)
 Metaspace       used 7678K, capacity 7886K, committed 8064K, reserved 8576K
Event: 7.084 GC heap after
Heap after GC invocations=3 (full 0):
 def new generation   total 4928K, used 332K [0x04000000, 0x04550000, 0x09550000)
  eden space 4416K,   0% used [0x04000000, 0x04000000, 0x04450000)
  from space 512K,  65% used [0x044d0000, 0x045233a0, 0x04550000)
  to   space 512K,   0% used [0x04450000, 0x04450000, 0x044d0000)
 tenured generation   total 10944K, used 4085K [0x09550000, 0x0a000000, 0x14000000)
   the space 10944K,  37% used [0x09550000, 0x0994d780, 0x0994d800, 0x0a000000)
 Metaspace       used 7678K, capacity 7886K, committed 8064K, reserved 8576K
}
Event: 9.775 GC heap before
{Heap before GC invocations=3 (full 0):
 def new generation   total 4928K, used 4748K [0x04000000, 0x04550000, 0x09550000)
  eden space 4416K, 100% used [0x04000000, 0x04450000, 0x04450000)
  from space 512K,  65% used [0x044d0000, 0x045233a0, 0x04550000)
  to   space 512K,   0% used [0x04450000, 0x04450000, 0x044d0000)
 tenured generation   total 10944K, used 4085K [0x09550000, 0x0a000000, 0x14000000)
   the space 10944K,  37% used [0x09550000, 0x0994d780, 0x0994d800, 0x0a000000)
 Metaspace       used 7996K, capacity 8184K, committed 8320K, reserved 8576K
Event: 9.779 GC heap after
Heap after GC invocations=4 (full 0):
 def new generation   total 4928K, used 424K [0x04000000, 0x04550000, 0x09550000)
  eden space 4416K,   0% used [0x04000000, 0x04000000, 0x04450000)
  from space 512K,  82% used [0x04450000, 0x044ba1f0, 0x044d0000)
  to   space 512K,   0% used [0x044d0000, 0x044d0000, 0x04550000)
 tenured generation   total 10944K, used 4304K [0x09550000, 0x0a000000, 0x14000000)
   the space 10944K,  39% used [0x09550000, 0x09984178, 0x09984200, 0x0a000000)
 Metaspace       used 7996K, capacity 8184K, committed 8320K, reserved 8576K
}
Event: 12.535 GC heap before
{Heap before GC invocations=4 (full 0):
 def new generation   total 4928K, used 4840K [0x04000000, 0x04550000, 0x09550000)
  eden space 4416K, 100% used [0x04000000, 0x04450000, 0x04450000)
  from space 512K,  82% used [0x04450000, 0x044ba1f0, 0x044d0000)
  to   space 512K,   0% used [0x044d0000, 0x044d0000, 0x04550000)
 tenured generation   total 10944K, used 4304K [0x09550000, 0x0a000000, 0x14000000)
   the space 10944K,  39% used [0x09550000, 0x09984178, 0x09984200, 0x0a000000)
 Metaspace       used 8001K, capacity 8187K, committed 8320K, reserved 8576K
Event: 12.542 GC heap after
Heap after GC invocations=5 (full 0):
 def new generation   total 4928K, used 94K [0x04000000, 0x04550000, 0x09550000)
  eden space 4416K,   0% used [0x04000000, 0x04000000, 0x04450000)
  from space 512K,  18% used [0x044d0000, 0x044e7808, 0x04550000)
  to   space 512K,   0% used [0x04450000, 0x04450000, 0x044d0000)
 tenured generation   total 10944K, used 4624K [0x09550000, 0x0a000000, 0x14000000)
   the space 10944K,  42% used [0x09550000, 0x099d4120, 0x099d4200, 0x0a000000)
 Metaspace       used 8001K, capacity 8187K, committed 8320K, reserved 8576K
}

Deoptimization events (0 events):
No events

Internal exceptions (10 events):
Event: 2.234 Thread 0x01bfb800 Exception <a 'java/lang/NoSuchFieldError': method resolution failed> (0x041c3620) thrown at [C:\re\workspace\8-2-build-windows-i586-cygwin\jdk8u40\3098\hotspot\src\share\vm\prims\methodHandles.cpp, line 1125]
Event: 2.239 Thread 0x01bfb800 Exception <a 'java/lang/NoSuchFieldError': method resolution failed> (0x041d0b38) thrown at [C:\re\workspace\8-2-build-windows-i586-cygwin\jdk8u40\3098\hotspot\src\share\vm\prims\methodHandles.cpp, line 1125]
Event: 2.577 Thread 0x01bfb800 Exception <a 'java/io/FileNotFoundException'> (0x042996b0) thrown at [C:\re\workspace\8-2-build-windows-i586-cygwin\jdk8u40\3098\hotspot\src\share\vm\prims\jni.cpp, line 709]
Event: 3.611 Thread 0x14fef400 Exception <a 'java/lang/InterruptedException': sleep interrupted> (0x04060050) thrown at [C:\re\workspace\8-2-build-windows-i586-cygwin\jdk8u40\3098\hotspot\src\share\vm\prims\jvm.cpp, line 3163]
Event: 7.637 Thread 0x14573400 Exception <a 'java/lang/InterruptedException': sleep interrupted> (0x04135358) thrown at [C:\re\workspace\8-2-build-windows-i586-cygwin\jdk8u40\3098\hotspot\src\share\vm\prims\jvm.cpp, line 3163]
Event: 7.666 Thread 0x14fef400 Exception <a 'java/lang/InterruptedException': sleep interrupted> (0x0413aae0) thrown at [C:\re\workspace\8-2-build-windows-i586-cygwin\jdk8u40\3098\hotspot\src\share\vm\prims\jvm.cpp, line 3163]
Event: 9.263 Thread 0x14573400 Exception <a 'java/lang/InterruptedException': sleep interrupted> (0x04376f60) thrown at [C:\re\workspace\8-2-build-windows-i586-cygwin\jdk8u40\3098\hotspot\src\share\vm\prims\jvm.cpp, line 3163]
Event: 9.284 Thread 0x14fef400 Exception <a 'java/lang/InterruptedException': sleep interrupted> (0x0435db60) thrown at [C:\re\workspace\8-2-build-windows-i586-cygwin\jdk8u40\3098\hotspot\src\share\vm\prims\jvm.cpp, line 3163]
Event: 12.199 Thread 0x14fef400 Exception <a 'java/lang/InterruptedException': sleep interrupted> (0x043cdfd8) thrown at [C:\re\workspace\8-2-build-windows-i586-cygwin\jdk8u40\3098\hotspot\src\share\vm\prims\jvm.cpp, line 3163]
Event: 12.230 Thread 0x14573400 Exception <a 'java/lang/InterruptedException': sleep interrupted> (0x043f5a80) thrown at [C:\re\workspace\8-2-build-windows-i586-cygwin\jdk8u40\3098\hotspot\src\share\vm\prims\jvm.cpp, line 3163]

Events (10 events):
Event: 14.701 loading class com/sun/jna/FunctionParameterContext
Event: 14.701 loading class com/sun/jna/FunctionParameterContext done
Event: 14.702 loading class java/lang/SecurityException
Event: 14.703 loading class java/lang/SecurityException done
Event: 14.705 loading class com/sun/jna/MethodResultContext
Event: 14.705 loading class com/sun/jna/MethodResultContext done
Event: 14.706 loading class com/sun/jna/FunctionResultContext
Event: 14.706 loading class com/sun/jna/FunctionResultContext done
Event: 14.710 loading class com/sun/jna/Library
Event: 14.710 loading class com/sun/jna/Library done


Dynamic libraries:
0x008e0000 - 0x00913000 	C:\Program Files\Java\jre1.8.0_40\bin\javaw.exe
0x76f10000 - 0x77079000 	C:\Windows\SYSTEM32\ntdll.dll
0x76d70000 - 0x76e70000 	C:\Windows\system32\KERNEL32.DLL
0x74a10000 - 0x74ae9000 	C:\Windows\system32\KERNELBASE.dll
0x73690000 - 0x73730000 	C:\Windows\system32\apphelp.dll
0x78af0000 - 0x78d55000 	C:\Windows\AppPatch\AcGenral.DLL
0x76690000 - 0x76753000 	C:\Windows\system32\msvcrt.dll
0x75de0000 - 0x75e21000 	C:\Windows\SYSTEM32\sechost.dll
0x74600000 - 0x74624000 	C:\Windows\SYSTEM32\SspiCli.dll
0x76b90000 - 0x76bd5000 	C:\Windows\system32\SHLWAPI.dll
0x73760000 - 0x7384e000 	C:\Windows\SYSTEM32\UxTheme.dll
0x76c10000 - 0x76d65000 	C:\Windows\system32\USER32.dll
0x76570000 - 0x76682000 	C:\Windows\system32\GDI32.dll
0x68320000 - 0x68343000 	C:\Windows\SYSTEM32\WINMM.dll
0x6d510000 - 0x6d523000 	C:\Windows\SYSTEM32\samcli.dll
0x762a0000 - 0x763c8000 	C:\Windows\system32\ole32.dll
0x76e70000 - 0x76f05000 	C:\Windows\system32\OLEAUT32.dll
0x5de40000 - 0x5de57000 	C:\Windows\SYSTEM32\MSACM32.dll
0x6ec00000 - 0x6ec08000 	C:\Windows\SYSTEM32\VERSION.dll
0x74b30000 - 0x75ddc000 	C:\Windows\system32\SHELL32.dll
0x73f30000 - 0x73f4b000 	C:\Windows\SYSTEM32\USERENV.dll
0x72ee0000 - 0x72efa000 	C:\Windows\SYSTEM32\dwmapi.dll
0x6e8d0000 - 0x6ea1b000 	C:\Windows\SYSTEM32\urlmon.dll
0x76760000 - 0x767dc000 	C:\Windows\system32\ADVAPI32.dll
0x66370000 - 0x663d5000 	C:\Windows\SYSTEM32\WINSPOOL.DRV
0x692a0000 - 0x692b6000 	C:\Windows\SYSTEM32\MPR.dll
0x761c0000 - 0x76290000 	C:\Windows\system32\RPCRT4.dll
0x767e0000 - 0x7695d000 	C:\Windows\SYSTEM32\combase.dll
0x67520000 - 0x67543000 	C:\Windows\SYSTEM32\WINMMBASE.dll
0x74730000 - 0x7473f000 	C:\Windows\SYSTEM32\profapi.dll
0x6e5f0000 - 0x6e822000 	C:\Windows\SYSTEM32\iertutil.dll
0x6ea20000 - 0x6ebf5000 	C:\Windows\SYSTEM32\WININET.dll
0x74840000 - 0x7487c000 	C:\Windows\SYSTEM32\cfgmgr32.dll
0x738b0000 - 0x738d1000 	C:\Windows\SYSTEM32\DEVOBJ.dll
0x76130000 - 0x761bb000 	C:\Windows\system32\SHCORE.DLL
0x76be0000 - 0x76c06000 	C:\Windows\system32\IMM32.DLL
0x763f0000 - 0x76502000 	C:\Windows\system32\MSCTF.dll
0x72cd0000 - 0x72ed6000 	C:\Windows\WinSxS\x86_microsoft.windows.common-controls_6595b64144ccf1df_6.0.9600.17415_none_a9ed7f470139b3c1\COMCTL32.dll
0x787a0000 - 0x7885f000 	C:\Program Files\Java\jre1.8.0_40\bin\msvcr100.dll
0x77c40000 - 0x78000000 	C:\Program Files\Java\jre1.8.0_40\bin\client\jvm.dll
0x6ece0000 - 0x6ece8000 	C:\Windows\SYSTEM32\WSOCK32.dll
0x75ff0000 - 0x75ff6000 	C:\Windows\system32\PSAPI.DLL
0x76510000 - 0x76560000 	C:\Windows\system32\WS2_32.dll
0x76560000 - 0x76567000 	C:\Windows\system32\NSI.dll
0x66060000 - 0x6606c000 	C:\Program Files\Java\jre1.8.0_40\bin\verify.dll
0x610f0000 - 0x61111000 	C:\Program Files\Java\jre1.8.0_40\bin\java.dll
0x610d0000 - 0x610e3000 	C:\Program Files\Java\jre1.8.0_40\bin\zip.dll
0x6cda0000 - 0x6cee5000 	C:\Program Files\Java\jre1.8.0_40\bin\awt.dll
0x738e0000 - 0x738e9000 	C:\Windows\SYSTEM32\kernel.appcore.dll
0x74690000 - 0x7469a000 	C:\Windows\SYSTEM32\CRYPTBASE.dll
0x74630000 - 0x74684000 	C:\Windows\SYSTEM32\bcryptPrimitives.dll
0x610b0000 - 0x610c5000 	C:\Program Files\Java\jre1.8.0_40\bin\net.dll
0x74110000 - 0x7415b000 	C:\Windows\system32\mswsock.dll
0x155f0000 - 0x15629000 	C:\Program Files\Java\jre1.8.0_40\bin\fontmanager.dll
0x760a0000 - 0x7612d000 	C:\Windows\SYSTEM32\clbcatq.dll
0x729f0000 - 0x72b5b000 	C:\Windows\SYSTEM32\WindowsCodecs.dll
0x74160000 - 0x74179000 	C:\Windows\SYSTEM32\CRYPTSP.dll
0x73da0000 - 0x73dd0000 	C:\Windows\system32\rsaenh.dll
0x743a0000 - 0x743c0000 	C:\Windows\SYSTEM32\bcrypt.dll
0x610a0000 - 0x610af000 	C:\Program Files\Java\jre1.8.0_40\bin\nio.dll
0x15cc0000 - 0x15cf0000 	C:\Program Files\Java\jre1.8.0_40\bin\t2k.dll
0x15e20000 - 0x15e33000 	C:\Users\David\Downloads\FANN\bin\fannfloat.dll
0x70250000 - 0x70270000 	C:\Windows\SYSTEM32\IPHLPAPI.DLL
0x6fa80000 - 0x6fa88000 	C:\Windows\SYSTEM32\WINNSI.DLL
0x6f5f0000 - 0x6f603000 	C:\Windows\SYSTEM32\dhcpcsvc6.DLL
0x6f780000 - 0x6f794000 	C:\Windows\SYSTEM32\dhcpcsvc.DLL
0x15f50000 - 0x15fa5000 	C:\Users\David\AppData\Local\Temp\jna7510247486323963238.dll
0x725d0000 - 0x72711000 	C:\Windows\SYSTEM32\dbghelp.dll

VM Arguments:
jvm_args: -Dfile.encoding=Cp1252 
java_command: Main
java_class_path (initial): C:\Users\David\Documents\GitHub\SistemasInteligentes\Desktop App\Inteligentes\bin;C:\Users\David\Documents\GitHub\SistemasInteligentes\Desktop App\Inteligentes\mysql-connector-java-3.0.17-ga-bin.jar;C:\Users\David\Documents\GitHub\SistemasInteligentes\Desktop App\Inteligentes\jna.jar;C:\Users\David\Documents\GitHub\SistemasInteligentes\Desktop App\Inteligentes\fannj-0.6.jar
Launcher Type: SUN_STANDARD

Environment Variables:
JAVA_HOME=C:\Program Files\Java\jdk1.8.0_40\bin
PATH=C:/Program Files/Java/jre1.8.0_40/bin/client;C:/Program Files/Java/jre1.8.0_40/bin;C:/Program Files/Java/jre1.8.0_40/lib/i386;C:\ProgramData\Oracle\Java\javapath;C:\Windows\system32;C:\Windows;C:\Windows\System32\Wbem;C:\Windows\System32\WindowsPowerShell\v1.0\;C:\Program Files\Java\jdk1.8.0_40\bin;C:\Program Files\Skype\Phone\;C:\Program Files\SourceGear\Common\DiffMerge\;C:\Program Files\Eclipse-Luna-Java\eclipse;
USERNAME=David
OS=Windows_NT
PROCESSOR_IDENTIFIER=x86 Family 6 Model 69 Stepping 1, GenuineIntel



---------------  S Y S T E M  ---------------

OS: Windows 8.1 Build 9600 (6.3.9600.17415)

CPU:total 2 (2 cores per cpu, 1 threads per core) family 6 model 69 stepping 1, cmov, cx8, fxsr, mmx, sse, sse2, sse3, ssse3, sse4.1, sse4.2, popcnt, clmul, erms, lzcnt, tsc, tscinvbit

Memory: 4k page, physical 1972588k(205796k free), swap 2890092k(628876k free)

vm_info: Java HotSpot(TM) Client VM (25.40-b25) for windows-x86 JRE (1.8.0_40-b26), built on Mar  7 2015 13:51:08 by "java_re" with MS VC++ 10.0 (VS2010)

time: Wed Apr 15 18:43:55 2015
elapsed time: 15 seconds (0d 0h 0m 15s)

