#
# A fatal error has been detected by the Java Runtime Environment:
#
#  EXCEPTION_ACCESS_VIOLATION (0xc0000005) at pc=0x6864258c, pid=1120, tid=5232
#
# JRE version: Java(TM) SE Runtime Environment (8.0_40-b26) (build 1.8.0_40-b26)
# Java VM: Java HotSpot(TM) Client VM (25.40-b25 mixed mode windows-x86 )
# Problematic frame:
# C  [fannfloat.dll+0x258c]
#
# Failed to write core dump. Minidumps are not enabled by default on client versions of Windows
#
# If you would like to submit a bug report, please visit:
#   http://bugreport.java.com/bugreport/crash.jsp
# The crash happened outside the Java Virtual Machine in native code.
# See problematic frame for where to report the bug.
#

---------------  T H R E A D  ---------------

Current thread (0x00d75800):  JavaThread "Finalizer" daemon [_thread_in_native, id=5232, stack(0x00fc0000,0x01010000)]

siginfo: ExceptionCode=0xc0000005, reading address 0x00000000

Registers:
EAX=0x00000000, EBX=0x00000000, ECX=0x00000001, EDX=0x00000000
ESP=0x0100f140, EBP=0x0100f14c, ESI=0x14c9ef20, EDI=0x6539014e
EIP=0x6864258c, EFLAGS=0x00010246

Top of Stack: (sp=0x0100f140)
0x0100f140:   00000001 00000000 0067b298 0100f158
0x0100f150:   159ccb67 14c9ef20 0100f198 159cc782
0x0100f160:   159cc560 0100f180 00000004 00000000
0x0100f170:   0100f3c0 68642550 0100f198 159c134b
0x0100f180:   0067b298 0100f3c0 0100f378 0100f2b0
0x0100f190:   00000000 0067b298 0100f358 159c7ec9
0x0100f1a0:   0067b298 68642550 0100f3c0 0100f378
0x0100f1b0:   00d75800 0100f1ec 00000000 159c7e12 

Instructions: (pc=0x6864258c)
0x6864256c:   3b c3 74 09 50 ff d7 83 c4 04 89 5e 30 8b 46 34
0x6864257c:   3b c3 74 09 50 ff d7 83 c4 04 89 5e 34 8b 46 1c
0x6864258c:   39 18 74 0d 8b 00 50 ff d7 8b 4e 1c 83 c4 04 89
0x6864259c:   19 8b 46 1c 3b c3 74 09 50 ff d7 83 c4 04 89 5e 


Register to memory mapping:

EAX=0x00000000 is an unknown value
EBX=0x00000000 is an unknown value
ECX=0x00000001 is an unknown value
EDX=0x00000000 is an unknown value
ESP=0x0100f140 is pointing into the stack for thread: 0x00d75800
EBP=0x0100f14c is pointing into the stack for thread: 0x00d75800
ESI=0x14c9ef20 is an unknown value
EDI=0x6539014e is an unknown value


Stack: [0x00fc0000,0x01010000],  sp=0x0100f140,  free space=316k
Native frames: (J=compiled Java code, j=interpreted, Vv=VM code, C=native code)
C  [fannfloat.dll+0x258c]
C  [jna4303927595457245125.dll+0xcb67]
C  [jna4303927595457245125.dll+0xc782]
C  [jna4303927595457245125.dll+0x7ec9]
C  [jna4303927595457245125.dll+0xc834]
C  [jna4303927595457245125.dll+0xcc4e]
j  com.googlecode.fannj.Fann.fann_destroy(Lcom/sun/jna/Pointer;)V+0
j  com.googlecode.fannj.Fann.close()V+11
j  com.googlecode.fannj.Fann.finalize()V+1
j  java.lang.System$2.invokeFinalize(Ljava/lang/Object;)V+1
j  java.lang.ref.Finalizer.runFinalizer(Lsun/misc/JavaLangAccess;)V+46
j  java.lang.ref.Finalizer.access$100(Ljava/lang/ref/Finalizer;Lsun/misc/JavaLangAccess;)V+2
j  java.lang.ref.Finalizer$FinalizerThread.run()V+45
v  ~StubRoutines::call_stub
V  [jvm.dll+0x155c05]
V  [jvm.dll+0x21b0be]
V  [jvm.dll+0x155c9e]
V  [jvm.dll+0x155e26]
V  [jvm.dll+0x155e97]
V  [jvm.dll+0xfafaf]
V  [jvm.dll+0x178f3c]
V  [jvm.dll+0x17902a]
V  [jvm.dll+0x1bd616]
C  [msvcr100.dll+0x5c556]
C  [msvcr100.dll+0x5c600]
C  [KERNEL32.DLL+0x4198]
C  [ntdll.dll+0x532b1]
C  [ntdll.dll+0x5327f]
C  0x00000000

Java frames: (J=compiled Java code, j=interpreted, Vv=VM code)
j  com.googlecode.fannj.Fann.fann_destroy(Lcom/sun/jna/Pointer;)V+0
j  com.googlecode.fannj.Fann.close()V+11
j  com.googlecode.fannj.Fann.finalize()V+1
j  java.lang.System$2.invokeFinalize(Ljava/lang/Object;)V+1
j  java.lang.ref.Finalizer.runFinalizer(Lsun/misc/JavaLangAccess;)V+46
j  java.lang.ref.Finalizer.access$100(Ljava/lang/ref/Finalizer;Lsun/misc/JavaLangAccess;)V+2
j  java.lang.ref.Finalizer$FinalizerThread.run()V+45
v  ~StubRoutines::call_stub

---------------  P R O C E S S  ---------------

Java Threads: ( => current thread )
  0x14ca6800 JavaThread "Image Animator 3" daemon [_thread_blocked, id=4916, stack(0x15850000,0x158a0000)]
  0x14c8b400 JavaThread "TimerQueue" daemon [_thread_blocked, id=5664, stack(0x15800000,0x15850000)]
  0x00cdb800 JavaThread "DestroyJavaVM" [_thread_blocked, id=6092, stack(0x009f0000,0x00a40000)]
  0x14b5f400 JavaThread "Image Fetcher 3" daemon [_thread_blocked, id=4528, stack(0x15000000,0x15050000)]
  0x00f64400 JavaThread "AWT-EventQueue-0" [_thread_blocked, id=2220, stack(0x14ab0000,0x14b00000)]
  0x00f02c00 JavaThread "AWT-Windows" daemon [_thread_in_native, id=1088, stack(0x14450000,0x144a0000)]
  0x00f02000 JavaThread "AWT-Shutdown" [_thread_blocked, id=5572, stack(0x14400000,0x14450000)]
  0x00f01400 JavaThread "Java2D Disposer" daemon [_thread_blocked, id=2300, stack(0x143b0000,0x14400000)]
  0x00db4000 JavaThread "Service Thread" daemon [_thread_blocked, id=2792, stack(0x03d70000,0x03dc0000)]
  0x00d91400 JavaThread "C1 CompilerThread0" daemon [_thread_blocked, id=4808, stack(0x03d20000,0x03d70000)]
  0x00d9e000 JavaThread "Attach Listener" daemon [_thread_blocked, id=5144, stack(0x03cd0000,0x03d20000)]
  0x00d9c000 JavaThread "Signal Dispatcher" daemon [_thread_blocked, id=1372, stack(0x01010000,0x01060000)]
=>0x00d75800 JavaThread "Finalizer" daemon [_thread_in_native, id=5232, stack(0x00fc0000,0x01010000)]
  0x00c2e800 JavaThread "Reference Handler" daemon [_thread_blocked, id=5032, stack(0x00f70000,0x00fc0000)]

Other Threads:
  0x00c2bc00 VMThread [stack: 0x00ad0000,0x00b20000] [id=5776]
  0x00dc1400 WatcherThread [stack: 0x14260000,0x142b0000] [id=3960]

VM state:not at safepoint (normal execution)

VM Mutex/Monitor currently owned by a thread: None

Heap:
 def new generation   total 4928K, used 798K [0x03e00000, 0x04350000, 0x09350000)
  eden space 4416K,  12% used [0x03e00000, 0x03e8b818, 0x04250000)
  from space 512K,  47% used [0x042d0000, 0x0430c3b0, 0x04350000)
  to   space 512K,   0% used [0x04250000, 0x04250000, 0x042d0000)
 tenured generation   total 10944K, used 5152K [0x09350000, 0x09e00000, 0x13e00000)
   the space 10944K,  47% used [0x09350000, 0x09858108, 0x09858200, 0x09e00000)
 Metaspace       used 8606K, capacity 8792K, committed 8960K, reserved 9600K

Card table byte_map: [0x00ce0000,0x00d70000] byte_map_base: 0x00cc1000

Polling page: 0x006f0000

CodeCache: size=32768Kb used=1296Kb max_used=1304Kb free=31471Kb
 bounds [0x01cd0000, 0x01e18000, 0x03cd0000]
 total_blobs=693 nmethods=453 adapters=171
 compilation: enabled

Compilation events (10 events):
Event: 8.860 Thread 0x00d91400  453             sun.awt.AWTAutoShutdown::isReadyToShutdown (37 bytes)
Event: 8.861 Thread 0x00d91400 nmethod 453 0x01e16088 code [0x01e16190, 0x01e16288]
Event: 8.872 Thread 0x00d91400  454             java.awt.EventQueue::noEvents (29 bytes)
Event: 8.872 Thread 0x00d91400 nmethod 454 0x01dc5808 code [0x01dc5900, 0x01dc59e0]
Event: 8.910 Thread 0x00d91400  455             java.security.AccessControlContext::combine (205 bytes)
Event: 8.912 Thread 0x00d91400 nmethod 455 0x01dd8588 code [0x01dd86c0, 0x01dd8b78]
Event: 8.944 Thread 0x00d91400  456   !         sun.java2d.SunGraphics2D::validateCompClip (224 bytes)
Event: 8.947 Thread 0x00d91400 nmethod 456 0x01dd7648 code [0x01dd7830, 0x01dd7ee4]
Event: 8.947 Thread 0x00d91400  457             sun.java2d.SunGraphics2D::setFont (105 bytes)
Event: 8.948 Thread 0x00d91400 nmethod 457 0x01dd7108 code [0x01dd7220, 0x01dd74e8]

GC Heap History (10 events):
Event: 1.092 GC heap before
{Heap before GC invocations=0 (full 0):
 def new generation   total 4928K, used 4416K [0x03e00000, 0x04350000, 0x09350000)
  eden space 4416K, 100% used [0x03e00000, 0x04250000, 0x04250000)
  from space 512K,   0% used [0x04250000, 0x04250000, 0x042d0000)
  to   space 512K,   0% used [0x042d0000, 0x042d0000, 0x04350000)
 tenured generation   total 10944K, used 0K [0x09350000, 0x09e00000, 0x13e00000)
   the space 10944K,   0% used [0x09350000, 0x09350000, 0x09350200, 0x09e00000)
 Metaspace       used 5990K, capacity 6185K, committed 6272K, reserved 6528K
Event: 1.110 GC heap after
Heap after GC invocations=1 (full 0):
 def new generation   total 4928K, used 512K [0x03e00000, 0x04350000, 0x09350000)
  eden space 4416K,   0% used [0x03e00000, 0x03e00000, 0x04250000)
  from space 512K, 100% used [0x042d0000, 0x04350000, 0x04350000)
  to   space 512K,   0% used [0x04250000, 0x04250000, 0x042d0000)
 tenured generation   total 10944K, used 1087K [0x09350000, 0x09e00000, 0x13e00000)
   the space 10944K,   9% used [0x09350000, 0x0945ff18, 0x09460000, 0x09e00000)
 Metaspace       used 5990K, capacity 6185K, committed 6272K, reserved 6528K
}
Event: 1.795 GC heap before
{Heap before GC invocations=1 (full 0):
 def new generation   total 4928K, used 4928K [0x03e00000, 0x04350000, 0x09350000)
  eden space 4416K, 100% used [0x03e00000, 0x04250000, 0x04250000)
  from space 512K, 100% used [0x042d0000, 0x04350000, 0x04350000)
  to   space 512K,   0% used [0x04250000, 0x04250000, 0x042d0000)
 tenured generation   total 10944K, used 1087K [0x09350000, 0x09e00000, 0x13e00000)
   the space 10944K,   9% used [0x09350000, 0x0945ff18, 0x09460000, 0x09e00000)
 Metaspace       used 7609K, capacity 7822K, committed 7936K, reserved 8576K
Event: 1.810 GC heap after
Heap after GC invocations=2 (full 0):
 def new generation   total 4928K, used 512K [0x03e00000, 0x04350000, 0x09350000)
  eden space 4416K,   0% used [0x03e00000, 0x03e00000, 0x04250000)
  from space 512K, 100% used [0x04250000, 0x042d0000, 0x042d0000)
  to   space 512K,   0% used [0x042d0000, 0x042d0000, 0x04350000)
 tenured generation   total 10944K, used 3629K [0x09350000, 0x09e00000, 0x13e00000)
   the space 10944K,  33% used [0x09350000, 0x096db4e8, 0x096db600, 0x09e00000)
 Metaspace       used 7609K, capacity 7822K, committed 7936K, reserved 8576K
}
Event: 3.943 GC heap before
{Heap before GC invocations=2 (full 0):
 def new generation   total 4928K, used 4928K [0x03e00000, 0x04350000, 0x09350000)
  eden space 4416K, 100% used [0x03e00000, 0x04250000, 0x04250000)
  from space 512K, 100% used [0x04250000, 0x042d0000, 0x042d0000)
  to   space 512K,   0% used [0x042d0000, 0x042d0000, 0x04350000)
 tenured generation   total 10944K, used 3629K [0x09350000, 0x09e00000, 0x13e00000)
   the space 10944K,  33% used [0x09350000, 0x096db4e8, 0x096db600, 0x09e00000)
 Metaspace       used 7891K, capacity 8081K, committed 8192K, reserved 8576K
Event: 3.951 GC heap after
Heap after GC invocations=3 (full 0):
 def new generation   total 4928K, used 327K [0x03e00000, 0x04350000, 0x09350000)
  eden space 4416K,   0% used [0x03e00000, 0x03e00000, 0x04250000)
  from space 512K,  63% used [0x042d0000, 0x04321d68, 0x04350000)
  to   space 512K,   0% used [0x04250000, 0x04250000, 0x042d0000)
 tenured generation   total 10944K, used 4052K [0x09350000, 0x09e00000, 0x13e00000)
   the space 10944K,  37% used [0x09350000, 0x097450c0, 0x09745200, 0x09e00000)
 Metaspace       used 7891K, capacity 8081K, committed 8192K, reserved 8576K
}
Event: 6.660 GC heap before
{Heap before GC invocations=3 (full 0):
 def new generation   total 4928K, used 4743K [0x03e00000, 0x04350000, 0x09350000)
  eden space 4416K, 100% used [0x03e00000, 0x04250000, 0x04250000)
  from space 512K,  63% used [0x042d0000, 0x04321d68, 0x04350000)
  to   space 512K,   0% used [0x04250000, 0x04250000, 0x042d0000)
 tenured generation   total 10944K, used 4052K [0x09350000, 0x09e00000, 0x13e00000)
   the space 10944K,  37% used [0x09350000, 0x097450c0, 0x09745200, 0x09e00000)
 Metaspace       used 8569K, capacity 8760K, committed 8960K, reserved 9600K
Event: 6.669 GC heap after
Heap after GC invocations=4 (full 0):
 def new generation   total 4928K, used 512K [0x03e00000, 0x04350000, 0x09350000)
  eden space 4416K,   0% used [0x03e00000, 0x03e00000, 0x04250000)
  from space 512K, 100% used [0x04250000, 0x042d0000, 0x042d0000)
  to   space 512K,   0% used [0x042d0000, 0x042d0000, 0x04350000)
 tenured generation   total 10944K, used 4846K [0x09350000, 0x09e00000, 0x13e00000)
   the space 10944K,  44% used [0x09350000, 0x0980b8c8, 0x0980ba00, 0x09e00000)
 Metaspace       used 8569K, capacity 8760K, committed 8960K, reserved 9600K
}
Event: 9.035 GC heap before
{Heap before GC invocations=4 (full 0):
 def new generation   total 4928K, used 4928K [0x03e00000, 0x04350000, 0x09350000)
  eden space 4416K, 100% used [0x03e00000, 0x04250000, 0x04250000)
  from space 512K, 100% used [0x04250000, 0x042d0000, 0x042d0000)
  to   space 512K,   0% used [0x042d0000, 0x042d0000, 0x04350000)
 tenured generation   total 10944K, used 4846K [0x09350000, 0x09e00000, 0x13e00000)
   the space 10944K,  44% used [0x09350000, 0x0980b8c8, 0x0980ba00, 0x09e00000)
 Metaspace       used 8606K, capacity 8792K, committed 8960K, reserved 9600K
Event: 9.040 GC heap after
Heap after GC invocations=5 (full 0):
 def new generation   total 4928K, used 240K [0x03e00000, 0x04350000, 0x09350000)
  eden space 4416K,   0% used [0x03e00000, 0x03e00000, 0x04250000)
  from space 512K,  47% used [0x042d0000, 0x0430c3b0, 0x04350000)
  to   space 512K,   0% used [0x04250000, 0x04250000, 0x042d0000)
 tenured generation   total 10944K, used 5152K [0x09350000, 0x09e00000, 0x13e00000)
   the space 10944K,  47% used [0x09350000, 0x09858108, 0x09858200, 0x09e00000)
 Metaspace       used 8606K, capacity 8792K, committed 8960K, reserved 9600K
}

Deoptimization events (0 events):
No events

Internal exceptions (10 events):
Event: 0.366 Thread 0x00cdb800 Exception <a 'java/security/PrivilegedActionException'> (0x03e7f630) thrown at [C:\re\workspace\8-2-build-windows-i586-cygwin\jdk8u40\3098\hotspot\src\share\vm\prims\jvm.cpp, line 1382]
Event: 0.430 Thread 0x00cdb800 Exception <a 'java/io/FileNotFoundException'> (0x03ed6910) thrown at [C:\re\workspace\8-2-build-windows-i586-cygwin\jdk8u40\3098\hotspot\src\share\vm\prims\jni.cpp, line 709]
Event: 0.618 Thread 0x00cdb800 Exception <a 'java/lang/NoSuchFieldError': method resolution failed> (0x03fad4f8) thrown at [C:\re\workspace\8-2-build-windows-i586-cygwin\jdk8u40\3098\hotspot\src\share\vm\prims\methodHandles.cpp, line 1125]
Event: 0.623 Thread 0x00cdb800 Exception <a 'java/lang/NoSuchFieldError': method resolution failed> (0x03fbab10) thrown at [C:\re\workspace\8-2-build-windows-i586-cygwin\jdk8u40\3098\hotspot\src\share\vm\prims\methodHandles.cpp, line 1125]
Event: 0.745 Thread 0x00cdb800 Exception <a 'java/io/FileNotFoundException'> (0x040838a0) thrown at [C:\re\workspace\8-2-build-windows-i586-cygwin\jdk8u40\3098\hotspot\src\share\vm\prims\jni.cpp, line 709]
Event: 1.148 Thread 0x14b5f400 Exception <a 'java/lang/InterruptedException': sleep interrupted> (0x03e2f3b0) thrown at [C:\re\workspace\8-2-build-windows-i586-cygwin\jdk8u40\3098\hotspot\src\share\vm\prims\jvm.cpp, line 3163]
Event: 3.904 Thread 0x14ca6800 Exception <a 'java/lang/InterruptedException': sleep interrupted> (0x04225e50) thrown at [C:\re\workspace\8-2-build-windows-i586-cygwin\jdk8u40\3098\hotspot\src\share\vm\prims\jvm.cpp, line 3163]
Event: 3.924 Thread 0x14b5f400 Exception <a 'java/lang/InterruptedException': sleep interrupted> (0x04242d70) thrown at [C:\re\workspace\8-2-build-windows-i586-cygwin\jdk8u40\3098\hotspot\src\share\vm\prims\jvm.cpp, line 3163]
Event: 6.764 Thread 0x14ca6800 Exception <a 'java/lang/InterruptedException': sleep interrupted> (0x03eb4e48) thrown at [C:\re\workspace\8-2-build-windows-i586-cygwin\jdk8u40\3098\hotspot\src\share\vm\prims\jvm.cpp, line 3163]
Event: 6.783 Thread 0x14b5f400 Exception <a 'java/lang/InterruptedException': sleep interrupted> (0x03ecfba0) thrown at [C:\re\workspace\8-2-build-windows-i586-cygwin\jdk8u40\3098\hotspot\src\share\vm\prims\jvm.cpp, line 3163]

Events (10 events):
Event: 6.712 loading class com/sun/jna/FunctionResultContext
Event: 6.712 loading class com/sun/jna/FunctionResultContext done
Event: 6.716 loading class com/sun/jna/Library
Event: 6.716 loading class com/sun/jna/Library done
Event: 6.763 Executing VM operation: RevokeBias
Event: 6.764 Executing VM operation: RevokeBias done
Event: 8.861 Thread 0x00d91400 flushing nmethod 0x01dc5788
Event: 8.861 Thread 0x00d91400 flushing nmethod 0x01dd4588
Event: 9.035 Executing VM operation: GenCollectForAllocation
Event: 9.040 Executing VM operation: GenCollectForAllocation done


Dynamic libraries:
0x01090000 - 0x010c3000 	C:\Program Files\Java\jre1.8.0_40\bin\javaw.exe
0x77670000 - 0x777d9000 	C:\Windows\SYSTEM32\ntdll.dll
0x75920000 - 0x75a20000 	C:\Windows\system32\KERNEL32.DLL
0x750a0000 - 0x75179000 	C:\Windows\system32\KERNELBASE.dll
0x73df0000 - 0x73e90000 	C:\Windows\system32\apphelp.dll
0x5e290000 - 0x5e4f5000 	C:\Windows\AppPatch\AcGenral.DLL
0x75460000 - 0x75523000 	C:\Windows\system32\msvcrt.dll
0x75a40000 - 0x75a81000 	C:\Windows\SYSTEM32\sechost.dll
0x74d60000 - 0x74d84000 	C:\Windows\SYSTEM32\SspiCli.dll
0x75710000 - 0x75755000 	C:\Windows\system32\SHLWAPI.dll
0x73ec0000 - 0x73fae000 	C:\Windows\SYSTEM32\UxTheme.dll
0x75dd0000 - 0x75f25000 	C:\Windows\system32\USER32.dll
0x75fd0000 - 0x760e2000 	C:\Windows\system32\GDI32.dll
0x67a50000 - 0x67a73000 	C:\Windows\SYSTEM32\WINMM.dll
0x70050000 - 0x70063000 	C:\Windows\SYSTEM32\samcli.dll
0x757f0000 - 0x75918000 	C:\Windows\system32\ole32.dll
0x75f30000 - 0x75fc5000 	C:\Windows\system32\OLEAUT32.dll
0x5a830000 - 0x5a847000 	C:\Windows\SYSTEM32\MSACM32.dll
0x6f820000 - 0x6f828000 	C:\Windows\SYSTEM32\VERSION.dll
0x760f0000 - 0x7739c000 	C:\Windows\system32\SHELL32.dll
0x74690000 - 0x746ab000 	C:\Windows\SYSTEM32\USERENV.dll
0x73650000 - 0x7366a000 	C:\Windows\SYSTEM32\dwmapi.dll
0x6f4f0000 - 0x6f63b000 	C:\Windows\SYSTEM32\urlmon.dll
0x75760000 - 0x757dc000 	C:\Windows\system32\ADVAPI32.dll
0x67da0000 - 0x67e05000 	C:\Windows\SYSTEM32\WINSPOOL.DRV
0x69f10000 - 0x69f26000 	C:\Windows\SYSTEM32\MPR.dll
0x75380000 - 0x75450000 	C:\Windows\system32\RPCRT4.dll
0x75a90000 - 0x75c0d000 	C:\Windows\SYSTEM32\combase.dll
0x67a20000 - 0x67a43000 	C:\Windows\SYSTEM32\WINMMBASE.dll
0x74e90000 - 0x74e9f000 	C:\Windows\SYSTEM32\profapi.dll
0x6ef20000 - 0x6f152000 	C:\Windows\SYSTEM32\iertutil.dll
0x6f640000 - 0x6f815000 	C:\Windows\SYSTEM32\WININET.dll
0x75250000 - 0x7528c000 	C:\Windows\SYSTEM32\cfgmgr32.dll
0x74010000 - 0x74031000 	C:\Windows\SYSTEM32\DEVOBJ.dll
0x752f0000 - 0x7537b000 	C:\Windows\system32\SHCORE.DLL
0x75650000 - 0x75676000 	C:\Windows\system32\IMM32.DLL
0x75530000 - 0x75642000 	C:\Windows\system32\MSCTF.dll
0x73440000 - 0x73646000 	C:\Windows\WinSxS\x86_microsoft.windows.common-controls_6595b64144ccf1df_6.0.9600.17415_none_a9ed7f470139b3c1\COMCTL32.dll
0x65380000 - 0x6543f000 	C:\Program Files\Java\jre1.8.0_40\bin\msvcr100.dll
0x53730000 - 0x53af0000 	C:\Program Files\Java\jre1.8.0_40\bin\client\jvm.dll
0x6fff0000 - 0x6fff8000 	C:\Windows\SYSTEM32\WSOCK32.dll
0x75450000 - 0x75456000 	C:\Windows\system32\PSAPI.DLL
0x75c10000 - 0x75c60000 	C:\Windows\system32\WS2_32.dll
0x757e0000 - 0x757e7000 	C:\Windows\system32\NSI.dll
0x688c0000 - 0x688cc000 	C:\Program Files\Java\jre1.8.0_40\bin\verify.dll
0x686a0000 - 0x686c1000 	C:\Program Files\Java\jre1.8.0_40\bin\java.dll
0x68680000 - 0x68693000 	C:\Program Files\Java\jre1.8.0_40\bin\zip.dll
0x5e140000 - 0x5e285000 	C:\Program Files\Java\jre1.8.0_40\bin\awt.dll
0x74040000 - 0x74049000 	C:\Windows\SYSTEM32\kernel.appcore.dll
0x74df0000 - 0x74dfa000 	C:\Windows\SYSTEM32\CRYPTBASE.dll
0x74d90000 - 0x74de4000 	C:\Windows\SYSTEM32\bcryptPrimitives.dll
0x68660000 - 0x68675000 	C:\Program Files\Java\jre1.8.0_40\bin\net.dll
0x74870000 - 0x748bb000 	C:\Windows\system32\mswsock.dll
0x68790000 - 0x687c9000 	C:\Program Files\Java\jre1.8.0_40\bin\fontmanager.dll
0x75680000 - 0x7570d000 	C:\Windows\SYSTEM32\clbcatq.dll
0x73160000 - 0x732cb000 	C:\Windows\SYSTEM32\WindowsCodecs.dll
0x748c0000 - 0x748d9000 	C:\Windows\SYSTEM32\CRYPTSP.dll
0x74500000 - 0x74530000 	C:\Windows\system32\rsaenh.dll
0x74b00000 - 0x74b20000 	C:\Windows\SYSTEM32\bcrypt.dll
0x688b0000 - 0x688bf000 	C:\Program Files\Java\jre1.8.0_40\bin\nio.dll
0x65350000 - 0x65380000 	C:\Program Files\Java\jre1.8.0_40\bin\t2k.dll
0x68640000 - 0x68653000 	C:\Users\David\Downloads\FANN\bin\fannfloat.dll
0x71170000 - 0x71190000 	C:\Windows\SYSTEM32\IPHLPAPI.DLL
0x71160000 - 0x71168000 	C:\Windows\SYSTEM32\WINNSI.DLL
0x705d0000 - 0x705e3000 	C:\Windows\SYSTEM32\dhcpcsvc6.DLL
0x706e0000 - 0x706f4000 	C:\Windows\SYSTEM32\dhcpcsvc.DLL
0x159c0000 - 0x15a15000 	C:\Users\David\AppData\Local\Temp\jna4303927595457245125.dll
0x63480000 - 0x635c1000 	C:\Windows\SYSTEM32\dbghelp.dll

VM Arguments:
jvm_args: -Dfile.encoding=Cp1252 
java_command: Main
java_class_path (initial): C:\Users\David\Documents\GitHub\SistemasInteligentes\Desktop App\Inteligentes\bin;C:\Users\David\Documents\GitHub\SistemasInteligentes\Desktop App\Inteligentes\mysql-connector-java-3.0.17-ga-bin.jar;C:\Users\David\Documents\GitHub\SistemasInteligentes\Desktop App\Inteligentes\jna.jar;C:\Users\David\Documents\GitHub\SistemasInteligentes\Desktop App\Inteligentes\fannj-0.6.jar
Launcher Type: SUN_STANDARD

Environment Variables:
JAVA_HOME=C:\Program Files\Java\jdk1.8.0_40\bin
PATH=C:/Program Files/Java/jre1.8.0_40/bin/client;C:/Program Files/Java/jre1.8.0_40/bin;C:/Program Files/Java/jre1.8.0_40/lib/i386;C:\ProgramData\Oracle\Java\javapath;C:\Windows\system32;C:\Windows;C:\Windows\System32\Wbem;C:\Windows\System32\WindowsPowerShell\v1.0\;C:\Program Files\Java\jdk1.8.0_40\bin;C:\Program Files\Skype\Phone\;C:\Program Files\SourceGear\Common\DiffMerge\;C:\Program Files\Eclipse-Luna-Java\eclipse;
USERNAME=David
OS=Windows_NT
PROCESSOR_IDENTIFIER=x86 Family 6 Model 69 Stepping 1, GenuineIntel



---------------  S Y S T E M  ---------------

OS: Windows 8.1 Build 9600 (6.3.9600.17415)

CPU:total 2 (2 cores per cpu, 1 threads per core) family 6 model 69 stepping 1, cmov, cx8, fxsr, mmx, sse, sse2, sse3, ssse3, sse4.1, sse4.2, popcnt, clmul, erms, lzcnt, tsc, tscinvbit

Memory: 4k page, physical 1972588k(325324k free), swap 2890092k(527552k free)

vm_info: Java HotSpot(TM) Client VM (25.40-b25) for windows-x86 JRE (1.8.0_40-b26), built on Mar  7 2015 13:51:08 by "java_re" with MS VC++ 10.0 (VS2010)

time: Thu Apr 16 22:25:45 2015
elapsed time: 9 seconds (0d 0h 0m 9s)

