#
# A fatal error has been detected by the Java Runtime Environment:
#
#  EXCEPTION_ACCESS_VIOLATION (0xc0000005) at pc=0x68d61c5e, pid=2288, tid=1216
#
# JRE version: Java(TM) SE Runtime Environment (8.0_40-b26) (build 1.8.0_40-b26)
# Java VM: Java HotSpot(TM) Client VM (25.40-b25 mixed mode windows-x86 )
# Problematic frame:
# C  [fannfloat.dll+0x1c5e]
#
# Failed to write core dump. Minidumps are not enabled by default on client versions of Windows
#
# If you would like to submit a bug report, please visit:
#   http://bugreport.java.com/bugreport/crash.jsp
# The crash happened outside the Java Virtual Machine in native code.
# See problematic frame for where to report the bug.
#

---------------  T H R E A D  ---------------

Current thread (0x13c49000):  JavaThread "AWT-EventQueue-0" [_thread_in_native, id=1216, stack(0x14640000,0x14690000)]

siginfo: ExceptionCode=0xc0000005, reading address 0x0000001c

Registers:
EAX=0x1468e174, EBX=0x0051b398, ECX=0x00000001, EDX=0x00000000
ESP=0x1468e144, EBP=0x1468e168, ESI=0x00000000, EDI=0x00000002
EIP=0x68d61c5e, EFLAGS=0x00010212

Top of Stack: (sp=0x1468e144)
0x1468e144:   00000000 0051b398 0051b400 00000000
0x1468e154:   0051b398 00000000 00000002 1468e178
0x1468e164:   1556cb61 1468e178 1556cb67 00000000
0x1468e174:   14a06410 1468e1b8 1556c782 1556c560
0x1468e184:   1468e1a0 00000008 00000001 1468e3e0
0x1468e194:   68d61c50 00000004 1468e1e0 0051b398
0x1468e1a4:   1468e3e0 1468e398 0000000d 54b7dd94
0x1468e1b4:   00000005 1468e378 15567ec9 0051b398 

Instructions: (pc=0x68d61c5e)
0x68d61c3e:   ff ff ff 5f 5e 8b c3 5b 8b e5 5d c2 08 00 cc cc
0x68d61c4e:   cc cc 55 8b ec 83 e4 f8 83 ec 1c 53 56 8b 75 08
0x68d61c5e:   8b 46 1c 8b 08 8b 56 28 33 c0 57 85 d2 74 13 8b
0x68d61c6e:   7d 0c 83 c1 0c d9 04 87 40 d9 19 83 c1 18 3b c2 


Register to memory mapping:

EAX=0x1468e174 is pointing into the stack for thread: 0x13c49000
EBX=0x0051b398 is an unknown value
ECX=0x00000001 is an unknown value
EDX=0x00000000 is an unknown value
ESP=0x1468e144 is pointing into the stack for thread: 0x13c49000
EBP=0x1468e168 is pointing into the stack for thread: 0x13c49000
ESI=0x00000000 is an unknown value
EDI=0x00000002 is an unknown value


Stack: [0x14640000,0x14690000],  sp=0x1468e144,  free space=312k
Native frames: (J=compiled Java code, j=interpreted, Vv=VM code, C=native code)
C  [fannfloat.dll+0x1c5e]
C  [jna5507178184522058746.dll+0xcb67]
C  [jna5507178184522058746.dll+0xc782]
C  [jna5507178184522058746.dll+0x7ec9]
C  [jna5507178184522058746.dll+0xc834]
C  [jna5507178184522058746.dll+0xcc4e]
j  com.googlecode.fannj.Fann.fann_run(Lcom/sun/jna/Pointer;[F)Lcom/sun/jna/Pointer;+0
j  com.googlecode.fannj.Fann.run([F)[F+5
j  ParseNeural.main()V+146
j  Main$4.actionPerformed(Ljava/awt/event/ActionEvent;)V+8
j  javax.swing.AbstractButton.fireActionPerformed(Ljava/awt/event/ActionEvent;)V+83
j  javax.swing.AbstractButton$Handler.actionPerformed(Ljava/awt/event/ActionEvent;)V+5
j  javax.swing.DefaultButtonModel.fireActionPerformed(Ljava/awt/event/ActionEvent;)V+34
j  javax.swing.DefaultButtonModel.setPressed(Z)V+117
j  javax.swing.plaf.basic.BasicButtonListener.mouseReleased(Ljava/awt/event/MouseEvent;)V+35
j  java.awt.Component.processMouseEvent(Ljava/awt/event/MouseEvent;)V+64
j  javax.swing.JComponent.processMouseEvent(Ljava/awt/event/MouseEvent;)V+23
j  java.awt.Component.processEvent(Ljava/awt/AWTEvent;)V+81
j  java.awt.Container.processEvent(Ljava/awt/AWTEvent;)V+18
j  java.awt.Component.dispatchEventImpl(Ljava/awt/AWTEvent;)V+589
J 843 C1 java.awt.Container.dispatchEventImpl(Ljava/awt/AWTEvent;)V (129 bytes) @ 0x0160c2fc [0x0160c2a0+0x5c]
J 427 C1 java.awt.LightweightDispatcher.retargetMouseEvent(Ljava/awt/Component;ILjava/awt/event/MouseEvent;)V (350 bytes) @ 0x01585d6c [0x01585730+0x63c]
j  java.awt.LightweightDispatcher.processMouseEvent(Ljava/awt/event/MouseEvent;)Z+143
j  java.awt.LightweightDispatcher.dispatchEvent(Ljava/awt/AWTEvent;)Z+50
J 843 C1 java.awt.Container.dispatchEventImpl(Ljava/awt/AWTEvent;)V (129 bytes) @ 0x0160c2e0 [0x0160c2a0+0x40]
j  java.awt.Window.dispatchEventImpl(Ljava/awt/AWTEvent;)V+19
J 573 C1 java.awt.EventQueue.dispatchEventImpl(Ljava/awt/AWTEvent;Ljava/lang/Object;)V (149 bytes) @ 0x015b7048 [0x015b6c70+0x3d8]
J 657 C1 java.awt.EventQueue$3.run()Ljava/lang/Void; (60 bytes) @ 0x015cda5c [0x015cda00+0x5c]
J 656 C1 java.awt.EventQueue$3.run()Ljava/lang/Object; (5 bytes) @ 0x015cd7e0 [0x015cd7c0+0x20]
v  ~StubRoutines::call_stub
V  [jvm.dll+0x155c05]
V  [jvm.dll+0x21b0be]
V  [jvm.dll+0x155c9e]
V  [jvm.dll+0x106eaf]
C  [java.dll+0x102f]
J 439 C1 java.security.ProtectionDomain$1.doIntersectionPrivilege(Ljava/security/PrivilegedAction;Ljava/security/AccessControlContext;Ljava/security/AccessControlContext;)Ljava/lang/Object; (32 bytes) @ 0x0158a494 [0x0158a3f0+0xa4]
j  java.security.ProtectionDomain$1.doIntersectionPrivilege(Ljava/security/PrivilegedAction;Ljava/security/AccessControlContext;)Ljava/lang/Object;+6
j  java.awt.EventQueue$4.run()Ljava/lang/Void;+11
j  java.awt.EventQueue$4.run()Ljava/lang/Object;+1
v  ~StubRoutines::call_stub
V  [jvm.dll+0x155c05]
V  [jvm.dll+0x21b0be]
V  [jvm.dll+0x155c9e]
V  [jvm.dll+0x106eaf]
C  [java.dll+0x102f]
J 569 C1 java.awt.EventQueue.dispatchEvent(Ljava/awt/AWTEvent;)V (80 bytes) @ 0x015b5bf4 [0x015b5940+0x2b4]
J 431 C1 java.awt.EventDispatchThread.pumpOneEventForFilters(I)V (295 bytes) @ 0x01587cd4 [0x01587640+0x694]
j  java.awt.EventDispatchThread.pumpEventsForFilter(ILjava/awt/Conditional;Ljava/awt/EventFilter;)V+35
j  java.awt.EventDispatchThread.pumpEventsForHierarchy(ILjava/awt/Conditional;Ljava/awt/Component;)V+11
j  java.awt.EventDispatchThread.pumpEvents(ILjava/awt/Conditional;)V+4
j  java.awt.EventDispatchThread.pumpEvents(Ljava/awt/Conditional;)V+3
j  java.awt.EventDispatchThread.run()V+9
v  ~StubRoutines::call_stub
V  [jvm.dll+0x155c05]
V  [jvm.dll+0x21b0be]
V  [jvm.dll+0x155c9e]
V  [jvm.dll+0x155e26]
V  [jvm.dll+0x155e97]
V  [jvm.dll+0xfafaf]
V  [jvm.dll+0x178f3c]
V  [jvm.dll+0x17902a]
V  [jvm.dll+0x1bd616]
C  [msvcr100.dll+0x5c556]
C  [msvcr100.dll+0x5c600]
C  [KERNEL32.DLL+0x4198]
C  [ntdll.dll+0x5601b]
C  [ntdll.dll+0x55fe9]
C  0x00000000

Java frames: (J=compiled Java code, j=interpreted, Vv=VM code)
j  com.googlecode.fannj.Fann.fann_run(Lcom/sun/jna/Pointer;[F)Lcom/sun/jna/Pointer;+0
j  com.googlecode.fannj.Fann.run([F)[F+5
j  ParseNeural.main()V+146
j  Main$4.actionPerformed(Ljava/awt/event/ActionEvent;)V+8
j  javax.swing.AbstractButton.fireActionPerformed(Ljava/awt/event/ActionEvent;)V+83
j  javax.swing.AbstractButton$Handler.actionPerformed(Ljava/awt/event/ActionEvent;)V+5
j  javax.swing.DefaultButtonModel.fireActionPerformed(Ljava/awt/event/ActionEvent;)V+34
j  javax.swing.DefaultButtonModel.setPressed(Z)V+117
j  javax.swing.plaf.basic.BasicButtonListener.mouseReleased(Ljava/awt/event/MouseEvent;)V+35
j  java.awt.Component.processMouseEvent(Ljava/awt/event/MouseEvent;)V+64
j  javax.swing.JComponent.processMouseEvent(Ljava/awt/event/MouseEvent;)V+23
j  java.awt.Component.processEvent(Ljava/awt/AWTEvent;)V+81
j  java.awt.Container.processEvent(Ljava/awt/AWTEvent;)V+18
j  java.awt.Component.dispatchEventImpl(Ljava/awt/AWTEvent;)V+589
J 843 C1 java.awt.Container.dispatchEventImpl(Ljava/awt/AWTEvent;)V (129 bytes) @ 0x0160c2fc [0x0160c2a0+0x5c]
J 427 C1 java.awt.LightweightDispatcher.retargetMouseEvent(Ljava/awt/Component;ILjava/awt/event/MouseEvent;)V (350 bytes) @ 0x01585d6c [0x01585730+0x63c]
j  java.awt.LightweightDispatcher.processMouseEvent(Ljava/awt/event/MouseEvent;)Z+143
j  java.awt.LightweightDispatcher.dispatchEvent(Ljava/awt/AWTEvent;)Z+50
J 843 C1 java.awt.Container.dispatchEventImpl(Ljava/awt/AWTEvent;)V (129 bytes) @ 0x0160c2e0 [0x0160c2a0+0x40]
j  java.awt.Window.dispatchEventImpl(Ljava/awt/AWTEvent;)V+19
J 573 C1 java.awt.EventQueue.dispatchEventImpl(Ljava/awt/AWTEvent;Ljava/lang/Object;)V (149 bytes) @ 0x015b7048 [0x015b6c70+0x3d8]
J 657 C1 java.awt.EventQueue$3.run()Ljava/lang/Void; (60 bytes) @ 0x015cda5c [0x015cda00+0x5c]
J 656 C1 java.awt.EventQueue$3.run()Ljava/lang/Object; (5 bytes) @ 0x015cd7e0 [0x015cd7c0+0x20]
v  ~StubRoutines::call_stub
J 456  java.security.AccessController.doPrivileged(Ljava/security/PrivilegedAction;Ljava/security/AccessControlContext;)Ljava/lang/Object; (0 bytes) @ 0x0158e747 [0x0158e6e0+0x67]
J 439 C1 java.security.ProtectionDomain$1.doIntersectionPrivilege(Ljava/security/PrivilegedAction;Ljava/security/AccessControlContext;Ljava/security/AccessControlContext;)Ljava/lang/Object; (32 bytes) @ 0x0158a494 [0x0158a3f0+0xa4]
j  java.security.ProtectionDomain$1.doIntersectionPrivilege(Ljava/security/PrivilegedAction;Ljava/security/AccessControlContext;)Ljava/lang/Object;+6
j  java.awt.EventQueue$4.run()Ljava/lang/Void;+11
j  java.awt.EventQueue$4.run()Ljava/lang/Object;+1
v  ~StubRoutines::call_stub
J 456  java.security.AccessController.doPrivileged(Ljava/security/PrivilegedAction;Ljava/security/AccessControlContext;)Ljava/lang/Object; (0 bytes) @ 0x0158e747 [0x0158e6e0+0x67]
J 569 C1 java.awt.EventQueue.dispatchEvent(Ljava/awt/AWTEvent;)V (80 bytes) @ 0x015b5bf4 [0x015b5940+0x2b4]
J 431 C1 java.awt.EventDispatchThread.pumpOneEventForFilters(I)V (295 bytes) @ 0x01587cd4 [0x01587640+0x694]
j  java.awt.EventDispatchThread.pumpEventsForFilter(ILjava/awt/Conditional;Ljava/awt/EventFilter;)V+35
j  java.awt.EventDispatchThread.pumpEventsForHierarchy(ILjava/awt/Conditional;Ljava/awt/Component;)V+11
j  java.awt.EventDispatchThread.pumpEvents(ILjava/awt/Conditional;)V+4
j  java.awt.EventDispatchThread.pumpEvents(Ljava/awt/Conditional;)V+3
j  java.awt.EventDispatchThread.run()V+9
v  ~StubRoutines::call_stub

---------------  P R O C E S S  ---------------

Java Threads: ( => current thread )
  0x146fc800 JavaThread "Image Animator 3" daemon [_thread_blocked, id=4496, stack(0x14b90000,0x14be0000)]
  0x13b65000 JavaThread "Image Fetcher 3" daemon [_thread_blocked, id=3544, stack(0x153f0000,0x15440000)]
  0x14854400 JavaThread "TimerQueue" daemon [_thread_blocked, id=5012, stack(0x153a0000,0x153f0000)]
  0x0144b800 JavaThread "DestroyJavaVM" [_thread_blocked, id=4124, stack(0x00490000,0x004e0000)]
=>0x13c49000 JavaThread "AWT-EventQueue-0" [_thread_in_native, id=1216, stack(0x14640000,0x14690000)]
  0x13bf7800 JavaThread "AWT-Windows" daemon [_thread_in_native, id=5164, stack(0x13fe0000,0x14030000)]
  0x13bf6400 JavaThread "AWT-Shutdown" [_thread_blocked, id=5856, stack(0x13f90000,0x13fe0000)]
  0x13bf1400 JavaThread "Java2D Disposer" daemon [_thread_blocked, id=4656, stack(0x13f40000,0x13f90000)]
  0x13a8a000 JavaThread "Service Thread" daemon [_thread_blocked, id=692, stack(0x13da0000,0x13df0000)]
  0x13a83000 JavaThread "C1 CompilerThread0" daemon [_thread_blocked, id=5752, stack(0x13d50000,0x13da0000)]
  0x13a8d800 JavaThread "Attach Listener" daemon [_thread_blocked, id=1980, stack(0x13d00000,0x13d50000)]
  0x13a8c800 JavaThread "Signal Dispatcher" daemon [_thread_blocked, id=5636, stack(0x13cb0000,0x13d00000)]
  0x13a65800 JavaThread "Finalizer" daemon [_thread_blocked, id=1912, stack(0x13c60000,0x13cb0000)]
  0x0138e800 JavaThread "Reference Handler" daemon [_thread_blocked, id=5724, stack(0x03590000,0x035e0000)]

Other Threads:
  0x0138bc00 VMThread [stack: 0x03540000,0x03590000] [id=3100]
  0x13ab2000 WatcherThread [stack: 0x13df0000,0x13e40000] [id=1380]

VM state:not at safepoint (normal execution)

VM Mutex/Monitor currently owned by a thread: None

Heap:
 def new generation   total 4928K, used 2261K [0x03600000, 0x03b50000, 0x08b50000)
  eden space 4416K,  43% used [0x03600000, 0x037dfad0, 0x03a50000)
  from space 512K,  66% used [0x03ad0000, 0x03b25a40, 0x03b50000)
  to   space 512K,   0% used [0x03a50000, 0x03a50000, 0x03ad0000)
 tenured generation   total 10944K, used 5124K [0x08b50000, 0x09600000, 0x13600000)
   the space 10944K,  46% used [0x08b50000, 0x090510e8, 0x09051200, 0x09600000)
 Metaspace       used 8689K, capacity 8891K, committed 8960K, reserved 9600K

Card table byte_map: [0x03450000,0x034e0000] byte_map_base: 0x03435000

Polling page: 0x004f0000

CodeCache: size=32768Kb used=1907Kb max_used=1907Kb free=30860Kb
 bounds [0x01450000, 0x01630000, 0x03450000]
 total_blobs=1127 nmethods=886 adapters=171
 compilation: enabled

Compilation events (10 events):
Event: 65.403 Thread 0x13a83000  884             sun.misc.FDBigInteger::mult (64 bytes)
Event: 65.404 Thread 0x13a83000 nmethod 884 0x01629d88 code [0x01629e80, 0x0162a030]
Event: 65.415 Thread 0x13a83000  885             java.util.Properties::loadConvert (505 bytes)
Event: 65.417 Thread 0x13a83000 nmethod 885 0x0162a1c8 code [0x0162a310, 0x0162a738]
Event: 65.434 Thread 0x13a83000  886             sun.nio.cs.SingleByte$Encoder::encode (32 bytes)
Event: 65.435 Thread 0x13a83000 nmethod 886 0x0162ac48 code [0x0162ad50, 0x0162ae40]
Event: 65.435 Thread 0x13a83000  887             sun.security.provider.SHA::implCompress (491 bytes)
Event: 65.437 Thread 0x13a83000 nmethod 887 0x0162af48 code [0x0162b070, 0x0162b4bc]
Event: 65.437 Thread 0x13a83000  888             sun.nio.cs.SingleByte$Encoder::encode (114 bytes)
Event: 65.439 Thread 0x13a83000 nmethod 888 0x0162b888 code [0x0162b9a0, 0x0162bc70]

GC Heap History (10 events):
Event: 54.195 GC heap before
{Heap before GC invocations=20 (full 0):
 def new generation   total 4928K, used 4530K [0x03600000, 0x03b50000, 0x08b50000)
  eden space 4416K, 100% used [0x03600000, 0x03a50000, 0x03a50000)
  from space 512K,  22% used [0x03a50000, 0x03a6c910, 0x03ad0000)
  to   space 512K,   0% used [0x03ad0000, 0x03ad0000, 0x03b50000)
 tenured generation   total 10944K, used 4844K [0x08b50000, 0x09600000, 0x13600000)
   the space 10944K,  44% used [0x08b50000, 0x0900b3a0, 0x0900b400, 0x09600000)
 Metaspace       used 8079K, capacity 8283K, committed 8448K, reserved 8576K
Event: 54.198 GC heap after
Heap after GC invocations=21 (full 0):
 def new generation   total 4928K, used 115K [0x03600000, 0x03b50000, 0x08b50000)
  eden space 4416K,   0% used [0x03600000, 0x03600000, 0x03a50000)
  from space 512K,  22% used [0x03ad0000, 0x03aeccf0, 0x03b50000)
  to   space 512K,   0% used [0x03a50000, 0x03a50000, 0x03ad0000)
 tenured generation   total 10944K, used 4844K [0x08b50000, 0x09600000, 0x13600000)
   the space 10944K,  44% used [0x08b50000, 0x0900b3a0, 0x0900b400, 0x09600000)
 Metaspace       used 8079K, capacity 8283K, committed 8448K, reserved 8576K
}
Event: 56.810 GC heap before
{Heap before GC invocations=21 (full 0):
 def new generation   total 4928K, used 4531K [0x03600000, 0x03b50000, 0x08b50000)
  eden space 4416K, 100% used [0x03600000, 0x03a50000, 0x03a50000)
  from space 512K,  22% used [0x03ad0000, 0x03aeccf0, 0x03b50000)
  to   space 512K,   0% used [0x03a50000, 0x03a50000, 0x03ad0000)
 tenured generation   total 10944K, used 4844K [0x08b50000, 0x09600000, 0x13600000)
   the space 10944K,  44% used [0x08b50000, 0x0900b3a0, 0x0900b400, 0x09600000)
 Metaspace       used 8079K, capacity 8315K, committed 8448K, reserved 8576K
Event: 56.813 GC heap after
Heap after GC invocations=22 (full 0):
 def new generation   total 4928K, used 259K [0x03600000, 0x03b50000, 0x08b50000)
  eden space 4416K,   0% used [0x03600000, 0x03600000, 0x03a50000)
  from space 512K,  50% used [0x03a50000, 0x03a90f20, 0x03ad0000)
  to   space 512K,   0% used [0x03ad0000, 0x03ad0000, 0x03b50000)
 tenured generation   total 10944K, used 4844K [0x08b50000, 0x09600000, 0x13600000)
   the space 10944K,  44% used [0x08b50000, 0x0900b3a0, 0x0900b400, 0x09600000)
 Metaspace       used 8079K, capacity 8315K, committed 8448K, reserved 8576K
}
Event: 59.513 GC heap before
{Heap before GC invocations=22 (full 0):
 def new generation   total 4928K, used 4675K [0x03600000, 0x03b50000, 0x08b50000)
  eden space 4416K, 100% used [0x03600000, 0x03a50000, 0x03a50000)
  from space 512K,  50% used [0x03a50000, 0x03a90f20, 0x03ad0000)
  to   space 512K,   0% used [0x03ad0000, 0x03ad0000, 0x03b50000)
 tenured generation   total 10944K, used 4844K [0x08b50000, 0x09600000, 0x13600000)
   the space 10944K,  44% used [0x08b50000, 0x0900b3a0, 0x0900b400, 0x09600000)
 Metaspace       used 8079K, capacity 8315K, committed 8448K, reserved 8576K
Event: 59.516 GC heap after
Heap after GC invocations=23 (full 0):
 def new generation   total 4928K, used 447K [0x03600000, 0x03b50000, 0x08b50000)
  eden space 4416K,   0% used [0x03600000, 0x03600000, 0x03a50000)
  from space 512K,  87% used [0x03ad0000, 0x03b3fe28, 0x03b50000)
  to   space 512K,   0% used [0x03a50000, 0x03a50000, 0x03ad0000)
 tenured generation   total 10944K, used 4844K [0x08b50000, 0x09600000, 0x13600000)
   the space 10944K,  44% used [0x08b50000, 0x0900b3a0, 0x0900b400, 0x09600000)
 Metaspace       used 8079K, capacity 8315K, committed 8448K, reserved 8576K
}
Event: 62.372 GC heap before
{Heap before GC invocations=23 (full 0):
 def new generation   total 4928K, used 4863K [0x03600000, 0x03b50000, 0x08b50000)
  eden space 4416K, 100% used [0x03600000, 0x03a50000, 0x03a50000)
  from space 512K,  87% used [0x03ad0000, 0x03b3fe28, 0x03b50000)
  to   space 512K,   0% used [0x03a50000, 0x03a50000, 0x03ad0000)
 tenured generation   total 10944K, used 4844K [0x08b50000, 0x09600000, 0x13600000)
   the space 10944K,  44% used [0x08b50000, 0x0900b3a0, 0x0900b400, 0x09600000)
 Metaspace       used 8079K, capacity 8315K, committed 8448K, reserved 8576K
Event: 62.375 GC heap after
Heap after GC invocations=24 (full 0):
 def new generation   total 4928K, used 49K [0x03600000, 0x03b50000, 0x08b50000)
  eden space 4416K,   0% used [0x03600000, 0x03600000, 0x03a50000)
  from space 512K,   9% used [0x03a50000, 0x03a5c6d0, 0x03ad0000)
  to   space 512K,   0% used [0x03ad0000, 0x03ad0000, 0x03b50000)
 tenured generation   total 10944K, used 5124K [0x08b50000, 0x09600000, 0x13600000)
   the space 10944K,  46% used [0x08b50000, 0x090510e8, 0x09051200, 0x09600000)
 Metaspace       used 8079K, capacity 8315K, committed 8448K, reserved 8576K
}
Event: 65.404 GC heap before
{Heap before GC invocations=24 (full 0):
 def new generation   total 4928K, used 4465K [0x03600000, 0x03b50000, 0x08b50000)
  eden space 4416K, 100% used [0x03600000, 0x03a50000, 0x03a50000)
  from space 512K,   9% used [0x03a50000, 0x03a5c6d0, 0x03ad0000)
  to   space 512K,   0% used [0x03ad0000, 0x03ad0000, 0x03b50000)
 tenured generation   total 10944K, used 5124K [0x08b50000, 0x09600000, 0x13600000)
   the space 10944K,  46% used [0x08b50000, 0x090510e8, 0x09051200, 0x09600000)
 Metaspace       used 8243K, capacity 8475K, committed 8576K, reserved 8576K
Event: 65.410 GC heap after
Heap after GC invocations=25 (full 0):
 def new generation   total 4928K, used 342K [0x03600000, 0x03b50000, 0x08b50000)
  eden space 4416K,   0% used [0x03600000, 0x03600000, 0x03a50000)
  from space 512K,  66% used [0x03ad0000, 0x03b25a40, 0x03b50000)
  to   space 512K,   0% used [0x03a50000, 0x03a50000, 0x03ad0000)
 tenured generation   total 10944K, used 5124K [0x08b50000, 0x09600000, 0x13600000)
   the space 10944K,  46% used [0x08b50000, 0x090510e8, 0x09051200, 0x09600000)
 Metaspace       used 8243K, capacity 8475K, committed 8576K, reserved 8576K
}

Deoptimization events (0 events):
No events

Internal exceptions (10 events):
Event: 44.243 Thread 0x13c31400 Exception <a 'java/lang/InterruptedException': sleep interrupted> (0x038438f0) thrown at [C:\re\workspace\8-2-build-windows-i586-cygwin\jdk8u40\3098\hotspot\src\share\vm\prims\jvm.cpp, line 3163]
Event: 44.268 Thread 0x146fc800 Exception <a 'java/lang/InterruptedException': sleep interrupted> (0x038195b8) thrown at [C:\re\workspace\8-2-build-windows-i586-cygwin\jdk8u40\3098\hotspot\src\share\vm\prims\jvm.cpp, line 3163]
Event: 45.413 Thread 0x146fc800 Exception <a 'java/lang/InterruptedException': sleep interrupted> (0x039c84e0) thrown at [C:\re\workspace\8-2-build-windows-i586-cygwin\jdk8u40\3098\hotspot\src\share\vm\prims\jvm.cpp, line 3163]
Event: 45.441 Thread 0x13c31400 Exception <a 'java/lang/InterruptedException': sleep interrupted> (0x039f80d0) thrown at [C:\re\workspace\8-2-build-windows-i586-cygwin\jdk8u40\3098\hotspot\src\share\vm\prims\jvm.cpp, line 3163]
Event: 57.045 Thread 0x146fc800 Exception <a 'java/lang/InterruptedException': sleep interrupted> (0x03698250) thrown at [C:\re\workspace\8-2-build-windows-i586-cygwin\jdk8u40\3098\hotspot\src\share\vm\prims\jvm.cpp, line 3163]
Event: 57.045 Thread 0x13b65000 Exception <a 'java/lang/InterruptedException': sleep interrupted> (0x0368f410) thrown at [C:\re\workspace\8-2-build-windows-i586-cygwin\jdk8u40\3098\hotspot\src\share\vm\prims\jvm.cpp, line 3163]
Event: 58.170 Thread 0x13b65000 Exception <a 'java/lang/InterruptedException': sleep interrupted> (0x0380df08) thrown at [C:\re\workspace\8-2-build-windows-i586-cygwin\jdk8u40\3098\hotspot\src\share\vm\prims\jvm.cpp, line 3163]
Event: 58.192 Thread 0x146fc800 Exception <a 'java/lang/InterruptedException': sleep interrupted> (0x03842490) thrown at [C:\re\workspace\8-2-build-windows-i586-cygwin\jdk8u40\3098\hotspot\src\share\vm\prims\jvm.cpp, line 3163]
Event: 63.861 Thread 0x146fc800 Exception <a 'java/lang/InterruptedException': sleep interrupted> (0x03883218) thrown at [C:\re\workspace\8-2-build-windows-i586-cygwin\jdk8u40\3098\hotspot\src\share\vm\prims\jvm.cpp, line 3163]
Event: 63.896 Thread 0x13b65000 Exception <a 'java/lang/InterruptedException': sleep interrupted> (0x038a5b68) thrown at [C:\re\workspace\8-2-build-windows-i586-cygwin\jdk8u40\3098\hotspot\src\share\vm\prims\jvm.cpp, line 3163]

Events (10 events):
Event: 65.921 loading class com/sun/jna/FunctionParameterContext
Event: 65.921 loading class com/sun/jna/FunctionParameterContext done
Event: 65.923 loading class java/lang/SecurityException
Event: 65.923 loading class java/lang/SecurityException done
Event: 65.924 loading class com/sun/jna/MethodResultContext
Event: 65.924 loading class com/sun/jna/MethodResultContext done
Event: 65.925 loading class com/sun/jna/FunctionResultContext
Event: 65.926 loading class com/sun/jna/FunctionResultContext done
Event: 65.931 loading class com/sun/jna/Library
Event: 65.931 loading class com/sun/jna/Library done


Dynamic libraries:
0x00040000 - 0x00073000 	C:\Program Files\Java\jre1.8.0_40\bin\javaw.exe
0x77e40000 - 0x77fa9000 	C:\Windows\SYSTEM32\ntdll.dll
0x75e30000 - 0x75f30000 	C:\Windows\system32\KERNEL32.DLL
0x75980000 - 0x75a59000 	C:\Windows\system32\KERNELBASE.dll
0x745c0000 - 0x74660000 	C:\Windows\system32\apphelp.dll
0x50b10000 - 0x50d75000 	C:\Windows\AppPatch\AcGenral.DLL
0x75cd0000 - 0x75d93000 	C:\Windows\system32\msvcrt.dll
0x77d20000 - 0x77d61000 	C:\Windows\SYSTEM32\sechost.dll
0x75530000 - 0x75554000 	C:\Windows\SYSTEM32\SspiCli.dll
0x75ab0000 - 0x75af5000 	C:\Windows\system32\SHLWAPI.dll
0x74680000 - 0x7476e000 	C:\Windows\SYSTEM32\UxTheme.dll
0x764c0000 - 0x76615000 	C:\Windows\system32\USER32.dll
0x76310000 - 0x76422000 	C:\Windows\system32\GDI32.dll
0x67cf0000 - 0x67d13000 	C:\Windows\SYSTEM32\WINMM.dll
0x70820000 - 0x70833000 	C:\Windows\SYSTEM32\samcli.dll
0x75b00000 - 0x75c28000 	C:\Windows\system32\ole32.dll
0x77b60000 - 0x77bf5000 	C:\Windows\system32\OLEAUT32.dll
0x669a0000 - 0x669b7000 	C:\Windows\SYSTEM32\MSACM32.dll
0x6fc10000 - 0x6fc18000 	C:\Windows\SYSTEM32\VERSION.dll
0x768b0000 - 0x77b5c000 	C:\Windows\system32\SHELL32.dll
0x74e10000 - 0x74e2b000 	C:\Windows\SYSTEM32\USERENV.dll
0x73f70000 - 0x73f8a000 	C:\Windows\SYSTEM32\dwmapi.dll
0x6f600000 - 0x6f74b000 	C:\Windows\SYSTEM32\urlmon.dll
0x767a0000 - 0x7681c000 	C:\Windows\system32\ADVAPI32.dll
0x6a130000 - 0x6a195000 	C:\Windows\SYSTEM32\WINSPOOL.DRV
0x6a040000 - 0x6a056000 	C:\Windows\SYSTEM32\MPR.dll
0x77d70000 - 0x77e40000 	C:\Windows\system32\RPCRT4.dll
0x76620000 - 0x7679d000 	C:\Windows\SYSTEM32\combase.dll
0x67c80000 - 0x67ca3000 	C:\Windows\SYSTEM32\WINMMBASE.dll
0x75660000 - 0x7566f000 	C:\Windows\SYSTEM32\profapi.dll
0x6f750000 - 0x6f982000 	C:\Windows\SYSTEM32\iertutil.dll
0x6fa30000 - 0x6fc05000 	C:\Windows\SYSTEM32\WININET.dll
0x756e0000 - 0x7571c000 	C:\Windows\SYSTEM32\cfgmgr32.dll
0x747e0000 - 0x74801000 	C:\Windows\SYSTEM32\DEVOBJ.dll
0x76430000 - 0x764bb000 	C:\Windows\system32\SHCORE.DLL
0x75ca0000 - 0x75cc6000 	C:\Windows\system32\IMM32.DLL
0x77c00000 - 0x77d12000 	C:\Windows\system32\MSCTF.dll
0x73d60000 - 0x73f66000 	C:\Windows\WinSxS\x86_microsoft.windows.common-controls_6595b64144ccf1df_6.0.9600.17415_none_a9ed7f470139b3c1\COMCTL32.dll
0x56460000 - 0x5651f000 	C:\Program Files\Java\jre1.8.0_40\bin\msvcr100.dll
0x54a10000 - 0x54dd0000 	C:\Program Files\Java\jre1.8.0_40\bin\client\jvm.dll
0x6fcf0000 - 0x6fcf8000 	C:\Windows\SYSTEM32\WSOCK32.dll
0x75e20000 - 0x75e26000 	C:\Windows\system32\PSAPI.DLL
0x75a60000 - 0x75ab0000 	C:\Windows\system32\WS2_32.dll
0x76190000 - 0x76197000 	C:\Windows\system32\NSI.dll
0x70120000 - 0x7012c000 	C:\Program Files\Java\jre1.8.0_40\bin\verify.dll
0x6a930000 - 0x6a951000 	C:\Program Files\Java\jre1.8.0_40\bin\java.dll
0x6a6d0000 - 0x6a6e3000 	C:\Program Files\Java\jre1.8.0_40\bin\zip.dll
0x509c0000 - 0x50b05000 	C:\Program Files\Java\jre1.8.0_40\bin\awt.dll
0x74810000 - 0x74819000 	C:\Windows\SYSTEM32\kernel.appcore.dll
0x755c0000 - 0x755ca000 	C:\Windows\SYSTEM32\CRYPTBASE.dll
0x75560000 - 0x755b4000 	C:\Windows\SYSTEM32\bcryptPrimitives.dll
0x69db0000 - 0x69de9000 	C:\Program Files\Java\jre1.8.0_40\bin\fontmanager.dll
0x6a630000 - 0x6a645000 	C:\Program Files\Java\jre1.8.0_40\bin\net.dll
0x75040000 - 0x7508b000 	C:\Windows\system32\mswsock.dll
0x76820000 - 0x768ad000 	C:\Windows\SYSTEM32\clbcatq.dll
0x73a20000 - 0x73b8b000 	C:\Windows\SYSTEM32\WindowsCodecs.dll
0x75090000 - 0x750a9000 	C:\Windows\SYSTEM32\CRYPTSP.dll
0x74cd0000 - 0x74d00000 	C:\Windows\system32\rsaenh.dll
0x752d0000 - 0x752f0000 	C:\Windows\SYSTEM32\bcrypt.dll
0x6aec0000 - 0x6aecf000 	C:\Program Files\Java\jre1.8.0_40\bin\nio.dll
0x61a80000 - 0x61ab0000 	C:\Program Files\Java\jre1.8.0_40\bin\t2k.dll
0x68d60000 - 0x68d73000 	C:\Users\David\Downloads\FANN\bin\fannfloat.dll
0x71000000 - 0x71020000 	C:\Windows\SYSTEM32\IPHLPAPI.DLL
0x71570000 - 0x71578000 	C:\Windows\SYSTEM32\WINNSI.DLL
0x70d10000 - 0x70d23000 	C:\Windows\SYSTEM32\dhcpcsvc6.DLL
0x71470000 - 0x71484000 	C:\Windows\SYSTEM32\dhcpcsvc.DLL
0x15560000 - 0x155b5000 	C:\Users\David\AppData\Local\Temp\jna5507178184522058746.dll
0x64bc0000 - 0x64d01000 	C:\Windows\SYSTEM32\dbghelp.dll

VM Arguments:
jvm_args: -Dfile.encoding=Cp1252 
java_command: Main
java_class_path (initial): C:\Users\David\Documents\GitHub\SistemasInteligentes\Desktop App\Inteligentes\bin;C:\Users\David\Documents\GitHub\SistemasInteligentes\Desktop App\Inteligentes\mysql-connector-java-3.0.17-ga-bin.jar;C:\Users\David\Documents\GitHub\SistemasInteligentes\Desktop App\Inteligentes\jna.jar;C:\Users\David\Documents\GitHub\SistemasInteligentes\Desktop App\Inteligentes\fannj-0.6.jar
Launcher Type: SUN_STANDARD

Environment Variables:
JAVA_HOME=C:\Program Files\Java\jdk1.8.0_40\bin
PATH=C:/Program Files/Java/jre1.8.0_40/bin/client;C:/Program Files/Java/jre1.8.0_40/bin;C:/Program Files/Java/jre1.8.0_40/lib/i386;C:\ProgramData\Oracle\Java\javapath;C:\Windows\system32;C:\Windows;C:\Windows\System32\Wbem;C:\Windows\System32\WindowsPowerShell\v1.0\;C:\Program Files\Java\jdk1.8.0_40\bin;C:\Program Files\Skype\Phone\;C:\Program Files\SourceGear\Common\DiffMerge\;C:\Program Files\Eclipse-Luna-Java\eclipse;
USERNAME=David
OS=Windows_NT
PROCESSOR_IDENTIFIER=x86 Family 6 Model 69 Stepping 1, GenuineIntel



---------------  S Y S T E M  ---------------

OS: Windows 8.1 Build 9600 (6.3.9600.17415)

CPU:total 2 (2 cores per cpu, 1 threads per core) family 6 model 69 stepping 1, cmov, cx8, fxsr, mmx, sse, sse2, sse3, ssse3, sse4.1, sse4.2, popcnt, clmul, erms, lzcnt, tsc, tscinvbit

Memory: 4k page, physical 1972588k(601080k free), swap 3217772k(1426892k free)

vm_info: Java HotSpot(TM) Client VM (25.40-b25) for windows-x86 JRE (1.8.0_40-b26), built on Mar  7 2015 13:51:08 by "java_re" with MS VC++ 10.0 (VS2010)

time: Mon Apr 13 15:15:22 2015
elapsed time: 66 seconds (0d 0h 1m 6s)

